TD3 Agent Configuration:
hidden_units: [400, 300]
conv_layers: None
gamma: 0.99
load_best: False
replay_buffer_size: 200000
batch_size: 100
exploration_noise: 0.1
policy_noise: 0.2
noise_clip: 0.5
policy_delay: 2
actor_lr: 0.001
critic_lr: 0.001
tau: 0.005

Train Configuration:
gradient_steps: 1
max_episodes: 3000
warmup_steps: 15000
print_interval: 25
checkpoint_interval: 50
test_episodes: 25
save_replay_buffer: False
evaluation_interval: 10

Environment Seed: None

Starting TD3 Training

No pre-trained model found, training from scratch.

Episode 25 - Reward: -435.30 - Steps: 25001
Episode 50 - Reward: 3020.03 - Steps: 50001
Episode 75 - Reward: 3396.40 - Steps: 75001
Episode 100 - Reward: 3628.74 - Steps: 100001
Episode 125 - Reward: 3971.14 - Steps: 125001
Episode 150 - Reward: 3962.63 - Steps: 150001
Episode 175 - Reward: 3909.39 - Steps: 175001
Episode 200 - Reward: 4333.38 - Steps: 200001
Episode 225 - Reward: 3918.97 - Steps: 225001
Episode 250 - Reward: 4323.14 - Steps: 250001
Episode 275 - Reward: 4381.59 - Steps: 275001
Episode 300 - Reward: 4496.05 - Steps: 300001
Episode 325 - Reward: 4687.49 - Steps: 325001
Episode 350 - Reward: 4807.56 - Steps: 350001
Episode 375 - Reward: 4914.84 - Steps: 375001
Episode 400 - Reward: 5027.54 - Steps: 400001
Episode 425 - Reward: 4886.58 - Steps: 425001
Episode 450 - Reward: 4816.74 - Steps: 450001
Episode 475 - Reward: 5036.40 - Steps: 475001
Episode 500 - Reward: 4893.41 - Steps: 500001
Episode 525 - Reward: 5212.59 - Steps: 525001
Episode 550 - Reward: 5265.91 - Steps: 550001
Episode 575 - Reward: 5089.68 - Steps: 575001
Episode 600 - Reward: 5268.36 - Steps: 600001
Episode 625 - Reward: 5448.08 - Steps: 625001
Episode 650 - Reward: 5156.01 - Steps: 650001
Episode 675 - Reward: 5169.65 - Steps: 675001
Episode 700 - Reward: 5098.57 - Steps: 700001
Episode 725 - Reward: 5428.58 - Steps: 725001
Episode 750 - Reward: 5290.54 - Steps: 750001
Episode 775 - Reward: 5415.36 - Steps: 775001
Episode 800 - Reward: 5440.44 - Steps: 800001
Episode 825 - Reward: 5537.37 - Steps: 825001
Episode 850 - Reward: 5499.23 - Steps: 850001
Episode 875 - Reward: 5376.67 - Steps: 875001
Episode 900 - Reward: 5433.54 - Steps: 900001
Episode 925 - Reward: 5724.69 - Steps: 925001
Episode 950 - Reward: 5782.10 - Steps: 950001
Episode 975 - Reward: 5679.93 - Steps: 975001
Episode 1000 - Reward: 5743.19 - Steps: 1000001
Episode 1025 - Reward: 5902.90 - Steps: 1025001
Episode 1050 - Reward: 904.41 - Steps: 1050001
Episode 1075 - Reward: 6146.65 - Steps: 1075001
Episode 1100 - Reward: 5964.30 - Steps: 1100001
Episode 1125 - Reward: 5957.02 - Steps: 1125001
Episode 1150 - Reward: 5772.83 - Steps: 1150001
Episode 1175 - Reward: 6175.16 - Steps: 1175001
Episode 1200 - Reward: 5928.04 - Steps: 1200001
Episode 1225 - Reward: 5967.46 - Steps: 1225001
Episode 1250 - Reward: 6018.16 - Steps: 1250001
Episode 1275 - Reward: 6286.31 - Steps: 1275001
Episode 1300 - Reward: 6274.54 - Steps: 1300001
Episode 1325 - Reward: 6341.42 - Steps: 1325001
Episode 1350 - Reward: 6181.59 - Steps: 1350001
Episode 1375 - Reward: 6168.99 - Steps: 1375001
Episode 1400 - Reward: 6428.09 - Steps: 1400001
Episode 1425 - Reward: 6190.77 - Steps: 1425001
Episode 1450 - Reward: 6240.94 - Steps: 1450001
Episode 1475 - Reward: 6250.81 - Steps: 1475001
Episode 1500 - Reward: 6380.83 - Steps: 1500001
Episode 1525 - Reward: 6458.26 - Steps: 1525001
Episode 1550 - Reward: 6542.41 - Steps: 1550001
Episode 1575 - Reward: 6361.78 - Steps: 1575001
Episode 1600 - Reward: 6343.80 - Steps: 1600001
Episode 1625 - Reward: 6405.98 - Steps: 1625001
Episode 1650 - Reward: 6274.54 - Steps: 1650001
Episode 1675 - Reward: 6482.11 - Steps: 1675001
Episode 1700 - Reward: 6313.25 - Steps: 1700001
Episode 1725 - Reward: 6523.54 - Steps: 1725001
Episode 1750 - Reward: 6429.58 - Steps: 1750001
Episode 1775 - Reward: 6725.68 - Steps: 1775001
Episode 1800 - Reward: 6668.72 - Steps: 1800001
Episode 1825 - Reward: 6919.28 - Steps: 1825001
Episode 1850 - Reward: 6754.28 - Steps: 1850001
Episode 1875 - Reward: 6818.92 - Steps: 1875001
Episode 1900 - Reward: 6508.64 - Steps: 1900001
Episode 1925 - Reward: 7097.43 - Steps: 1925001
Episode 1950 - Reward: 6765.48 - Steps: 1950001
Episode 1975 - Reward: 6967.53 - Steps: 1975001
Episode 2000 - Reward: 6693.42 - Steps: 2000001
Episode 2025 - Reward: 7051.36 - Steps: 2025001
Episode 2050 - Reward: 7091.70 - Steps: 2050001
Episode 2075 - Reward: 7108.85 - Steps: 2075001
Episode 2100 - Reward: 6919.31 - Steps: 2100001
Episode 2125 - Reward: 7122.98 - Steps: 2125001
Episode 2150 - Reward: 6705.68 - Steps: 2150001
Episode 2175 - Reward: 7201.02 - Steps: 2175001
Episode 2200 - Reward: 7166.23 - Steps: 2200001
Episode 2225 - Reward: 7268.85 - Steps: 2225001
Episode 2250 - Reward: 7089.60 - Steps: 2250001
Episode 2275 - Reward: 7245.75 - Steps: 2275001
Episode 2300 - Reward: 6932.08 - Steps: 2300001
Episode 2325 - Reward: 7025.17 - Steps: 2325001
Episode 2350 - Reward: 7227.27 - Steps: 2350001
Episode 2375 - Reward: 7124.72 - Steps: 2375001
Episode 2400 - Reward: 7197.21 - Steps: 2400001
Episode 2425 - Reward: 7325.46 - Steps: 2425001
Episode 2450 - Reward: 7268.10 - Steps: 2450001
Episode 2475 - Reward: 7310.21 - Steps: 2475001
Episode 2500 - Reward: 6654.12 - Steps: 2500001
Episode 2525 - Reward: 7072.43 - Steps: 2525001
Episode 2550 - Reward: 7065.61 - Steps: 2550001
Episode 2575 - Reward: 7073.39 - Steps: 2575001
Episode 2600 - Reward: 6840.82 - Steps: 2600001
Episode 2625 - Reward: 7137.20 - Steps: 2625001
Episode 2650 - Reward: 6924.42 - Steps: 2650001
Episode 2675 - Reward: 7086.54 - Steps: 2675001
Episode 2700 - Reward: 7262.13 - Steps: 2700001
Episode 2725 - Reward: 7382.78 - Steps: 2725001
Episode 2750 - Reward: 7175.15 - Steps: 2750001
Episode 2775 - Reward: 7259.46 - Steps: 2775001
Episode 2800 - Reward: 6998.45 - Steps: 2800001
Episode 2825 - Reward: 6880.79 - Steps: 2825001
Episode 2850 - Reward: 7232.89 - Steps: 2850001
Episode 2875 - Reward: 7268.10 - Steps: 2875001
Episode 2900 - Reward: 7279.15 - Steps: 2900001
Episode 2925 - Reward: 7159.07 - Steps: 2925001
Episode 2950 - Reward: 7136.27 - Steps: 2950001
Episode 2975 - Reward: 7297.80 - Steps: 2975001
Episode 3000 - Reward: 7311.89 - Steps: 3000001
Training time: 12h 5m 27s
Reward over 25 episodes: 7421.14 ± 0.00
Total Reward of Policy Evaluation: 7421.40
Loaded model with reward: 7311.89
Loaded best agent checkpoint.
Total Reward of Policy Evaluation: 7523.54
