SAC Agent Configuration:
hidden_units: [256, 256]
conv_layers: None
log_std_interval: [-20, 2]
gamma: 0.99
load_best: False
replay_buffer_size: 200000
batch_size: 256
init_temperature: 0.2
actor_lr: 0.0003
critic_lr: 0.0003
temperature_lr: 0.0003
actor_update_freq: 1
critic_target_update_freq: 1
tau: 0.005

Train Configuration:
gradient_steps: 1
max_episodes: 2000
warmup_steps: 15000
print_interval: 20
checkpoint_interval: 50
test_episodes: 25
save_replay_buffer: False
evaluation_interval: 10

Environment Seed: 42

Starting SAC Training

No pre-trained model found, training from scratch.

Episode 20 - Reward: -109.42 - Alpha: 0.20000 - Steps: 9051
Episode 40 - Reward: -100.93 - Alpha: 0.19490 - Steps: 15088
Episode 60 - Reward: -98.06 - Alpha: 0.07444 - Steps: 19069
Episode 80 - Reward: -100.27 - Alpha: 0.05010 - Steps: 20914
Episode 100 - Reward: -97.96 - Alpha: 0.03287 - Steps: 22971
Episode 120 - Reward: -100.61 - Alpha: 0.00873 - Steps: 29261
Episode 140 - Reward: -97.49 - Alpha: 0.00319 - Steps: 34142
Episode 160 - Reward: -72.44 - Alpha: 0.00093 - Steps: 41083
Episode 180 - Reward: -126.36 - Alpha: 0.00084 - Steps: 63856
Episode 200 - Reward: -84.70 - Alpha: 0.00071 - Steps: 69269
Episode 220 - Reward: -118.11 - Alpha: 0.00037 - Steps: 79836
Episode 240 - Reward: -117.99 - Alpha: 0.00024 - Steps: 97913
Episode 260 - Reward: -104.37 - Alpha: 0.00016 - Steps: 109038
Episode 280 - Reward: -137.84 - Alpha: 0.00017 - Steps: 127484
Episode 300 - Reward: -75.30 - Alpha: 0.00015 - Steps: 145796
Episode 320 - Reward: -38.36 - Alpha: 0.00027 - Steps: 175899
Episode 340 - Reward: -42.22 - Alpha: 0.00012 - Steps: 202497
Episode 360 - Reward: 1.99 - Alpha: 0.00023 - Steps: 229959
Episode 380 - Reward: -97.68 - Alpha: 0.00019 - Steps: 234593
Episode 400 - Reward: -98.26 - Alpha: 0.00019 - Steps: 262285
Episode 420 - Reward: 247.02 - Alpha: 0.00025 - Steps: 292634
Episode 440 - Reward: 253.20 - Alpha: 0.00033 - Steps: 306573
Episode 460 - Reward: 265.15 - Alpha: 0.00015 - Steps: 338142
Episode 480 - Reward: 275.73 - Alpha: 0.00028 - Steps: 367747
Episode 500 - Reward: 65.44 - Alpha: 0.00042 - Steps: 389275
Episode 520 - Reward: 279.50 - Alpha: 0.00027 - Steps: 412732
Episode 540 - Reward: 76.63 - Alpha: 0.00037 - Steps: 433819
Episode 560 - Reward: 57.03 - Alpha: 0.00034 - Steps: 457643
Episode 580 - Reward: -14.09 - Alpha: 0.00031 - Steps: 465808
Episode 600 - Reward: 296.89 - Alpha: 0.00036 - Steps: 482767
Episode 620 - Reward: 293.23 - Alpha: 0.00035 - Steps: 502505
Episode 640 - Reward: 298.92 - Alpha: 0.00038 - Steps: 522069
Episode 660 - Reward: -99.39 - Alpha: 0.00049 - Steps: 534815
Episode 680 - Reward: 295.46 - Alpha: 0.00045 - Steps: 553407
Episode 700 - Reward: 299.24 - Alpha: 0.00052 - Steps: 560852
Episode 720 - Reward: 301.03 - Alpha: 0.00040 - Steps: 580453
Episode 740 - Reward: 295.27 - Alpha: 0.00036 - Steps: 589109
Episode 760 - Reward: 303.09 - Alpha: 0.00034 - Steps: 607673
Episode 780 - Reward: 302.85 - Alpha: 0.00026 - Steps: 626334
Episode 800 - Reward: 306.19 - Alpha: 0.00029 - Steps: 644755
Episode 820 - Reward: 305.84 - Alpha: 0.00029 - Steps: 659699
Episode 840 - Reward: 304.80 - Alpha: 0.00032 - Steps: 669749
Episode 860 - Reward: 307.06 - Alpha: 0.00031 - Steps: 687914
Episode 880 - Reward: 305.06 - Alpha: 0.00040 - Steps: 698206
Episode 900 - Reward: 303.38 - Alpha: 0.00029 - Steps: 716835
Episode 920 - Reward: 306.47 - Alpha: 0.00030 - Steps: 734726
Episode 940 - Reward: 307.49 - Alpha: 0.00041 - Steps: 748320
Episode 960 - Reward: 306.04 - Alpha: 0.00054 - Steps: 762239
Episode 980 - Reward: -137.18 - Alpha: 0.00122 - Steps: 777250
Episode 1000 - Reward: 43.93 - Alpha: 0.00139 - Steps: 783051
Episode 1020 - Reward: 307.36 - Alpha: 0.00094 - Steps: 798250
Episode 1040 - Reward: -107.13 - Alpha: 0.00138 - Steps: 804135
Episode 1060 - Reward: -104.59 - Alpha: 0.00134 - Steps: 806093
Episode 1080 - Reward: -33.52 - Alpha: 0.00123 - Steps: 821786
Episode 1100 - Reward: 305.42 - Alpha: 0.00128 - Steps: 838333
Episode 1120 - Reward: 308.95 - Alpha: 0.00087 - Steps: 854815
Episode 1140 - Reward: 306.94 - Alpha: 0.00087 - Steps: 870563
Episode 1160 - Reward: 298.29 - Alpha: 0.00074 - Steps: 886021
Episode 1180 - Reward: 302.88 - Alpha: 0.00083 - Steps: 903607
Episode 1200 - Reward: 308.84 - Alpha: 0.00082 - Steps: 920220
Episode 1220 - Reward: 305.96 - Alpha: 0.00083 - Steps: 937544
Episode 1240 - Reward: 4.44 - Alpha: 0.00075 - Steps: 954285
Episode 1260 - Reward: 312.36 - Alpha: 0.00081 - Steps: 970703
Episode 1280 - Reward: 310.14 - Alpha: 0.00055 - Steps: 988941
Episode 1300 - Reward: -148.64 - Alpha: 0.00249 - Steps: 999374
Episode 1320 - Reward: -94.00 - Alpha: 0.00086 - Steps: 1011524
Episode 1340 - Reward: 271.63 - Alpha: 0.00063 - Steps: 1022690
Episode 1360 - Reward: 311.31 - Alpha: 0.00081 - Steps: 1040518
Episode 1380 - Reward: -106.68 - Alpha: 0.00067 - Steps: 1050448
Episode 1400 - Reward: -121.48 - Alpha: 0.00084 - Steps: 1052025
Episode 1420 - Reward: 303.20 - Alpha: 0.00122 - Steps: 1055365
Episode 1440 - Reward: 310.01 - Alpha: 0.00071 - Steps: 1072262
Episode 1460 - Reward: 307.18 - Alpha: 0.00085 - Steps: 1089416
Episode 1480 - Reward: 310.09 - Alpha: 0.00062 - Steps: 1106273
Episode 1500 - Reward: 304.19 - Alpha: 0.00058 - Steps: 1117722
Episode 1520 - Reward: 312.66 - Alpha: 0.00072 - Steps: 1133350
Episode 1540 - Reward: 310.21 - Alpha: 0.00117 - Steps: 1150094
Episode 1560 - Reward: -124.53 - Alpha: 0.00185 - Steps: 1153127
Episode 1580 - Reward: -105.60 - Alpha: 0.00245 - Steps: 1155751
Episode 1600 - Reward: 299.65 - Alpha: 0.00097 - Steps: 1165050
Episode 1620 - Reward: 301.71 - Alpha: 0.00070 - Steps: 1181128
Episode 1640 - Reward: -116.32 - Alpha: 0.00098 - Steps: 1195033
Episode 1660 - Reward: -104.45 - Alpha: 0.00076 - Steps: 1208089
Episode 1680 - Reward: 308.18 - Alpha: 0.00134 - Steps: 1225436
Episode 1700 - Reward: -126.73 - Alpha: 0.00093 - Steps: 1242517
Episode 1720 - Reward: 5.68 - Alpha: 0.00092 - Steps: 1253620
Episode 1740 - Reward: 310.14 - Alpha: 0.00098 - Steps: 1269947
Episode 1760 - Reward: -168.30 - Alpha: 0.00124 - Steps: 1284294
Episode 1780 - Reward: -119.20 - Alpha: 0.00178 - Steps: 1294268
Episode 1800 - Reward: 309.54 - Alpha: 0.00105 - Steps: 1311595
Episode 1820 - Reward: 310.21 - Alpha: 0.00073 - Steps: 1328368
Episode 1840 - Reward: 314.93 - Alpha: 0.00065 - Steps: 1345055
Episode 1860 - Reward: 313.32 - Alpha: 0.00088 - Steps: 1365209
Episode 1880 - Reward: 310.73 - Alpha: 0.00082 - Steps: 1381222
Episode 1900 - Reward: -108.62 - Alpha: 0.00068 - Steps: 1397663
Episode 1920 - Reward: 312.44 - Alpha: 0.00047 - Steps: 1413939
Episode 1940 - Reward: 129.45 - Alpha: 0.00079 - Steps: 1422363
Episode 1960 - Reward: 308.44 - Alpha: 0.00029 - Steps: 1437843
Episode 1980 - Reward: 309.02 - Alpha: 0.00050 - Steps: 1455029
Episode 2000 - Reward: -115.59 - Alpha: 0.00189 - Steps: 1478699
Training time: 7h 34m 50s
Reward over 25 episodes: -92.09 ± 12.72
Total Reward of Policy Evaluation: -50.01
Loaded model with reward: 312.14 and alpha: 0.00056
Loaded best agent checkpoint.
Total Reward of Policy Evaluation: 312.57
