SAC Agent Configuration:
hidden_units: [256, 256]
conv_layers: None
log_std_interval: [-20, 2]
gamma: 0.99
load_best: False
replay_buffer_size: 200000
batch_size: 256
init_temperature: 0.2
actor_lr: 0.0003
critic_lr: 0.003
temperature_lr: 0.0003
actor_update_freq: 2
critic_target_update_freq: 2
tau: 0.005

Train Configuration:
gradient_steps: 1
max_episodes: 1000
warmup_steps: 15000
print_interval: 20
checkpoint_interval: 50
test_episodes: 25
save_replay_buffer: False

Environment Seed: None

Starting SAC Training

No pre-trained model found, training from scratch.

Episode 20 - Reward: -107.01 - Alpha: 0.20000 - Steps: 9119
Episode 40 - Reward: -115.96 - Alpha: 0.12294 - Steps: 18613
Episode 60 - Reward: -105.12 - Alpha: 0.07379 - Steps: 23051
Episode 80 - Reward: -109.45 - Alpha: 0.02732 - Steps: 32153
Episode 100 - Reward: -117.82 - Alpha: 0.02332 - Steps: 33684
Episode 120 - Reward: -114.92 - Alpha: 0.01492 - Steps: 38049
Episode 140 - Reward: -114.16 - Alpha: 0.01321 - Steps: 39286
Episode 160 - Reward: -104.62 - Alpha: 0.01180 - Steps: 40411
Episode 180 - Reward: -105.96 - Alpha: 0.01034 - Steps: 41692
Episode 200 - Reward: -99.19 - Alpha: 0.00747 - Steps: 44877
Episode 220 - Reward: -101.06 - Alpha: 0.00647 - Steps: 46320
Episode 240 - Reward: -99.13 - Alpha: 0.00338 - Steps: 52726
Episode 260 - Reward: -119.42 - Alpha: 0.00235 - Steps: 56296
Episode 280 - Reward: -114.84 - Alpha: 0.00191 - Steps: 58728
Episode 300 - Reward: -110.01 - Alpha: 0.00149 - Steps: 61966
Episode 320 - Reward: -114.03 - Alpha: 0.00095 - Steps: 67375
Episode 340 - Reward: -128.34 - Alpha: 0.00062 - Steps: 77841
Episode 360 - Reward: -121.08 - Alpha: 0.00105 - Steps: 80071
Episode 380 - Reward: -101.15 - Alpha: 0.00159 - Steps: 82053
Episode 400 - Reward: -118.05 - Alpha: 0.00200 - Steps: 83162
Episode 420 - Reward: -116.26 - Alpha: 0.00251 - Steps: 84139
Episode 440 - Reward: -115.92 - Alpha: 0.00309 - Steps: 85045
Episode 460 - Reward: -121.43 - Alpha: 0.00394 - Steps: 86305
Episode 480 - Reward: -129.63 - Alpha: 0.00518 - Steps: 87740
Episode 500 - Reward: -139.55 - Alpha: 0.00752 - Steps: 89546
Episode 520 - Reward: -140.83 - Alpha: 0.01175 - Steps: 92077
Episode 540 - Reward: -141.73 - Alpha: 0.01635 - Steps: 94383
Episode 560 - Reward: -161.39 - Alpha: 0.02710 - Steps: 98165
Episode 580 - Reward: -186.17 - Alpha: 0.01818 - Steps: 126162
Episode 600 - Reward: -126.34 - Alpha: 0.02326 - Steps: 133462
Episode 620 - Reward: -139.08 - Alpha: 0.02812 - Steps: 147667
Episode 640 - Reward: -120.15 - Alpha: 0.01520 - Steps: 157932
Episode 660 - Reward: -114.09 - Alpha: 0.00894 - Steps: 168176
Episode 680 - Reward: -125.14 - Alpha: 0.00854 - Steps: 169560
Episode 700 - Reward: -126.45 - Alpha: 0.01041 - Steps: 170994
Episode 720 - Reward: -117.43 - Alpha: 0.01488 - Steps: 172476
Episode 740 - Reward: -128.22 - Alpha: 0.02023 - Steps: 174090
Episode 760 - Reward: -136.43 - Alpha: 0.01366 - Steps: 181528
Episode 780 - Reward: -132.57 - Alpha: 0.00208 - Steps: 206678
Episode 800 - Reward: -114.56 - Alpha: 0.00264 - Steps: 227269
Episode 820 - Reward: -118.06 - Alpha: 0.00280 - Steps: 228194
Episode 840 - Reward: -119.93 - Alpha: 0.00285 - Steps: 229062
Episode 860 - Reward: -120.36 - Alpha: 0.00286 - Steps: 229979
Episode 880 - Reward: -117.29 - Alpha: 0.00280 - Steps: 230856
Episode 900 - Reward: -120.36 - Alpha: 0.00291 - Steps: 231714
Episode 920 - Reward: -162.72 - Alpha: 0.00455 - Steps: 249596
Episode 940 - Reward: -118.25 - Alpha: 0.00246 - Steps: 281596
Episode 960 - Reward: -106.73 - Alpha: 0.00093 - Steps: 309192
Episode 980 - Reward: -102.49 - Alpha: 0.00116 - Steps: 310330
Episode 1000 - Reward: -108.57 - Alpha: 0.00106 - Steps: 313918
Training time: 1h 14m 14s
Reward over 25 episodes: -126.23 ± 19.80
Total Reward of Policy Evaluation: -143.58
Loaded model with reward: -99.19 and alpha: 0.00747
Loaded best agent checkpoint.
Total Reward of Policy Evaluation: -103.64
