SAC Agent Configuration:
hidden_units: [256, 256]
conv_layers: None
log_std_interval: [-20, 2]
gamma: 0.99
load_best: False
replay_buffer_size: 200000
batch_size: 256
init_temperature: 0.2
actor_lr: 0.0003
critic_lr: 0.0003
temperature_lr: 0.0003
actor_update_freq: 2
critic_target_update_freq: 2
tau: 0.005

Train Configuration:
gradient_steps: 1
max_episodes: 1000
warmup_steps: 15000
print_interval: 20
checkpoint_interval: 50
test_episodes: 25
save_replay_buffer: False

Environment Seed: None

Starting SAC Training

No pre-trained model found, training from scratch.

Episode 20 - Reward: -95.99 - Alpha: 0.20000 - Steps: 7426
Episode 40 - Reward: -107.44 - Alpha: 0.19898 - Steps: 15034
Episode 60 - Reward: -107.75 - Alpha: 0.13575 - Steps: 17902
Episode 80 - Reward: -106.66 - Alpha: 0.08338 - Steps: 22069
Episode 100 - Reward: -135.72 - Alpha: 0.06914 - Steps: 23780
Episode 120 - Reward: -106.25 - Alpha: 0.04485 - Steps: 27800
Episode 140 - Reward: -100.92 - Alpha: 0.01575 - Steps: 37813
Episode 160 - Reward: -96.77 - Alpha: 0.01076 - Steps: 41461
Episode 180 - Reward: -75.59 - Alpha: 0.00333 - Steps: 52921
Episode 200 - Reward: -122.96 - Alpha: 0.00067 - Steps: 69455
Episode 220 - Reward: -21.55 - Alpha: 0.00038 - Steps: 81653
Episode 240 - Reward: -103.57 - Alpha: 0.00024 - Steps: 107644
Episode 260 - Reward: -95.27 - Alpha: 0.00019 - Steps: 132882
Episode 280 - Reward: -87.36 - Alpha: 0.00032 - Steps: 156588
Episode 300 - Reward: 85.30 - Alpha: 0.00032 - Steps: 183600
Episode 320 - Reward: 286.74 - Alpha: 0.00020 - Steps: 211918
Episode 340 - Reward: 284.68 - Alpha: 0.00017 - Steps: 235325
Episode 360 - Reward: 290.09 - Alpha: 0.00029 - Steps: 258355
Loaded model with reward: 297.63 and alpha: 0.00025
Loaded last checkpoint from episode 350.
Episode 360 - Reward: 293.96 - Alpha: 0.00025 - Steps: 11856
Episode 380 - Reward: -111.82 - Alpha: 0.00025 - Steps: 24101
Episode 400 - Reward: -71.67 - Alpha: 0.00025 - Steps: 34629
Episode 420 - Reward: -96.94 - Alpha: 0.00025 - Steps: 39043
Episode 440 - Reward: -87.10 - Alpha: 0.00025 - Steps: 44090
Episode 460 - Reward: 303.50 - Alpha: 0.00025 - Steps: 60707
Episode 480 - Reward: 79.12 - Alpha: 0.00025 - Steps: 77915
Episode 500 - Reward: 307.08 - Alpha: 0.00025 - Steps: 94184
Episode 520 - Reward: 300.39 - Alpha: 0.00025 - Steps: 107344
Episode 540 - Reward: 311.93 - Alpha: 0.00025 - Steps: 124963
Episode 560 - Reward: -119.28 - Alpha: 0.00025 - Steps: 133598
Episode 580 - Reward: -120.29 - Alpha: 0.00025 - Steps: 134438
Episode 600 - Reward: -121.86 - Alpha: 0.00025 - Steps: 135400
Episode 620 - Reward: -5.50 - Alpha: 0.00025 - Steps: 140107
Episode 640 - Reward: 306.88 - Alpha: 0.00025 - Steps: 164784
Episode 660 - Reward: 311.74 - Alpha: 0.00025 - Steps: 182367
Episode 680 - Reward: 313.80 - Alpha: 0.00025 - Steps: 199895
Episode 700 - Reward: 306.36 - Alpha: 0.00025 - Steps: 215968
Episode 720 - Reward: 313.89 - Alpha: 0.00025 - Steps: 232431
Episode 740 - Reward: 313.84 - Alpha: 0.00025 - Steps: 248625
Episode 760 - Reward: 314.49 - Alpha: 0.00025 - Steps: 265051
Episode 780 - Reward: 312.12 - Alpha: 0.00025 - Steps: 276698
Episode 800 - Reward: 306.35 - Alpha: 0.00025 - Steps: 293914
Episode 820 - Reward: 316.46 - Alpha: 0.00025 - Steps: 309652
Episode 840 - Reward: 318.35 - Alpha: 0.00025 - Steps: 321363
Episode 860 - Reward: 316.24 - Alpha: 0.00025 - Steps: 337161
Episode 880 - Reward: 314.27 - Alpha: 0.00025 - Steps: 351537
Episode 900 - Reward: 312.69 - Alpha: 0.00025 - Steps: 366748
Episode 920 - Reward: -102.99 - Alpha: 0.00025 - Steps: 374240
Episode 940 - Reward: -133.77 - Alpha: 0.00025 - Steps: 378938
Episode 960 - Reward: -28.52 - Alpha: 0.00025 - Steps: 389200
Episode 980 - Reward: 308.68 - Alpha: 0.00025 - Steps: 403583
Episode 1000 - Reward: 314.48 - Alpha: 0.00025 - Steps: 417745
Training time: 2h 1m 22s
Reward over 25 episodes: 271.99 ± 116.34
Total Reward of Policy Evaluation: 312.99
Loaded model with reward: 318.56 and alpha: 0.00025
Loaded best agent checkpoint.
Total Reward of Policy Evaluation: 315.54
