SAC Agent Configuration:
hidden_units: [256, 256]
conv_layers: None
log_std_interval: [-20, 2]
gamma: 0.99
load_best: False
replay_buffer_size: 200000
batch_size: 256
init_temperature: 0.2
actor_lr: 0.0003
critic_lr: 0.0003
temperature_lr: 0.0003
actor_update_freq: 2
critic_target_update_freq: 2
tau: 0.005

Train Configuration:
gradient_steps: 1
max_episodes: 1000
warmup_steps: 15000
print_interval: 20
checkpoint_interval: 50
test_episodes: 25
save_replay_buffer: False

Environment Seed: 42

Starting SAC Training

No pre-trained model found, training from scratch.

Episode 20 - Reward: -107.12 - Alpha: 0.20000 - Steps: 9265
Episode 40 - Reward: -98.46 - Alpha: 0.20000 - Steps: 13665
Episode 60 - Reward: -102.99 - Alpha: 0.13064 - Steps: 18269
Episode 80 - Reward: -105.77 - Alpha: 0.08555 - Steps: 21926
Episode 100 - Reward: -104.78 - Alpha: 0.07242 - Steps: 23465
Episode 120 - Reward: -110.28 - Alpha: 0.06081 - Steps: 25152
Episode 140 - Reward: -100.49 - Alpha: 0.05042 - Steps: 26933
Episode 160 - Reward: -70.42 - Alpha: 0.01164 - Steps: 40696
Episode 180 - Reward: -104.39 - Alpha: 0.00191 - Steps: 59731
Episode 200 - Reward: -120.82 - Alpha: 0.00170 - Steps: 61597
Episode 220 - Reward: -99.67 - Alpha: 0.00169 - Steps: 63260
Episode 240 - Reward: -117.18 - Alpha: 0.00248 - Steps: 65524
Episode 260 - Reward: -113.74 - Alpha: 0.00332 - Steps: 66982
Episode 280 - Reward: -114.47 - Alpha: 0.00426 - Steps: 68363
Episode 300 - Reward: -115.32 - Alpha: 0.00528 - Steps: 69542
Episode 320 - Reward: -121.12 - Alpha: 0.00601 - Steps: 70481
Episode 340 - Reward: -125.98 - Alpha: 0.00705 - Steps: 71553
Episode 360 - Reward: -113.96 - Alpha: 0.00844 - Steps: 72819
Episode 380 - Reward: -138.48 - Alpha: 0.00921 - Steps: 73958
Episode 400 - Reward: -145.60 - Alpha: 0.00769 - Steps: 79470
Loaded model with reward: -145.60 and alpha: 0.00769
Loaded last checkpoint from episode 400.
Episode 420 - Reward: -144.49 - Alpha: 0.00769 - Steps: 8255
Episode 440 - Reward: -248.83 - Alpha: 0.00769 - Steps: 18203
Episode 460 - Reward: -126.48 - Alpha: 0.00769 - Steps: 26274
Episode 480 - Reward: -109.14 - Alpha: 0.00769 - Steps: 39655
Episode 500 - Reward: -114.10 - Alpha: 0.00769 - Steps: 58463
Episode 520 - Reward: -127.57 - Alpha: 0.00769 - Steps: 79953
Episode 540 - Reward: -146.47 - Alpha: 0.00769 - Steps: 105454
Episode 560 - Reward: -162.46 - Alpha: 0.00769 - Steps: 129518
Episode 580 - Reward: -133.88 - Alpha: 0.00769 - Steps: 157696
Episode 600 - Reward: -101.41 - Alpha: 0.00769 - Steps: 186647
Episode 620 - Reward: -102.22 - Alpha: 0.00769 - Steps: 188332
Episode 640 - Reward: -100.08 - Alpha: 0.00769 - Steps: 189819
Episode 660 - Reward: -121.04 - Alpha: 0.00769 - Steps: 193729
Episode 680 - Reward: -42.43 - Alpha: 0.00769 - Steps: 222838
Episode 700 - Reward: -68.92 - Alpha: 0.00769 - Steps: 246844
Episode 720 - Reward: -131.33 - Alpha: 0.00769 - Steps: 273801
Episode 740 - Reward: -86.30 - Alpha: 0.00769 - Steps: 298957
Episode 760 - Reward: -108.46 - Alpha: 0.00769 - Steps: 319366
Episode 780 - Reward: -146.33 - Alpha: 0.00769 - Steps: 328101
Episode 800 - Reward: -126.44 - Alpha: 0.00769 - Steps: 335358
Episode 820 - Reward: -38.68 - Alpha: 0.00769 - Steps: 344448
Episode 840 - Reward: -73.69 - Alpha: 0.00769 - Steps: 365584
Episode 860 - Reward: -8.44 - Alpha: 0.00769 - Steps: 383666
Episode 880 - Reward: 152.17 - Alpha: 0.00769 - Steps: 407524
Episode 900 - Reward: 200.01 - Alpha: 0.00769 - Steps: 429203
Episode 920 - Reward: 212.95 - Alpha: 0.00769 - Steps: 458797
Episode 940 - Reward: 270.06 - Alpha: 0.00769 - Steps: 483777
Episode 960 - Reward: 277.07 - Alpha: 0.00769 - Steps: 507557
Episode 980 - Reward: 279.91 - Alpha: 0.00769 - Steps: 528152
Episode 1000 - Reward: 281.07 - Alpha: 0.00769 - Steps: 546161
Training time: 2h 58m 11s
Reward over 25 episodes: 269.87 ± 43.10
Total Reward of Policy Evaluation: 279.04
Loaded model with reward: 281.07 and alpha: 0.00769
Loaded best agent checkpoint.
Total Reward of Policy Evaluation: 278.61
