SAC Agent Configuration:
hidden_units: [256, 256]
conv_layers: None
log_std_interval: [-20, 2]
gamma: 0.99
load_best: False
replay_buffer_size: 200000
batch_size: 256
init_temperature: 0.2
actor_lr: 0.0003
critic_lr: 0.0003
temperature_lr: 0.0003
actor_update_freq: 1
critic_target_update_freq: 1
tau: 0.005

Train Configuration:
gradient_steps: 1
max_episodes: 1000
warmup_steps: 15000
print_interval: 20
checkpoint_interval: 50
test_episodes: 25
save_replay_buffer: False

Environment Seed: 42

Starting SAC Training

No pre-trained model found, training from scratch.

Episode 20 - Reward: -107.12 - Alpha: 0.20000 - Steps: 9265
Episode 40 - Reward: -98.46 - Alpha: 0.20000 - Steps: 13665
Episode 60 - Reward: -106.60 - Alpha: 0.09342 - Steps: 18093
Episode 80 - Reward: -107.68 - Alpha: 0.06387 - Steps: 19829
Episode 100 - Reward: -102.21 - Alpha: 0.04600 - Steps: 21416
Episode 120 - Reward: -66.57 - Alpha: 0.01087 - Steps: 28603
Episode 140 - Reward: -113.31 - Alpha: 0.00201 - Steps: 55620
Episode 160 - Reward: -158.23 - Alpha: 0.00094 - Steps: 61616
Episode 180 - Reward: -178.77 - Alpha: 0.00021 - Steps: 73805
Episode 200 - Reward: -158.52 - Alpha: 0.00011 - Steps: 90113
Episode 220 - Reward: -186.73 - Alpha: 0.00013 - Steps: 119837
Episode 240 - Reward: -78.47 - Alpha: 0.00015 - Steps: 149222
Episode 260 - Reward: -42.27 - Alpha: 0.00007 - Steps: 170008
Episode 280 - Reward: -15.68 - Alpha: 0.00008 - Steps: 197406
Episode 300 - Reward: -100.58 - Alpha: 0.00006 - Steps: 226544
Episode 320 - Reward: -35.13 - Alpha: 0.00003 - Steps: 242461
Episode 340 - Reward: -63.10 - Alpha: 0.00010 - Steps: 261630
Episode 360 - Reward: -88.42 - Alpha: 0.00009 - Steps: 285028
Episode 380 - Reward: -96.88 - Alpha: 0.00023 - Steps: 296936
Episode 400 - Reward: -95.61 - Alpha: 0.00009 - Steps: 318269
Episode 420 - Reward: -27.68 - Alpha: 0.00016 - Steps: 339026
Episode 440 - Reward: -119.60 - Alpha: 0.00019 - Steps: 348414
Episode 460 - Reward: -125.85 - Alpha: 0.00062 - Steps: 352071
Episode 480 - Reward: -200.16 - Alpha: 0.00114 - Steps: 359689
Episode 500 - Reward: 47.37 - Alpha: 0.00051 - Steps: 377710
Episode 520 - Reward: 72.97 - Alpha: 0.00034 - Steps: 398290
Episode 540 - Reward: 157.15 - Alpha: 0.00036 - Steps: 419436
Episode 560 - Reward: 300.42 - Alpha: 0.00077 - Steps: 437975
Episode 580 - Reward: -129.95 - Alpha: 0.00142 - Steps: 445600
Episode 600 - Reward: -153.30 - Alpha: 0.00083 - Steps: 449612
Episode 620 - Reward: -112.47 - Alpha: 0.00076 - Steps: 456981
Episode 640 - Reward: -134.72 - Alpha: 0.00038 - Steps: 463542
Episode 660 - Reward: 302.59 - Alpha: 0.00043 - Steps: 476600
Episode 680 - Reward: -120.31 - Alpha: 0.00239 - Steps: 492897
Episode 700 - Reward: -125.62 - Alpha: 0.00061 - Steps: 509309
Episode 720 - Reward: -136.54 - Alpha: 0.00039 - Steps: 518244
Episode 740 - Reward: -139.53 - Alpha: 0.00042 - Steps: 523784
Episode 760 - Reward: -142.44 - Alpha: 0.00051 - Steps: 528283
Episode 780 - Reward: 299.11 - Alpha: 0.00054 - Steps: 543533
Episode 800 - Reward: 304.37 - Alpha: 0.00065 - Steps: 558990
Episode 820 - Reward: -112.34 - Alpha: 0.00065 - Steps: 572004
Episode 840 - Reward: -132.06 - Alpha: 0.00104 - Steps: 582644
Episode 860 - Reward: -151.95 - Alpha: 0.00047 - Steps: 592305
Episode 880 - Reward: -139.90 - Alpha: 0.00058 - Steps: 595235
Episode 900 - Reward: 303.91 - Alpha: 0.00068 - Steps: 611911
Episode 920 - Reward: 301.30 - Alpha: 0.00097 - Steps: 627544
Episode 940 - Reward: 307.68 - Alpha: 0.00065 - Steps: 642058
Episode 960 - Reward: -101.55 - Alpha: 0.00060 - Steps: 656563
Episode 980 - Reward: -149.49 - Alpha: 0.00060 - Steps: 664540
Episode 1000 - Reward: 309.17 - Alpha: 0.00080 - Steps: 679787
Training time: 3h 57m 54s
Reward over 25 episodes: 305.92 ± 1.03
Total Reward of Policy Evaluation: 306.29
Loaded model with reward: 309.17 and alpha: 0.00080
Loaded best agent checkpoint.
Total Reward of Policy Evaluation: 305.21
