SAC Agent Configuration:
hidden_units: [256, 256]
conv_layers: None
log_std_interval: [-20, 2]
gamma: 0.99
load_best: False
replay_buffer_size: 200000
batch_size: 256
init_temperature: 0.2
actor_lr: 0.0003
critic_lr: 0.0003
temperature_lr: 0.0003
actor_update_freq: 2
critic_target_update_freq: 2
tau: 0.005

Train Configuration:
gradient_steps: 1
max_episodes: 1000
warmup_steps: 15000
print_interval: 20
checkpoint_interval: 50
test_episodes: 25
save_replay_buffer: False

Environment Seed: None

Starting SAC Training

No pre-trained model found, training from scratch.

Episode 20 - Reward: -108.46 - Alpha: 0.20000 - Steps: 8395
Episode 40 - Reward: -107.21 - Alpha: 0.20000 - Steps: 12487
Episode 60 - Reward: -104.54 - Alpha: 0.09428 - Steps: 21067
Episode 80 - Reward: -104.33 - Alpha: 0.08097 - Steps: 22473
Episode 100 - Reward: -101.86 - Alpha: 0.07117 - Steps: 23692
Episode 120 - Reward: -126.96 - Alpha: 0.05185 - Steps: 26669
Episode 140 - Reward: -104.91 - Alpha: 0.04206 - Steps: 28608
Episode 160 - Reward: -102.70 - Alpha: 0.03443 - Steps: 30443
Episode 180 - Reward: -99.50 - Alpha: 0.02903 - Steps: 32026
Episode 200 - Reward: -200.50 - Alpha: 0.00487 - Steps: 49401
Episode 220 - Reward: 43.94 - Alpha: 0.00043 - Steps: 73425
Episode 240 - Reward: -148.10 - Alpha: 0.00019 - Steps: 91800
Episode 260 - Reward: -52.82 - Alpha: 0.00016 - Steps: 122547
Episode 280 - Reward: -24.90 - Alpha: 0.00034 - Steps: 144925
Episode 300 - Reward: 177.66 - Alpha: 0.00015 - Steps: 172351
Episode 320 - Reward: 195.55 - Alpha: 0.00029 - Steps: 204351
Episode 340 - Reward: 231.49 - Alpha: 0.00027 - Steps: 233817
Episode 360 - Reward: -30.20 - Alpha: 0.00020 - Steps: 257349
Episode 380 - Reward: 281.37 - Alpha: 0.00026 - Steps: 282580
Episode 400 - Reward: 291.18 - Alpha: 0.00021 - Steps: 303933
Episode 420 - Reward: 293.60 - Alpha: 0.00019 - Steps: 325334
Episode 440 - Reward: -95.76 - Alpha: 0.00022 - Steps: 340162
Episode 460 - Reward: 277.30 - Alpha: 0.00016 - Steps: 361732
Episode 480 - Reward: 295.53 - Alpha: 0.00014 - Steps: 383409
Episode 500 - Reward: 299.95 - Alpha: 0.00013 - Steps: 403429
Episode 520 - Reward: 301.29 - Alpha: 0.00017 - Steps: 422141
Episode 540 - Reward: 303.87 - Alpha: 0.00021 - Steps: 440352
Episode 560 - Reward: -86.32 - Alpha: 0.00026 - Steps: 452618
Episode 580 - Reward: 304.23 - Alpha: 0.00023 - Steps: 465471
Episode 600 - Reward: 306.97 - Alpha: 0.00021 - Steps: 483117
Episode 620 - Reward: 308.06 - Alpha: 0.00026 - Steps: 500164
Episode 640 - Reward: 308.34 - Alpha: 0.00032 - Steps: 518082
Episode 660 - Reward: 304.98 - Alpha: 0.00033 - Steps: 532208
Episode 680 - Reward: 307.64 - Alpha: 0.00030 - Steps: 549366
Episode 700 - Reward: 100.94 - Alpha: 0.00046 - Steps: 561750
Episode 720 - Reward: 310.24 - Alpha: 0.00035 - Steps: 577691
Episode 740 - Reward: 309.15 - Alpha: 0.00056 - Steps: 592405
Episode 760 - Reward: 309.90 - Alpha: 0.00043 - Steps: 610150
Episode 780 - Reward: 310.96 - Alpha: 0.00042 - Steps: 626220
Episode 800 - Reward: -51.16 - Alpha: 0.00114 - Steps: 652064
Episode 820 - Reward: 310.89 - Alpha: 0.00071 - Steps: 665853
Episode 840 - Reward: -174.77 - Alpha: 0.00102 - Steps: 683381
Episode 860 - Reward: 312.49 - Alpha: 0.00094 - Steps: 701750
Episode 880 - Reward: 313.94 - Alpha: 0.00081 - Steps: 717666
Episode 900 - Reward: 313.12 - Alpha: 0.00086 - Steps: 733208
Episode 920 - Reward: 314.23 - Alpha: 0.00085 - Steps: 748415
Episode 940 - Reward: -74.23 - Alpha: 0.00085 - Steps: 762885
Episode 960 - Reward: 313.91 - Alpha: 0.00094 - Steps: 778648
Episode 980 - Reward: 315.84 - Alpha: 0.00077 - Steps: 793734
Episode 1000 - Reward: 315.81 - Alpha: 0.00093 - Steps: 807662
Training time: 3h 46m 50s
Reward over 25 episodes: 301.90 ± 61.63
Total Reward of Policy Evaluation: 315.95
Loaded model with reward: 315.81 and alpha: 0.00093
Loaded best agent checkpoint.
Total Reward of Policy Evaluation: 313.94
