SAC Agent Configuration:
hidden_units: [256, 256]
conv_layers: None
log_std_interval: [-20, 2]
gamma: 0.99
load_best: False
replay_buffer_size: 200000
batch_size: 256
init_temperature: 0.2
actor_lr: 0.0003
critic_lr: 0.0003
temperature_lr: 0.0003
actor_update_freq: 2
critic_target_update_freq: 2
tau: 0.005

Train Configuration:
gradient_steps: 1
max_episodes: 1000
warmup_steps: 15000
print_interval: 20
checkpoint_interval: 50
test_episodes: 25
save_replay_buffer: False

Environment Seed: 42

Starting SAC Training

No pre-trained model found, training from scratch.

Episode 20 - Reward: -107.12 - Alpha: 0.20000 - Steps: 9265
Episode 40 - Reward: -98.46 - Alpha: 0.20000 - Steps: 13665
Episode 60 - Reward: -102.99 - Alpha: 0.13064 - Steps: 18269
Episode 80 - Reward: -105.77 - Alpha: 0.08555 - Steps: 21926
Episode 100 - Reward: -104.78 - Alpha: 0.07242 - Steps: 23465
Episode 120 - Reward: -110.28 - Alpha: 0.06081 - Steps: 25152
Episode 140 - Reward: -100.49 - Alpha: 0.05042 - Steps: 26933
Episode 160 - Reward: -70.42 - Alpha: 0.01164 - Steps: 40696
Episode 180 - Reward: -104.39 - Alpha: 0.00191 - Steps: 59731
Episode 200 - Reward: -120.82 - Alpha: 0.00170 - Steps: 61597
Episode 220 - Reward: -99.67 - Alpha: 0.00169 - Steps: 63260
Episode 240 - Reward: -117.18 - Alpha: 0.00248 - Steps: 65524
Episode 260 - Reward: -113.74 - Alpha: 0.00332 - Steps: 66982
Episode 280 - Reward: -114.47 - Alpha: 0.00426 - Steps: 68363
Episode 300 - Reward: -115.32 - Alpha: 0.00528 - Steps: 69542
Episode 320 - Reward: -121.12 - Alpha: 0.00601 - Steps: 70481
Episode 340 - Reward: -125.98 - Alpha: 0.00705 - Steps: 71553
Episode 360 - Reward: -113.96 - Alpha: 0.00844 - Steps: 72819
Episode 380 - Reward: -138.48 - Alpha: 0.00921 - Steps: 73958
Episode 400 - Reward: -145.60 - Alpha: 0.00769 - Steps: 79470
Episode 420 - Reward: -113.06 - Alpha: 0.00630 - Steps: 94663
Episode 440 - Reward: -143.21 - Alpha: 0.00212 - Steps: 114532
Episode 460 - Reward: -126.13 - Alpha: 0.00363 - Steps: 136915
Episode 480 - Reward: -140.96 - Alpha: 0.00176 - Steps: 154493
Episode 500 - Reward: -171.43 - Alpha: 0.00149 - Steps: 181365
Episode 520 - Reward: -79.75 - Alpha: 0.00037 - Steps: 207049
Episode 540 - Reward: -75.40 - Alpha: 0.00028 - Steps: 225481
Episode 560 - Reward: -115.90 - Alpha: 0.00032 - Steps: 252987
Episode 580 - Reward: -103.33 - Alpha: 0.00040 - Steps: 274020
Episode 600 - Reward: -53.69 - Alpha: 0.00010 - Steps: 302377
Episode 620 - Reward: -125.08 - Alpha: 0.00014 - Steps: 324172
Episode 640 - Reward: 263.83 - Alpha: 0.00022 - Steps: 346421
Episode 660 - Reward: 126.89 - Alpha: 0.00031 - Steps: 371685
Episode 680 - Reward: -28.36 - Alpha: 0.00055 - Steps: 389781
Episode 700 - Reward: 291.22 - Alpha: 0.00061 - Steps: 412660
Episode 720 - Reward: 292.05 - Alpha: 0.00067 - Steps: 429244
Episode 740 - Reward: 294.34 - Alpha: 0.00081 - Steps: 448265
Episode 760 - Reward: 133.08 - Alpha: 0.00075 - Steps: 467219
Episode 780 - Reward: -98.20 - Alpha: 0.00105 - Steps: 469630
Episode 800 - Reward: -100.31 - Alpha: 0.00167 - Steps: 471034
Episode 820 - Reward: -248.21 - Alpha: 0.00343 - Steps: 473859
Episode 840 - Reward: -100.55 - Alpha: 0.00515 - Steps: 477190
Episode 860 - Reward: 36.36 - Alpha: 0.00114 - Steps: 492336
Episode 880 - Reward: 294.90 - Alpha: 0.00049 - Steps: 510697
Episode 900 - Reward: 294.39 - Alpha: 0.00050 - Steps: 531009
Episode 920 - Reward: 300.48 - Alpha: 0.00044 - Steps: 549838
Episode 940 - Reward: 297.94 - Alpha: 0.00052 - Steps: 566907
Episode 960 - Reward: 294.13 - Alpha: 0.00067 - Steps: 582489
Episode 980 - Reward: 297.58 - Alpha: 0.00058 - Steps: 599263
Episode 1000 - Reward: 57.78 - Alpha: 0.00064 - Steps: 613730
Training time: 3h 1m 30s
Reward over 25 episodes: 275.85 ± 59.10
Total Reward of Policy Evaluation: 296.46
Loaded model with reward: 298.53 and alpha: 0.00051
Loaded best agent checkpoint.
Total Reward of Policy Evaluation: -113.54
