TD3 Agent Configuration:
hidden_units: [400, 300]
conv_layers: None
gamma: 0.99
load_best: False
replay_buffer_size: 200000
batch_size: 100
exploration_noise: 0.1
policy_noise: 0.2
noise_clip: 0.5
policy_delay: 2
actor_lr: 0.001
critic_lr: 0.001
tau: 0.005

Train Configuration:
gradient_steps: 1
max_episodes: 1000
warmup_steps: 15000
print_interval: 20
checkpoint_interval: 50
test_episodes: 25
save_replay_buffer: False

Environment Seed: None

Starting TD3 Training

No pre-trained model found, training from scratch.

Episode 20 - Reward: -102.48 - Steps: 15233
Episode 40 - Reward: -155.13 - Steps: 18781
Episode 60 - Reward: -111.72 - Steps: 23623
Episode 80 - Reward: -104.29 - Steps: 32992
Episode 100 - Reward: -114.94 - Steps: 42792
Episode 120 - Reward: -113.97 - Steps: 45782
Episode 140 - Reward: -102.93 - Steps: 52231
Episode 160 - Reward: -73.83 - Steps: 71137
Episode 180 - Reward: -114.22 - Steps: 85882
Episode 200 - Reward: -121.42 - Steps: 87625
Episode 220 - Reward: -117.36 - Steps: 89093
Episode 240 - Reward: -111.85 - Steps: 90127
Episode 260 - Reward: -120.49 - Steps: 91510
Episode 280 - Reward: -117.84 - Steps: 93063
Episode 300 - Reward: -115.03 - Steps: 94242
Episode 320 - Reward: -105.96 - Steps: 95386
Episode 340 - Reward: -106.08 - Steps: 97059
Episode 360 - Reward: -97.80 - Steps: 100436
Episode 380 - Reward: -122.24 - Steps: 104605
Episode 400 - Reward: -92.32 - Steps: 111486
Episode 420 - Reward: -109.25 - Steps: 121350
Episode 440 - Reward: -87.91 - Steps: 147310
Episode 460 - Reward: -93.65 - Steps: 172907
Episode 480 - Reward: -170.11 - Steps: 198102
Episode 500 - Reward: -114.52 - Steps: 214475
Episode 520 - Reward: -145.67 - Steps: 239605
Episode 540 - Reward: -96.78 - Steps: 252597
Episode 560 - Reward: -88.35 - Steps: 278037
Episode 580 - Reward: -108.52 - Steps: 302721
Episode 600 - Reward: -111.51 - Steps: 321040
Episode 620 - Reward: -96.57 - Steps: 340418
Episode 640 - Reward: -22.94 - Steps: 356919
Episode 660 - Reward: -75.03 - Steps: 382788
Episode 680 - Reward: -151.11 - Steps: 407775
Episode 700 - Reward: -102.67 - Steps: 428648
Episode 720 - Reward: -101.88 - Steps: 452124
Episode 740 - Reward: -95.20 - Steps: 469135
Episode 760 - Reward: -98.20 - Steps: 489842
Episode 780 - Reward: -93.86 - Steps: 516551
Episode 800 - Reward: -64.25 - Steps: 539724
Episode 820 - Reward: -87.46 - Steps: 571724
Episode 840 - Reward: -65.01 - Steps: 602205
Episode 860 - Reward: -103.03 - Steps: 632617
Episode 880 - Reward: -128.42 - Steps: 655346
Episode 900 - Reward: -65.43 - Steps: 684657
Episode 920 - Reward: -104.05 - Steps: 704009
Episode 940 - Reward: -107.19 - Steps: 715455
Episode 960 - Reward: -164.01 - Steps: 740808
Episode 980 - Reward: -76.15 - Steps: 767331
Episode 1000 - Reward: -23.30 - Steps: 795458
Training time: 2h 20m 4s
Reward over 25 episodes: -46.24 ± 6.71
Total Reward of Policy Evaluation: -43.07
