TD3 Agent Configuration:
hidden_units: [400, 300]
conv_layers: None
gamma: 0.99
load_best: False
replay_buffer_size: 200000
batch_size: 100
exploration_noise: 0.1
policy_noise: 0.2
noise_clip: 0.5
policy_delay: 2
actor_lr: 0.001
critic_lr: 0.001
tau: 0.005

Train Configuration:
gradient_steps: 1
max_episodes: 1000
warmup_steps: 15000
print_interval: 20
checkpoint_interval: 50
test_episodes: 25
save_replay_buffer: False

Environment Seed: 42

Starting TD3 Training

No pre-trained model found, training from scratch.

Episode 20 - Reward: -95.14 - Steps: 2008
Episode 40 - Reward: -93.27 - Steps: 8503
Episode 60 - Reward: -29.91 - Steps: 13433
Episode 80 - Reward: -116.76 - Steps: 15283
Episode 100 - Reward: -170.44 - Steps: 17572
Episode 120 - Reward: -102.01 - Steps: 19461
Episode 140 - Reward: -102.66 - Steps: 22998
Episode 160 - Reward: -103.32 - Steps: 24427
Episode 180 - Reward: -108.27 - Steps: 27411
Episode 200 - Reward: -103.68 - Steps: 31638
Episode 220 - Reward: -117.26 - Steps: 48479
Episode 240 - Reward: -124.46 - Steps: 56062
Episode 260 - Reward: -27.07 - Steps: 81338
Episode 280 - Reward: -44.15 - Steps: 102733
Episode 300 - Reward: 0.70 - Steps: 126325
Episode 320 - Reward: 76.57 - Steps: 154263
Episode 340 - Reward: -44.30 - Steps: 169923
Episode 360 - Reward: -118.88 - Steps: 184321
Episode 380 - Reward: 249.69 - Steps: 210763
Episode 400 - Reward: 265.27 - Steps: 232643
Episode 420 - Reward: -66.14 - Steps: 246323
Episode 440 - Reward: 278.00 - Steps: 259682
Episode 460 - Reward: 285.17 - Steps: 278249
Episode 480 - Reward: 281.68 - Steps: 292966
Episode 500 - Reward: 101.72 - Steps: 307555
Episode 520 - Reward: 287.77 - Steps: 323081
Episode 540 - Reward: 287.64 - Steps: 338043
Episode 560 - Reward: 293.04 - Steps: 352465
Episode 580 - Reward: 298.56 - Steps: 366309
Episode 600 - Reward: 298.17 - Steps: 380891
Episode 620 - Reward: 142.23 - Steps: 396368
Episode 640 - Reward: 293.63 - Steps: 411490
Episode 660 - Reward: 306.10 - Steps: 425631
Episode 680 - Reward: 306.89 - Steps: 440062
Episode 700 - Reward: 80.61 - Steps: 453800
Episode 720 - Reward: 299.71 - Steps: 468239
Episode 740 - Reward: 304.75 - Steps: 483593
Episode 760 - Reward: 303.61 - Steps: 497353
Episode 780 - Reward: 300.51 - Steps: 513623
Episode 800 - Reward: 301.40 - Steps: 528621
Episode 820 - Reward: 301.08 - Steps: 543599
Episode 840 - Reward: 304.61 - Steps: 558941
Episode 860 - Reward: 302.23 - Steps: 573484
Episode 880 - Reward: 301.69 - Steps: 588651
Episode 900 - Reward: 304.94 - Steps: 601358
Episode 920 - Reward: 302.44 - Steps: 616412
Episode 940 - Reward: 303.28 - Steps: 631222
Episode 960 - Reward: 304.90 - Steps: 646396
Episode 980 - Reward: 300.26 - Steps: 660166
Episode 1000 - Reward: -101.50 - Steps: 672794
Training time: 1h 36m 48s
Reward over 25 episodes: 300.61 ± 0.27
Total Reward of Policy Evaluation: 300.97
Loaded model with reward: 304.94
Loaded best agent checkpoint.
Total Reward of Policy Evaluation: 310.02
