SAC Agent Configuration:
hidden_units: [128, 128]
conv_layers: None
log_std_interval: [-20, 2]
gamma: 0.99
load_best: False
replay_buffer_size: 100000
batch_size: 64
init_temperature: 0.2
actor_lr: 0.0003
critic_lr: 0.0003
temperature_lr: 0.0003
actor_update_freq: 2
critic_target_update_freq: 2
tau: 0.005

Train Configuration:
gradient_steps: 1
max_episodes: 400
warmup_steps: 10000
print_interval: 10
checkpoint_interval: 20
test_episodes: 25
save_replay_buffer: False

Environment Seed: 42

Starting SAC Training

No pre-trained model found, training from scratch.

Episode 10 - Reward: -1296.35 - Alpha: 0.20000 - Steps: 2001
Episode 20 - Reward: -1180.55 - Alpha: 0.20000 - Steps: 4001
Episode 30 - Reward: -1170.16 - Alpha: 0.20000 - Steps: 6001
Episode 40 - Reward: -1273.60 - Alpha: 0.20000 - Steps: 8001
Episode 50 - Reward: -1333.00 - Alpha: 0.20000 - Steps: 10001
Episode 60 - Reward: -1767.13 - Alpha: 0.15808 - Steps: 12001
Episode 70 - Reward: -1071.41 - Alpha: 0.13509 - Steps: 14001
Episode 80 - Reward: -1451.68 - Alpha: 0.13088 - Steps: 16001
Episode 90 - Reward: -1060.45 - Alpha: 0.13941 - Steps: 18001
Episode 100 - Reward: -123.71 - Alpha: 0.14637 - Steps: 20001
Episode 110 - Reward: -255.55 - Alpha: 0.14649 - Steps: 22001
Episode 120 - Reward: -122.91 - Alpha: 0.14862 - Steps: 24001
Episode 130 - Reward: -123.52 - Alpha: 0.17792 - Steps: 26001
Episode 140 - Reward: -122.69 - Alpha: 0.20854 - Steps: 28001
Episode 150 - Reward: -119.59 - Alpha: 0.21719 - Steps: 30001
Episode 160 - Reward: -117.69 - Alpha: 0.21398 - Steps: 32001
Episode 170 - Reward: -117.26 - Alpha: 0.20404 - Steps: 34001
Episode 180 - Reward: -117.72 - Alpha: 0.19926 - Steps: 36001
Episode 190 - Reward: -117.43 - Alpha: 0.19399 - Steps: 38001
Episode 200 - Reward: -117.67 - Alpha: 0.19001 - Steps: 40001
Episode 210 - Reward: -117.36 - Alpha: 0.18175 - Steps: 42001
Episode 220 - Reward: -117.35 - Alpha: 0.16815 - Steps: 44001
Episode 230 - Reward: -117.60 - Alpha: 0.14504 - Steps: 46001
Episode 240 - Reward: -118.08 - Alpha: 0.13065 - Steps: 48001
Episode 250 - Reward: -117.95 - Alpha: 0.12213 - Steps: 50001
Episode 260 - Reward: -117.64 - Alpha: 0.10974 - Steps: 52001
Episode 270 - Reward: -117.56 - Alpha: 0.10032 - Steps: 54001
Episode 280 - Reward: -117.56 - Alpha: 0.09442 - Steps: 56001
Episode 290 - Reward: -117.66 - Alpha: 0.08927 - Steps: 58001
Episode 300 - Reward: -117.33 - Alpha: 0.08708 - Steps: 60001
Episode 310 - Reward: -118.40 - Alpha: 0.09389 - Steps: 62001
Episode 320 - Reward: -117.23 - Alpha: 0.08568 - Steps: 64001
Episode 330 - Reward: -117.12 - Alpha: 0.07271 - Steps: 66001
Episode 340 - Reward: -117.40 - Alpha: 0.06499 - Steps: 68001
Episode 350 - Reward: -117.30 - Alpha: 0.06101 - Steps: 70001
Episode 360 - Reward: -117.02 - Alpha: 0.05728 - Steps: 72001
Episode 370 - Reward: -117.35 - Alpha: 0.05282 - Steps: 74001
Episode 380 - Reward: -117.24 - Alpha: 0.04839 - Steps: 76001
Episode 390 - Reward: -117.51 - Alpha: 0.04466 - Steps: 78001
Episode 400 - Reward: -117.33 - Alpha: 0.04031 - Steps: 80001
Training time: 17m 25s
No artists with labels found to put in legend.  Note that artists whose label start with an underscore are ignored when legend() is called with no argument.
No artists with labels found to put in legend.  Note that artists whose label start with an underscore are ignored when legend() is called with no argument.
No artists with labels found to put in legend.  Note that artists whose label start with an underscore are ignored when legend() is called with no argument.
Reward over 25 episodes: -119.15 ± 0.09
Total Reward of Policy Evaluation: -244.63
Loaded model with reward: -117.02 and alpha: 0.05728
Loaded best agent checkpoint.
Total Reward of Policy Evaluation: -126.75
