TD3 Agent Configuration:
hidden_units: [400, 300]
conv_layers: None
gamma: 0.99
load_best: False
replay_buffer_size: 200000
batch_size: 100
exploration_noise: 0.1
policy_noise: 0.2
noise_clip: 0.5
policy_delay: 2
actor_lr: 0.001
critic_lr: 0.001
tau: 0.005

Train Configuration:
gradient_steps: 1
max_episodes: 10000
warmup_steps: 15000
print_interval: 25
checkpoint_interval: 50
test_episodes: 25
save_replay_buffer: False
evaluation_interval: 10

Environment Seed: None

Starting TD3 Training

No pre-trained model found, training from scratch.

Episode 25 - Reward: 80.11 - Steps: 373
Episode 50 - Reward: 75.44 - Steps: 752
Episode 75 - Reward: 66.50 - Steps: 1145
Episode 100 - Reward: 71.49 - Steps: 1517
Episode 125 - Reward: 70.69 - Steps: 1900
Episode 150 - Reward: 71.81 - Steps: 2281
Episode 175 - Reward: 70.00 - Steps: 2659
Episode 200 - Reward: 71.20 - Steps: 3039
Episode 225 - Reward: 70.66 - Steps: 3415
Episode 250 - Reward: 75.20 - Steps: 3807
Episode 275 - Reward: 71.81 - Steps: 4183
Episode 300 - Reward: 75.52 - Steps: 4570
Episode 325 - Reward: 67.02 - Steps: 4948
Episode 350 - Reward: 66.36 - Steps: 5332
Episode 375 - Reward: 76.31 - Steps: 5713
Episode 400 - Reward: 76.53 - Steps: 6090
Episode 425 - Reward: 70.42 - Steps: 6471
Episode 450 - Reward: 74.99 - Steps: 6854
Episode 475 - Reward: 66.88 - Steps: 7235
Episode 500 - Reward: 76.96 - Steps: 7619
Episode 525 - Reward: 66.87 - Steps: 7996
Episode 550 - Reward: 71.89 - Steps: 8377
Episode 575 - Reward: 70.92 - Steps: 8756
Episode 600 - Reward: 70.98 - Steps: 9139
Episode 625 - Reward: 66.13 - Steps: 9509
Episode 650 - Reward: 70.87 - Steps: 9887
Episode 675 - Reward: 70.98 - Steps: 10269
Episode 700 - Reward: 71.01 - Steps: 10645
Episode 725 - Reward: 85.24 - Steps: 11034
Episode 750 - Reward: 72.34 - Steps: 11418
Episode 775 - Reward: 71.45 - Steps: 11797
Episode 800 - Reward: 70.64 - Steps: 12179
Episode 825 - Reward: 70.88 - Steps: 12563
Episode 850 - Reward: 75.94 - Steps: 12939
Episode 875 - Reward: 75.57 - Steps: 13323
Episode 900 - Reward: 76.36 - Steps: 13708
Episode 925 - Reward: 66.93 - Steps: 14086
Episode 950 - Reward: 71.60 - Steps: 14465
Episode 975 - Reward: 71.79 - Steps: 14843
Episode 1000 - Reward: 61.78 - Steps: 15314
Episode 1025 - Reward: 66.39 - Steps: 15677
Episode 1050 - Reward: 66.37 - Steps: 16033
Episode 1075 - Reward: 66.30 - Steps: 16384
Episode 1100 - Reward: 66.46 - Steps: 16734
Episode 1125 - Reward: 66.43 - Steps: 17085
Episode 1150 - Reward: 66.38 - Steps: 17436
Episode 1175 - Reward: 66.75 - Steps: 17790
Episode 1200 - Reward: 66.50 - Steps: 18142
Episode 1225 - Reward: 71.36 - Steps: 18501
Episode 1250 - Reward: 61.86 - Steps: 18842
Episode 1275 - Reward: 61.71 - Steps: 19175
Episode 1300 - Reward: 61.85 - Steps: 19511
Episode 1325 - Reward: 61.76 - Steps: 19843
Episode 1350 - Reward: 61.58 - Steps: 20172
Episode 1375 - Reward: 61.60 - Steps: 20504
Episode 1400 - Reward: 66.55 - Steps: 20840
Episode 1425 - Reward: 61.76 - Steps: 21172
Episode 1450 - Reward: 66.60 - Steps: 21505
Episode 1475 - Reward: 61.82 - Steps: 21839
Episode 1500 - Reward: 61.77 - Steps: 22171
Episode 1525 - Reward: 61.68 - Steps: 22505
Episode 1550 - Reward: 61.62 - Steps: 22842
Episode 1575 - Reward: 61.87 - Steps: 23173
Episode 1600 - Reward: 61.81 - Steps: 23505
Episode 1625 - Reward: 61.60 - Steps: 23838
Episode 1650 - Reward: 61.65 - Steps: 24171
Episode 1675 - Reward: 66.56 - Steps: 24501
Episode 1700 - Reward: 66.29 - Steps: 24832
Episode 1725 - Reward: 66.43 - Steps: 25163
Episode 1750 - Reward: 61.58 - Steps: 25495
Episode 1775 - Reward: 66.37 - Steps: 25825
Episode 1800 - Reward: 61.94 - Steps: 26159
Episode 1825 - Reward: 61.80 - Steps: 26495
Episode 1850 - Reward: 61.62 - Steps: 26828
Episode 1875 - Reward: 61.63 - Steps: 27163
Episode 1900 - Reward: 61.63 - Steps: 27494
Episode 1925 - Reward: 61.68 - Steps: 27826
Episode 1950 - Reward: 66.62 - Steps: 28154
Episode 1975 - Reward: 61.60 - Steps: 28486
Episode 2000 - Reward: 61.69 - Steps: 28820
Episode 2025 - Reward: 61.78 - Steps: 29153
Episode 2050 - Reward: 66.45 - Steps: 29486
Episode 2075 - Reward: 66.41 - Steps: 29820
Episode 2100 - Reward: 61.69 - Steps: 30152
Episode 2125 - Reward: 61.77 - Steps: 30484
Episode 2150 - Reward: 61.54 - Steps: 30816
Episode 2175 - Reward: 66.41 - Steps: 31150
Episode 2200 - Reward: 61.82 - Steps: 31483
Episode 2225 - Reward: 61.74 - Steps: 31817
Episode 2250 - Reward: 61.58 - Steps: 32148
Episode 2275 - Reward: 61.92 - Steps: 32480
Episode 2300 - Reward: 61.72 - Steps: 32814
Episode 2325 - Reward: 61.86 - Steps: 33144
Episode 2350 - Reward: 61.72 - Steps: 33474
Episode 2375 - Reward: 61.80 - Steps: 33808
Episode 2400 - Reward: 61.81 - Steps: 34145
Episode 2425 - Reward: 61.63 - Steps: 34476
Episode 2450 - Reward: 66.30 - Steps: 34807
Episode 2475 - Reward: 61.75 - Steps: 35137
Episode 2500 - Reward: 66.57 - Steps: 35468
Episode 2525 - Reward: 61.81 - Steps: 35799
Episode 2550 - Reward: 61.90 - Steps: 36129
Episode 2575 - Reward: 66.25 - Steps: 36459
Episode 2600 - Reward: 66.59 - Steps: 36789
Episode 2625 - Reward: 66.58 - Steps: 37121
Episode 2650 - Reward: 61.60 - Steps: 37450
Episode 2675 - Reward: 66.36 - Steps: 37781
Episode 2700 - Reward: 61.74 - Steps: 38113
Episode 2725 - Reward: 61.63 - Steps: 38447
Episode 2750 - Reward: 61.77 - Steps: 38781
Episode 2775 - Reward: 66.58 - Steps: 39113
Episode 2800 - Reward: 61.61 - Steps: 39444
Episode 2825 - Reward: 61.60 - Steps: 39777
Episode 2850 - Reward: 61.55 - Steps: 40107
Episode 2875 - Reward: 61.71 - Steps: 40438
Episode 2900 - Reward: 61.72 - Steps: 40770
Episode 2925 - Reward: 61.72 - Steps: 41103
Episode 2950 - Reward: 61.83 - Steps: 41434
Episode 2975 - Reward: 61.59 - Steps: 41767
Episode 3000 - Reward: 61.70 - Steps: 42102
Episode 3025 - Reward: 61.59 - Steps: 42432
Episode 3050 - Reward: 61.77 - Steps: 42764
Episode 3075 - Reward: 66.57 - Steps: 43097
Episode 3100 - Reward: 61.74 - Steps: 43430
Episode 3125 - Reward: 66.32 - Steps: 43767
Episode 3150 - Reward: 66.61 - Steps: 44098
Episode 3175 - Reward: 61.86 - Steps: 44430
Episode 3200 - Reward: 66.34 - Steps: 44764
Episode 3225 - Reward: 66.38 - Steps: 45097
Episode 3250 - Reward: 61.84 - Steps: 45429
Episode 3275 - Reward: 66.48 - Steps: 45760
Episode 3300 - Reward: 61.69 - Steps: 46096
Episode 3325 - Reward: 61.75 - Steps: 46426
Episode 3350 - Reward: 61.52 - Steps: 46758
Episode 3375 - Reward: 61.76 - Steps: 47086
Episode 3400 - Reward: 61.64 - Steps: 47417
Episode 3425 - Reward: 61.83 - Steps: 47750
Episode 3450 - Reward: 61.58 - Steps: 48080
Episode 3475 - Reward: 61.56 - Steps: 48412
Episode 3500 - Reward: 61.75 - Steps: 48747
Episode 3525 - Reward: 66.48 - Steps: 49081
Episode 3550 - Reward: 61.89 - Steps: 49413
Episode 3575 - Reward: 61.82 - Steps: 49741
Episode 3600 - Reward: 66.64 - Steps: 50075
Episode 3625 - Reward: 61.80 - Steps: 50407
Episode 3650 - Reward: 66.35 - Steps: 50738
Episode 3675 - Reward: 66.44 - Steps: 51070
Episode 3700 - Reward: 61.65 - Steps: 51404
Episode 3725 - Reward: 66.44 - Steps: 51740
Episode 3750 - Reward: 66.30 - Steps: 52073
Episode 3775 - Reward: 61.49 - Steps: 52405
Episode 3800 - Reward: 66.67 - Steps: 52740
Episode 3825 - Reward: 61.75 - Steps: 53069
Episode 3850 - Reward: 61.81 - Steps: 53398
Episode 3875 - Reward: 66.54 - Steps: 53730
Episode 3900 - Reward: 66.52 - Steps: 54064
Episode 3925 - Reward: 61.67 - Steps: 54392
Episode 3950 - Reward: 61.72 - Steps: 54723
Episode 3975 - Reward: 66.45 - Steps: 55060
Episode 4000 - Reward: 66.29 - Steps: 55396
Episode 4025 - Reward: 61.79 - Steps: 55733
Episode 4050 - Reward: 61.80 - Steps: 56067
Episode 4075 - Reward: 61.65 - Steps: 56398
Episode 4100 - Reward: 66.70 - Steps: 56732
Episode 4125 - Reward: 66.41 - Steps: 57062
Episode 4150 - Reward: 61.54 - Steps: 57392
Episode 4175 - Reward: 61.96 - Steps: 57723
Episode 4200 - Reward: 61.71 - Steps: 58061
Episode 4225 - Reward: 66.26 - Steps: 58392
Episode 4250 - Reward: 61.91 - Steps: 58722
Episode 4275 - Reward: 61.69 - Steps: 59056
Episode 4300 - Reward: 61.62 - Steps: 59389
Episode 4325 - Reward: 61.60 - Steps: 59721
Episode 4350 - Reward: 61.72 - Steps: 60054
Episode 4375 - Reward: 66.43 - Steps: 60383
Episode 4400 - Reward: 61.81 - Steps: 60713
Episode 4425 - Reward: 61.86 - Steps: 61047
Episode 4450 - Reward: 61.70 - Steps: 61379
Episode 4475 - Reward: 61.72 - Steps: 61713
Episode 4500 - Reward: 66.45 - Steps: 62044
Episode 4525 - Reward: 61.55 - Steps: 62378
Episode 4550 - Reward: 61.53 - Steps: 62709
Episode 4575 - Reward: 61.69 - Steps: 63040
Episode 4600 - Reward: 61.87 - Steps: 63371
Episode 4625 - Reward: 61.68 - Steps: 63704
Episode 4650 - Reward: 66.40 - Steps: 64036
Episode 4675 - Reward: 61.54 - Steps: 64368
Episode 4700 - Reward: 66.53 - Steps: 64702
Episode 4725 - Reward: 61.75 - Steps: 65039
Episode 4750 - Reward: 61.83 - Steps: 65370
Episode 4775 - Reward: 61.83 - Steps: 65701
Episode 4800 - Reward: 61.51 - Steps: 66034
Episode 4825 - Reward: 61.63 - Steps: 66367
Episode 4850 - Reward: 61.60 - Steps: 66698
Episode 4875 - Reward: 61.55 - Steps: 67034
Episode 4900 - Reward: 66.42 - Steps: 67365
Episode 4925 - Reward: 61.70 - Steps: 67699
Episode 4950 - Reward: 61.67 - Steps: 68031
Episode 4975 - Reward: 61.60 - Steps: 68363
Episode 5000 - Reward: 61.59 - Steps: 68693
Episode 5025 - Reward: 61.76 - Steps: 69024
Episode 5050 - Reward: 66.39 - Steps: 69358
Episode 5075 - Reward: 66.66 - Steps: 69694
Episode 5100 - Reward: 61.60 - Steps: 70029
Episode 5125 - Reward: 61.81 - Steps: 70362
Episode 5150 - Reward: 61.88 - Steps: 70690
Episode 5175 - Reward: 66.50 - Steps: 71019
Episode 5200 - Reward: 61.65 - Steps: 71348
Episode 5225 - Reward: 61.76 - Steps: 71681
Episode 5250 - Reward: 61.74 - Steps: 72011
Episode 5275 - Reward: 61.67 - Steps: 72346
Episode 5300 - Reward: 61.68 - Steps: 72676
Episode 5325 - Reward: 66.52 - Steps: 73007
Episode 5350 - Reward: 61.84 - Steps: 73336
Episode 5375 - Reward: 66.53 - Steps: 73668
Episode 5400 - Reward: 61.71 - Steps: 73998
Episode 5425 - Reward: 66.27 - Steps: 74334
Episode 5450 - Reward: 61.89 - Steps: 74668
Episode 5475 - Reward: 66.49 - Steps: 75005
Episode 5500 - Reward: 61.71 - Steps: 75339
Episode 5525 - Reward: 61.86 - Steps: 75675
Episode 5550 - Reward: 61.78 - Steps: 76004
Episode 5575 - Reward: 61.82 - Steps: 76337
Episode 5600 - Reward: 66.31 - Steps: 76669
Episode 5625 - Reward: 66.45 - Steps: 77002
Episode 5650 - Reward: 61.76 - Steps: 77335
Episode 5675 - Reward: 61.71 - Steps: 77669
Episode 5700 - Reward: 61.58 - Steps: 78001
Episode 5725 - Reward: 61.83 - Steps: 78338
Episode 5750 - Reward: 61.78 - Steps: 78670
Episode 5775 - Reward: 61.76 - Steps: 79004
Episode 5800 - Reward: 61.83 - Steps: 79337
Episode 5825 - Reward: 61.81 - Steps: 79672
Episode 5850 - Reward: 61.66 - Steps: 80005
Episode 5875 - Reward: 61.67 - Steps: 80336
Episode 5900 - Reward: 61.71 - Steps: 80669
Episode 5925 - Reward: 61.84 - Steps: 80999
Episode 5950 - Reward: 61.92 - Steps: 81332
Episode 5975 - Reward: 61.73 - Steps: 81663
Episode 6000 - Reward: 66.48 - Steps: 81993
Episode 6025 - Reward: 66.28 - Steps: 82323
Episode 6050 - Reward: 61.66 - Steps: 82656
Episode 6075 - Reward: 61.57 - Steps: 82987
Episode 6100 - Reward: 61.84 - Steps: 83316
Episode 6125 - Reward: 61.53 - Steps: 83647
Episode 6150 - Reward: 61.70 - Steps: 83981
Episode 6175 - Reward: 61.52 - Steps: 84312
Episode 6200 - Reward: 61.86 - Steps: 84644
Episode 6225 - Reward: 61.80 - Steps: 84981
Episode 6250 - Reward: 66.66 - Steps: 85314
Episode 6275 - Reward: 61.84 - Steps: 85650
Episode 6300 - Reward: 61.91 - Steps: 85977
Episode 6325 - Reward: 61.80 - Steps: 86313
Episode 6350 - Reward: 66.30 - Steps: 86645
Episode 6375 - Reward: 61.76 - Steps: 86978
Episode 6400 - Reward: 61.86 - Steps: 87313
Episode 6425 - Reward: 61.72 - Steps: 87645
Episode 6450 - Reward: 66.44 - Steps: 87976
Episode 6475 - Reward: 66.60 - Steps: 88311
Episode 6500 - Reward: 66.64 - Steps: 88641
Episode 6525 - Reward: 66.62 - Steps: 88973
Episode 6550 - Reward: 66.39 - Steps: 89305
Episode 6575 - Reward: 61.67 - Steps: 89636
Episode 6600 - Reward: 61.58 - Steps: 89966
Episode 6625 - Reward: 61.76 - Steps: 90297
Episode 6650 - Reward: 66.55 - Steps: 90635
Episode 6675 - Reward: 61.80 - Steps: 90966
Episode 6700 - Reward: 61.59 - Steps: 91300
Episode 6725 - Reward: 61.77 - Steps: 91633
Episode 6750 - Reward: 61.66 - Steps: 91963
Episode 6775 - Reward: 61.72 - Steps: 92294
Episode 6800 - Reward: 61.69 - Steps: 92629
Episode 6825 - Reward: 66.51 - Steps: 92961
Episode 6850 - Reward: 66.74 - Steps: 93293
Episode 6875 - Reward: 61.56 - Steps: 93622
Episode 6900 - Reward: 61.68 - Steps: 93952
Episode 6925 - Reward: 61.77 - Steps: 94281
Episode 6950 - Reward: 61.61 - Steps: 94613
Episode 6975 - Reward: 61.85 - Steps: 94949
Episode 7000 - Reward: 61.60 - Steps: 95281
Episode 7025 - Reward: 66.43 - Steps: 95611
Episode 7050 - Reward: 61.86 - Steps: 95945
Episode 7075 - Reward: 61.89 - Steps: 96278
Episode 7100 - Reward: 61.81 - Steps: 96609
Episode 7125 - Reward: 61.79 - Steps: 96945
Episode 7150 - Reward: 66.59 - Steps: 97281
Episode 7175 - Reward: 66.32 - Steps: 97613
Episode 7200 - Reward: 66.51 - Steps: 97946
Episode 7225 - Reward: 61.77 - Steps: 98277
Episode 7250 - Reward: 66.42 - Steps: 98610
Episode 7275 - Reward: 61.68 - Steps: 98940
Episode 7300 - Reward: 61.83 - Steps: 99276
Episode 7325 - Reward: 61.59 - Steps: 99605
Episode 7350 - Reward: 61.96 - Steps: 99939
Episode 7375 - Reward: 61.91 - Steps: 100271
Episode 7400 - Reward: 61.62 - Steps: 100604
Episode 7425 - Reward: 61.72 - Steps: 100934
Episode 7450 - Reward: 61.91 - Steps: 101266
Episode 7475 - Reward: 61.85 - Steps: 101596
Episode 7500 - Reward: 61.90 - Steps: 101925
Episode 7525 - Reward: 61.87 - Steps: 102256
Episode 7550 - Reward: 66.38 - Steps: 102589
Episode 7575 - Reward: 66.51 - Steps: 102921
Episode 7600 - Reward: 61.65 - Steps: 103252
Episode 7625 - Reward: 61.56 - Steps: 103588
Episode 7650 - Reward: 61.72 - Steps: 103921
Episode 7675 - Reward: 66.60 - Steps: 104253
Episode 7700 - Reward: 61.60 - Steps: 104587
Episode 7725 - Reward: 66.37 - Steps: 104918
Episode 7750 - Reward: 66.57 - Steps: 105252
Episode 7775 - Reward: 66.50 - Steps: 105587
Episode 7800 - Reward: 61.81 - Steps: 105917
Episode 7825 - Reward: 61.70 - Steps: 106246
Episode 7850 - Reward: 61.77 - Steps: 106575
Episode 7875 - Reward: 61.85 - Steps: 106902
Episode 7900 - Reward: 61.79 - Steps: 107232
Episode 7925 - Reward: 66.38 - Steps: 107564
Episode 7950 - Reward: 66.43 - Steps: 107900
Episode 7975 - Reward: 61.56 - Steps: 108235
Episode 8000 - Reward: 66.43 - Steps: 108567
Episode 8025 - Reward: 61.64 - Steps: 108896
Episode 8050 - Reward: 61.56 - Steps: 109229
Episode 8075 - Reward: 61.50 - Steps: 109562
Episode 8100 - Reward: 61.90 - Steps: 109896
Episode 8125 - Reward: 61.73 - Steps: 110230
Episode 8150 - Reward: 61.60 - Steps: 110560
Episode 8175 - Reward: 61.73 - Steps: 110892
Episode 8200 - Reward: 66.33 - Steps: 111225
Episode 8225 - Reward: 61.63 - Steps: 111557
Episode 8250 - Reward: 61.84 - Steps: 111890
Episode 8275 - Reward: 61.94 - Steps: 112217
Episode 8300 - Reward: 66.44 - Steps: 112548
Episode 8325 - Reward: 61.54 - Steps: 112880
Episode 8350 - Reward: 61.70 - Steps: 113210
Episode 8375 - Reward: 66.36 - Steps: 113542
Episode 8400 - Reward: 61.87 - Steps: 113875
Episode 8425 - Reward: 61.61 - Steps: 114206
Episode 8450 - Reward: 61.76 - Steps: 114539
Episode 8475 - Reward: 61.60 - Steps: 114874
Episode 8500 - Reward: 61.91 - Steps: 115203
Episode 8525 - Reward: 66.53 - Steps: 115536
Episode 8550 - Reward: 61.61 - Steps: 115874
Episode 8575 - Reward: 66.47 - Steps: 116209
Episode 8600 - Reward: 61.72 - Steps: 116542
Episode 8625 - Reward: 61.75 - Steps: 116876
Episode 8650 - Reward: 61.59 - Steps: 117205
Episode 8675 - Reward: 66.22 - Steps: 117539
Episode 8700 - Reward: 66.29 - Steps: 117872
Episode 8725 - Reward: 66.48 - Steps: 118205
Episode 8750 - Reward: 61.64 - Steps: 118536
Episode 8775 - Reward: 61.83 - Steps: 118871
Episode 8800 - Reward: 66.37 - Steps: 119205
Episode 8825 - Reward: 61.68 - Steps: 119537
Episode 8850 - Reward: 61.65 - Steps: 119868
Episode 8875 - Reward: 61.87 - Steps: 120199
Episode 8900 - Reward: 61.74 - Steps: 120528
Episode 8925 - Reward: 66.46 - Steps: 120860
Episode 8950 - Reward: 61.73 - Steps: 121191
Episode 8975 - Reward: 66.50 - Steps: 121522
Episode 9000 - Reward: 66.54 - Steps: 121856
Episode 9025 - Reward: 66.39 - Steps: 122188
Episode 9050 - Reward: 61.59 - Steps: 122524
Episode 9075 - Reward: 61.70 - Steps: 122856
Episode 9100 - Reward: 66.55 - Steps: 123190
Episode 9125 - Reward: 61.87 - Steps: 123523
Episode 9150 - Reward: 61.92 - Steps: 123854
Episode 9175 - Reward: 61.65 - Steps: 124185
Episode 9200 - Reward: 61.63 - Steps: 124520
Episode 9225 - Reward: 66.50 - Steps: 124851
Episode 9250 - Reward: 61.90 - Steps: 125185
Episode 9275 - Reward: 61.79 - Steps: 125517
Episode 9300 - Reward: 61.72 - Steps: 125850
Episode 9325 - Reward: 61.52 - Steps: 126185
Episode 9350 - Reward: 61.84 - Steps: 126518
Episode 9375 - Reward: 61.63 - Steps: 126848
Episode 9400 - Reward: 61.55 - Steps: 127184
Episode 9425 - Reward: 61.84 - Steps: 127513
Episode 9450 - Reward: 61.69 - Steps: 127845
Episode 9475 - Reward: 66.26 - Steps: 128179
Episode 9500 - Reward: 61.68 - Steps: 128511
Episode 9525 - Reward: 61.72 - Steps: 128846
Episode 9550 - Reward: 61.93 - Steps: 129179
Episode 9575 - Reward: 61.75 - Steps: 129511
Episode 9600 - Reward: 66.40 - Steps: 129843
Episode 9625 - Reward: 61.62 - Steps: 130175
Episode 9650 - Reward: 61.82 - Steps: 130508
Episode 9675 - Reward: 61.62 - Steps: 130841
Episode 9700 - Reward: 61.76 - Steps: 131174
Episode 9725 - Reward: 61.72 - Steps: 131504
Episode 9750 - Reward: 61.60 - Steps: 131838
Episode 9775 - Reward: 61.55 - Steps: 132169
Episode 9800 - Reward: 61.89 - Steps: 132504
Episode 9825 - Reward: 66.45 - Steps: 132835
Episode 9850 - Reward: 66.50 - Steps: 133169
Episode 9875 - Reward: 61.74 - Steps: 133501
Episode 9900 - Reward: 61.70 - Steps: 133832
Episode 9925 - Reward: 61.78 - Steps: 134164
Episode 9950 - Reward: 61.48 - Steps: 134500
Episode 9975 - Reward: 61.84 - Steps: 134832
Episode 10000 - Reward: 61.60 - Steps: 135165
Training time: 38m 4s
Reward over 25 episodes: 66.25 ± 0.00
Total Reward of Policy Evaluation: 66.05
Loaded model with reward: 76.96
Loaded best agent checkpoint.
Total Reward of Policy Evaluation: 75.23
