TD3 Agent Configuration:
hidden_units: [400, 300]
conv_layers: None
gamma: 0.99
load_best: False
replay_buffer_size: 200000
batch_size: 100
exploration_noise: 0.1
policy_noise: 0.2
noise_clip: 0.5
policy_delay: 2
actor_lr: 0.001
critic_lr: 0.001
tau: 0.005

Train Configuration:
gradient_steps: 1
max_episodes: 10000
warmup_steps: 15000
print_interval: 25
checkpoint_interval: 50
test_episodes: 25
save_replay_buffer: False
evaluation_interval: 10

Environment Seed: 42

Starting TD3 Training

No pre-trained model found, training from scratch.

Episode 25 - Reward: 76.60 - Steps: 439
Episode 50 - Reward: 76.73 - Steps: 859
Episode 75 - Reward: 76.70 - Steps: 1278
Episode 100 - Reward: 91.33 - Steps: 1695
Episode 125 - Reward: 82.20 - Steps: 2129
Episode 150 - Reward: 76.57 - Steps: 2566
Episode 175 - Reward: 89.65 - Steps: 2996
Episode 200 - Reward: 76.65 - Steps: 3428
Episode 225 - Reward: 99.34 - Steps: 3859
Episode 250 - Reward: 76.72 - Steps: 4294
Episode 275 - Reward: 76.71 - Steps: 4740
Episode 300 - Reward: 86.05 - Steps: 5183
Episode 325 - Reward: 86.14 - Steps: 5635
Episode 350 - Reward: 81.59 - Steps: 6052
Episode 375 - Reward: 71.97 - Steps: 6472
Episode 400 - Reward: 81.58 - Steps: 6910
Episode 425 - Reward: 76.63 - Steps: 7348
Episode 450 - Reward: 76.72 - Steps: 7768
Episode 475 - Reward: 71.83 - Steps: 8200
Episode 500 - Reward: 81.56 - Steps: 8650
Episode 525 - Reward: 108.95 - Steps: 9113
Episode 550 - Reward: 76.43 - Steps: 9562
Episode 575 - Reward: 76.70 - Steps: 10017
Episode 600 - Reward: 76.60 - Steps: 10435
Episode 625 - Reward: 76.63 - Steps: 10884
Episode 650 - Reward: 81.76 - Steps: 11308
Episode 675 - Reward: 81.09 - Steps: 11731
Episode 700 - Reward: 72.03 - Steps: 12166
Episode 725 - Reward: 76.73 - Steps: 12588
Episode 750 - Reward: 101.32 - Steps: 13015
Episode 775 - Reward: 76.68 - Steps: 13440
Episode 800 - Reward: 93.36 - Steps: 13865
Episode 825 - Reward: 71.91 - Steps: 14288
Episode 850 - Reward: 76.66 - Steps: 14700
Episode 875 - Reward: 76.06 - Steps: 15128
Episode 900 - Reward: 82.42 - Steps: 15532
Episode 925 - Reward: 91.93 - Steps: 16010
Episode 950 - Reward: 92.12 - Steps: 16489
Episode 975 - Reward: 92.10 - Steps: 16968
Episode 1000 - Reward: 92.19 - Steps: 17447
Episode 1025 - Reward: 91.87 - Steps: 17925
Episode 1050 - Reward: 92.31 - Steps: 18407
Episode 1075 - Reward: 102.63 - Steps: 18900
Episode 1100 - Reward: 102.52 - Steps: 19410
Episode 1125 - Reward: 97.65 - Steps: 19920
Episode 1150 - Reward: 97.67 - Steps: 20432
Episode 1175 - Reward: 102.39 - Steps: 20945
Episode 1200 - Reward: 102.43 - Steps: 21451
Episode 1225 - Reward: 97.69 - Steps: 21966
Episode 1250 - Reward: 97.71 - Steps: 22472
Episode 1275 - Reward: 102.82 - Steps: 22980
Episode 1300 - Reward: 102.66 - Steps: 23489
Episode 1325 - Reward: 97.82 - Steps: 23999
Episode 1350 - Reward: 97.91 - Steps: 24511
Episode 1375 - Reward: 102.87 - Steps: 25021
Episode 1400 - Reward: 97.76 - Steps: 25529
Episode 1425 - Reward: 97.65 - Steps: 26040
Episode 1450 - Reward: 97.84 - Steps: 26550
Episode 1475 - Reward: 97.64 - Steps: 27054
Episode 1500 - Reward: 102.65 - Steps: 27564
Episode 1525 - Reward: 102.69 - Steps: 28072
Episode 1550 - Reward: 102.61 - Steps: 28580
Episode 1575 - Reward: 97.80 - Steps: 29089
Episode 1600 - Reward: 102.69 - Steps: 29597
Episode 1625 - Reward: 97.72 - Steps: 30107
Episode 1650 - Reward: 97.73 - Steps: 30613
Episode 1675 - Reward: 97.98 - Steps: 31121
Episode 1700 - Reward: 102.74 - Steps: 31634
Episode 1725 - Reward: 102.64 - Steps: 32143
Episode 1750 - Reward: 97.86 - Steps: 32650
Episode 1775 - Reward: 97.61 - Steps: 33162
Episode 1800 - Reward: 97.88 - Steps: 33675
Episode 1825 - Reward: 97.62 - Steps: 34185
Episode 1850 - Reward: 97.74 - Steps: 34698
Episode 1875 - Reward: 102.87 - Steps: 35212
Episode 1900 - Reward: 97.86 - Steps: 35718
Episode 1925 - Reward: 98.17 - Steps: 36226
Episode 1950 - Reward: 102.48 - Steps: 36734
Episode 1975 - Reward: 97.80 - Steps: 37241
Episode 2000 - Reward: 97.79 - Steps: 37746
Episode 2025 - Reward: 97.53 - Steps: 38252
Episode 2050 - Reward: 97.78 - Steps: 38760
Episode 2075 - Reward: 97.76 - Steps: 39271
Episode 2100 - Reward: 103.11 - Steps: 39777
Episode 2125 - Reward: 97.86 - Steps: 40286
Episode 2150 - Reward: 97.82 - Steps: 40796
Episode 2175 - Reward: 98.02 - Steps: 41303
Episode 2200 - Reward: 98.05 - Steps: 41814
Episode 2225 - Reward: 102.79 - Steps: 42321
Episode 2250 - Reward: 102.89 - Steps: 42832
Episode 2275 - Reward: 97.61 - Steps: 43339
Episode 2300 - Reward: 97.77 - Steps: 43846
Episode 2325 - Reward: 102.72 - Steps: 44357
Episode 2350 - Reward: 97.71 - Steps: 44869
Episode 2375 - Reward: 103.05 - Steps: 45380
Episode 2400 - Reward: 97.78 - Steps: 45887
Episode 2425 - Reward: 97.90 - Steps: 46392
Episode 2450 - Reward: 97.96 - Steps: 46904
Episode 2475 - Reward: 102.54 - Steps: 47415
Episode 2500 - Reward: 97.77 - Steps: 47926
Episode 2525 - Reward: 97.86 - Steps: 48437
Episode 2550 - Reward: 97.55 - Steps: 48947
Episode 2575 - Reward: 102.95 - Steps: 49460
Episode 2600 - Reward: 97.76 - Steps: 49973
Episode 2625 - Reward: 102.82 - Steps: 50485
Episode 2650 - Reward: 97.75 - Steps: 50992
Episode 2675 - Reward: 102.89 - Steps: 51498
Episode 2700 - Reward: 102.75 - Steps: 52009
Episode 2725 - Reward: 97.86 - Steps: 52519
Episode 2750 - Reward: 97.89 - Steps: 53029
Episode 2775 - Reward: 102.71 - Steps: 53542
Episode 2800 - Reward: 102.48 - Steps: 54053
Episode 2825 - Reward: 97.80 - Steps: 54564
Episode 2850 - Reward: 97.74 - Steps: 55074
Episode 2875 - Reward: 102.47 - Steps: 55583
Episode 2900 - Reward: 97.53 - Steps: 56094
Episode 2925 - Reward: 97.55 - Steps: 56601
Episode 2950 - Reward: 97.91 - Steps: 57110
Episode 2975 - Reward: 97.86 - Steps: 57621
Episode 3000 - Reward: 102.62 - Steps: 58133
Episode 3025 - Reward: 97.61 - Steps: 58641
Episode 3050 - Reward: 97.62 - Steps: 59147
Episode 3075 - Reward: 102.45 - Steps: 59661
Episode 3100 - Reward: 97.51 - Steps: 60171
Episode 3125 - Reward: 97.90 - Steps: 60678
Episode 3150 - Reward: 97.64 - Steps: 61187
Episode 3175 - Reward: 97.64 - Steps: 61695
Episode 3200 - Reward: 103.07 - Steps: 62207
Episode 3225 - Reward: 102.53 - Steps: 62716
Episode 3250 - Reward: 102.73 - Steps: 63227
Episode 3275 - Reward: 97.85 - Steps: 63736
Episode 3300 - Reward: 97.90 - Steps: 64245
Episode 3325 - Reward: 98.15 - Steps: 64754
Episode 3350 - Reward: 97.58 - Steps: 65260
Episode 3375 - Reward: 97.78 - Steps: 65771
Episode 3400 - Reward: 102.76 - Steps: 66286
Episode 3425 - Reward: 97.69 - Steps: 66794
Episode 3450 - Reward: 97.66 - Steps: 67303
Episode 3475 - Reward: 97.70 - Steps: 67809
Episode 3500 - Reward: 97.68 - Steps: 68316
Episode 3525 - Reward: 102.64 - Steps: 68828
Episode 3550 - Reward: 97.57 - Steps: 69340
Episode 3575 - Reward: 97.68 - Steps: 69849
Episode 3600 - Reward: 102.68 - Steps: 70358
Episode 3625 - Reward: 102.27 - Steps: 70869
Episode 3650 - Reward: 97.66 - Steps: 71378
Episode 3675 - Reward: 97.63 - Steps: 71887
Episode 3700 - Reward: 97.85 - Steps: 72396
Episode 3725 - Reward: 102.80 - Steps: 72906
Episode 3750 - Reward: 97.81 - Steps: 73414
Episode 3775 - Reward: 97.57 - Steps: 73925
Episode 3800 - Reward: 97.92 - Steps: 74431
Episode 3825 - Reward: 102.70 - Steps: 74940
Episode 3850 - Reward: 97.63 - Steps: 75449
Episode 3875 - Reward: 97.90 - Steps: 75954
Episode 3900 - Reward: 102.53 - Steps: 76461
Episode 3925 - Reward: 97.79 - Steps: 76970
Episode 3950 - Reward: 102.37 - Steps: 77478
Episode 3975 - Reward: 97.92 - Steps: 77984
Episode 4000 - Reward: 97.67 - Steps: 78491
Episode 4025 - Reward: 102.73 - Steps: 79003
Episode 4050 - Reward: 97.70 - Steps: 79513
Episode 4075 - Reward: 97.78 - Steps: 80025
Episode 4100 - Reward: 98.01 - Steps: 80538
Episode 4125 - Reward: 97.76 - Steps: 81045
Episode 4150 - Reward: 97.54 - Steps: 81553
Episode 4175 - Reward: 102.75 - Steps: 82065
Episode 4200 - Reward: 102.39 - Steps: 82577
Episode 4225 - Reward: 98.05 - Steps: 83090
Episode 4250 - Reward: 97.75 - Steps: 83598
Episode 4275 - Reward: 103.04 - Steps: 84107
Episode 4300 - Reward: 102.69 - Steps: 84616
Episode 4325 - Reward: 97.71 - Steps: 85125
Episode 4350 - Reward: 97.86 - Steps: 85635
Episode 4375 - Reward: 97.64 - Steps: 86143
Episode 4400 - Reward: 97.81 - Steps: 86649
Episode 4425 - Reward: 98.07 - Steps: 87159
Episode 4450 - Reward: 97.73 - Steps: 87669
Episode 4475 - Reward: 97.79 - Steps: 88177
Episode 4500 - Reward: 97.78 - Steps: 88690
Episode 4525 - Reward: 102.65 - Steps: 89201
Episode 4550 - Reward: 102.27 - Steps: 89716
Episode 4575 - Reward: 97.95 - Steps: 90227
Episode 4600 - Reward: 97.79 - Steps: 90734
Episode 4625 - Reward: 102.75 - Steps: 91242
Episode 4650 - Reward: 97.71 - Steps: 91749
Episode 4675 - Reward: 97.64 - Steps: 92260
Episode 4700 - Reward: 102.70 - Steps: 92769
Episode 4725 - Reward: 97.88 - Steps: 93285
Episode 4750 - Reward: 97.67 - Steps: 93797
Episode 4775 - Reward: 97.64 - Steps: 94304
Episode 4800 - Reward: 97.75 - Steps: 94813
Episode 4825 - Reward: 102.66 - Steps: 95320
Episode 4850 - Reward: 97.82 - Steps: 95827
Episode 4875 - Reward: 97.68 - Steps: 96335
Episode 4900 - Reward: 98.03 - Steps: 96846
Episode 4925 - Reward: 97.54 - Steps: 97354
Episode 4950 - Reward: 97.68 - Steps: 97864
Episode 4975 - Reward: 102.67 - Steps: 98375
Episode 5000 - Reward: 97.83 - Steps: 98883
Episode 5025 - Reward: 98.06 - Steps: 99392
Episode 5050 - Reward: 102.68 - Steps: 99902
Episode 5075 - Reward: 97.63 - Steps: 100411
Episode 5100 - Reward: 103.06 - Steps: 100922
Episode 5125 - Reward: 102.68 - Steps: 101435
Episode 5150 - Reward: 97.71 - Steps: 101944
Episode 5175 - Reward: 97.57 - Steps: 102454
Episode 5200 - Reward: 102.60 - Steps: 102962
Episode 5225 - Reward: 97.86 - Steps: 103471
Episode 5250 - Reward: 97.66 - Steps: 103980
Episode 5275 - Reward: 97.47 - Steps: 104490
Episode 5300 - Reward: 97.47 - Steps: 104999
Episode 5325 - Reward: 97.86 - Steps: 105508
Episode 5350 - Reward: 103.11 - Steps: 106021
Episode 5375 - Reward: 97.72 - Steps: 106529
Episode 5400 - Reward: 102.56 - Steps: 107041
Episode 5425 - Reward: 102.54 - Steps: 107550
Episode 5450 - Reward: 102.93 - Steps: 108059
Episode 5475 - Reward: 97.47 - Steps: 108566
Episode 5500 - Reward: 102.67 - Steps: 109075
Episode 5525 - Reward: 97.86 - Steps: 109586
Episode 5550 - Reward: 97.72 - Steps: 110096
Episode 5575 - Reward: 97.75 - Steps: 110607
Episode 5600 - Reward: 97.66 - Steps: 111119
Episode 5625 - Reward: 98.02 - Steps: 111623
Episode 5650 - Reward: 102.93 - Steps: 112132
Episode 5675 - Reward: 97.86 - Steps: 112640
Episode 5700 - Reward: 102.53 - Steps: 113153
Episode 5725 - Reward: 102.37 - Steps: 113659
Episode 5750 - Reward: 97.69 - Steps: 114165
Episode 5775 - Reward: 97.65 - Steps: 114678
Episode 5800 - Reward: 102.80 - Steps: 115189
Episode 5825 - Reward: 102.73 - Steps: 115697
Episode 5850 - Reward: 97.77 - Steps: 116206
Episode 5875 - Reward: 102.79 - Steps: 116717
Episode 5900 - Reward: 102.45 - Steps: 117233
Episode 5925 - Reward: 103.06 - Steps: 117742
Episode 5950 - Reward: 102.88 - Steps: 118248
Episode 5975 - Reward: 102.66 - Steps: 118758
Episode 6000 - Reward: 97.78 - Steps: 119265
Episode 6025 - Reward: 97.92 - Steps: 119774
Episode 6050 - Reward: 97.95 - Steps: 120284
Episode 6075 - Reward: 97.99 - Steps: 120796
Episode 6100 - Reward: 97.69 - Steps: 121306
Episode 6125 - Reward: 97.56 - Steps: 121815
Episode 6150 - Reward: 102.96 - Steps: 122326
Episode 6175 - Reward: 97.59 - Steps: 122836
Episode 6200 - Reward: 97.62 - Steps: 123345
Episode 6225 - Reward: 97.77 - Steps: 123853
Episode 6250 - Reward: 97.78 - Steps: 124361
Episode 6275 - Reward: 102.72 - Steps: 124874
Episode 6300 - Reward: 97.80 - Steps: 125382
Episode 6325 - Reward: 102.87 - Steps: 125889
Episode 6350 - Reward: 102.36 - Steps: 126398
Episode 6375 - Reward: 97.90 - Steps: 126904
Episode 6400 - Reward: 102.54 - Steps: 127414
Episode 6425 - Reward: 102.55 - Steps: 127923
Episode 6450 - Reward: 103.10 - Steps: 128429
Episode 6475 - Reward: 98.05 - Steps: 128940
Episode 6500 - Reward: 97.84 - Steps: 129450
Episode 6525 - Reward: 97.84 - Steps: 129959
Episode 6550 - Reward: 97.79 - Steps: 130466
Episode 6575 - Reward: 97.85 - Steps: 130975
Episode 6600 - Reward: 97.69 - Steps: 131488
Episode 6625 - Reward: 97.50 - Steps: 131998
Episode 6650 - Reward: 102.53 - Steps: 132507
Episode 6675 - Reward: 103.03 - Steps: 133020
Episode 6700 - Reward: 97.90 - Steps: 133532
Episode 6725 - Reward: 97.74 - Steps: 134041
Episode 6750 - Reward: 98.21 - Steps: 134548
Episode 6775 - Reward: 97.48 - Steps: 135055
Episode 6800 - Reward: 103.17 - Steps: 135564
Episode 6825 - Reward: 97.99 - Steps: 136072
Episode 6850 - Reward: 98.06 - Steps: 136579
Episode 6875 - Reward: 102.96 - Steps: 137090
Episode 6900 - Reward: 97.59 - Steps: 137597
Episode 6925 - Reward: 102.41 - Steps: 138113
Episode 6950 - Reward: 97.92 - Steps: 138624
Episode 6975 - Reward: 97.88 - Steps: 139135
Episode 7000 - Reward: 97.59 - Steps: 139645
Episode 7025 - Reward: 97.96 - Steps: 140153
Episode 7050 - Reward: 97.74 - Steps: 140661
Episode 7075 - Reward: 97.83 - Steps: 141170
Episode 7100 - Reward: 102.37 - Steps: 141680
Episode 7125 - Reward: 97.60 - Steps: 142189
Episode 7150 - Reward: 97.84 - Steps: 142700
Episode 7175 - Reward: 97.79 - Steps: 143211
Episode 7200 - Reward: 97.72 - Steps: 143719
Episode 7225 - Reward: 102.78 - Steps: 144232
Episode 7250 - Reward: 97.86 - Steps: 144740
Episode 7275 - Reward: 97.64 - Steps: 145252
Episode 7300 - Reward: 102.88 - Steps: 145760
Episode 7325 - Reward: 97.97 - Steps: 146273
Episode 7350 - Reward: 97.83 - Steps: 146788
Episode 7375 - Reward: 97.83 - Steps: 147296
Episode 7400 - Reward: 97.95 - Steps: 147803
Episode 7425 - Reward: 97.67 - Steps: 148320
Episode 7450 - Reward: 102.81 - Steps: 148834
Episode 7475 - Reward: 97.83 - Steps: 149348
Episode 7500 - Reward: 103.01 - Steps: 149859
Episode 7525 - Reward: 97.97 - Steps: 150369
Episode 7550 - Reward: 102.66 - Steps: 150878
Episode 7575 - Reward: 102.81 - Steps: 151386
Episode 7600 - Reward: 102.57 - Steps: 151899
Episode 7625 - Reward: 97.74 - Steps: 152410
Episode 7650 - Reward: 102.69 - Steps: 152922
Episode 7675 - Reward: 97.72 - Steps: 153427
Episode 7700 - Reward: 97.37 - Steps: 153937
Episode 7725 - Reward: 97.82 - Steps: 154450
Episode 7750 - Reward: 97.83 - Steps: 154957
Episode 7775 - Reward: 97.78 - Steps: 155470
Episode 7800 - Reward: 97.88 - Steps: 155980
Episode 7825 - Reward: 102.76 - Steps: 156491
Episode 7850 - Reward: 102.67 - Steps: 157005
Episode 7875 - Reward: 97.60 - Steps: 157512
Episode 7900 - Reward: 97.62 - Steps: 158021
Episode 7925 - Reward: 102.61 - Steps: 158532
Episode 7950 - Reward: 97.88 - Steps: 159040
Episode 7975 - Reward: 102.71 - Steps: 159550
Episode 8000 - Reward: 102.55 - Steps: 160059
Episode 8025 - Reward: 98.12 - Steps: 160564
Episode 8050 - Reward: 102.83 - Steps: 161071
Episode 8075 - Reward: 97.57 - Steps: 161584
Episode 8100 - Reward: 98.04 - Steps: 162092
Episode 8125 - Reward: 97.86 - Steps: 162604
Episode 8150 - Reward: 102.54 - Steps: 163113
Episode 8175 - Reward: 98.09 - Steps: 163621
Episode 8200 - Reward: 97.77 - Steps: 164130
Episode 8225 - Reward: 97.65 - Steps: 164640
Episode 8250 - Reward: 97.71 - Steps: 165147
Episode 8275 - Reward: 97.61 - Steps: 165651
Episode 8300 - Reward: 102.83 - Steps: 166159
Episode 8325 - Reward: 97.80 - Steps: 166667
Episode 8350 - Reward: 97.86 - Steps: 167176
Episode 8375 - Reward: 97.87 - Steps: 167686
Episode 8400 - Reward: 97.48 - Steps: 168190
Episode 8425 - Reward: 102.57 - Steps: 168702
Episode 8450 - Reward: 97.91 - Steps: 169211
Episode 8475 - Reward: 97.76 - Steps: 169721
Episode 8500 - Reward: 97.96 - Steps: 170230
Episode 8525 - Reward: 98.02 - Steps: 170739
Episode 8550 - Reward: 102.74 - Steps: 171253
Episode 8575 - Reward: 102.55 - Steps: 171764
Episode 8600 - Reward: 97.41 - Steps: 172275
Episode 8625 - Reward: 102.59 - Steps: 172784
Episode 8650 - Reward: 97.51 - Steps: 173294
Episode 8675 - Reward: 102.76 - Steps: 173806
Episode 8700 - Reward: 97.90 - Steps: 174316
Episode 8725 - Reward: 102.96 - Steps: 174828
Episode 8750 - Reward: 97.84 - Steps: 175337
Episode 8775 - Reward: 97.82 - Steps: 175847
Episode 8800 - Reward: 102.80 - Steps: 176357
Episode 8825 - Reward: 97.78 - Steps: 176868
Episode 8850 - Reward: 97.70 - Steps: 177376
Episode 8875 - Reward: 97.39 - Steps: 177888
Episode 8900 - Reward: 102.22 - Steps: 178399
Episode 8925 - Reward: 102.63 - Steps: 178909
Episode 8950 - Reward: 102.76 - Steps: 179420
Episode 8975 - Reward: 97.75 - Steps: 179927
Episode 9000 - Reward: 97.66 - Steps: 180438
Episode 9025 - Reward: 102.43 - Steps: 180951
Episode 9050 - Reward: 102.59 - Steps: 181462
Episode 9075 - Reward: 102.84 - Steps: 181972
Episode 9100 - Reward: 98.09 - Steps: 182485
Episode 9125 - Reward: 102.57 - Steps: 182995
Episode 9150 - Reward: 97.57 - Steps: 183507
Episode 9175 - Reward: 97.69 - Steps: 184016
Episode 9200 - Reward: 97.82 - Steps: 184525
Episode 9225 - Reward: 97.85 - Steps: 185034
Episode 9250 - Reward: 98.04 - Steps: 185544
Episode 9275 - Reward: 97.81 - Steps: 186054
Episode 9300 - Reward: 97.72 - Steps: 186564
Episode 9325 - Reward: 97.61 - Steps: 187072
Episode 9350 - Reward: 97.56 - Steps: 187582
Episode 9375 - Reward: 97.80 - Steps: 188096
Episode 9400 - Reward: 98.00 - Steps: 188603
Episode 9425 - Reward: 102.92 - Steps: 189112
Episode 9450 - Reward: 97.76 - Steps: 189622
Episode 9475 - Reward: 97.65 - Steps: 190133
Episode 9500 - Reward: 97.59 - Steps: 190639
Episode 9525 - Reward: 102.56 - Steps: 191150
Episode 9550 - Reward: 97.53 - Steps: 191657
Episode 9575 - Reward: 102.95 - Steps: 192169
Episode 9600 - Reward: 97.88 - Steps: 192678
Episode 9625 - Reward: 102.47 - Steps: 193190
Episode 9650 - Reward: 97.46 - Steps: 193700
Episode 9675 - Reward: 97.89 - Steps: 194208
Episode 9700 - Reward: 102.94 - Steps: 194721
Episode 9725 - Reward: 102.87 - Steps: 195233
Episode 9750 - Reward: 97.63 - Steps: 195743
Episode 9775 - Reward: 102.73 - Steps: 196251
Episode 9800 - Reward: 98.00 - Steps: 196758
Episode 9825 - Reward: 97.26 - Steps: 197271
Episode 9850 - Reward: 102.27 - Steps: 197780
Episode 9875 - Reward: 102.62 - Steps: 198292
Episode 9900 - Reward: 97.62 - Steps: 198803
Episode 9925 - Reward: 97.69 - Steps: 199311
Episode 9950 - Reward: 102.77 - Steps: 199819
Episode 9975 - Reward: 98.04 - Steps: 200329
Episode 10000 - Reward: 102.50 - Steps: 200838
Training time: 56m 5s
Reward over 25 episodes: 96.39 ± 0.00
Total Reward of Policy Evaluation: 91.17
Loaded model with reward: 103.17
Loaded best agent checkpoint.
Total Reward of Policy Evaluation: 96.40
