TD3 Agent Configuration:
hidden_units: [128, 128]
conv_layers: None
gamma: 0.99
load_best: False
replay_buffer_size: 100000
batch_size: 64
exploration_noise: 0.1
policy_noise: 0.2
noise_clip: 0.5
policy_delay: 2
actor_lr: 0.001
critic_lr: 0.001
tau: 0.005

Train Configuration:
gradient_steps: 1
max_episodes: 400
warmup_steps: 10000
print_interval: 10
checkpoint_interval: 50
test_episodes: 25
save_replay_buffer: False

Environment Seed: None

Starting TD3 Training

No pre-trained model found, training from scratch.

Episode 10 - Reward: -1808.60 - Steps: 2001
Episode 20 - Reward: -1464.83 - Steps: 4001
Episode 30 - Reward: -1305.01 - Steps: 6001
Episode 40 - Reward: -1787.21 - Steps: 8001
Episode 50 - Reward: -1788.86 - Steps: 10001
Episode 60 - Reward: -1525.36 - Steps: 12001
Episode 70 - Reward: -880.66 - Steps: 14001
Episode 80 - Reward: -800.33 - Steps: 16001
Episode 90 - Reward: -138.64 - Steps: 18001
Episode 100 - Reward: -120.88 - Steps: 20001
Episode 110 - Reward: -125.55 - Steps: 22001
Episode 120 - Reward: -254.04 - Steps: 24001
Episode 130 - Reward: -130.27 - Steps: 26001
Episode 140 - Reward: -431.06 - Steps: 28001
Episode 150 - Reward: -128.91 - Steps: 30001
Episode 160 - Reward: -124.61 - Steps: 32001
Episode 170 - Reward: -128.78 - Steps: 34001
Episode 180 - Reward: -119.25 - Steps: 36001
Episode 190 - Reward: -233.98 - Steps: 38001
Episode 200 - Reward: -256.24 - Steps: 40001
Episode 210 - Reward: -2.19 - Steps: 42001
Episode 220 - Reward: -281.50 - Steps: 44001
Episode 230 - Reward: -233.68 - Steps: 46001
Episode 240 - Reward: -119.30 - Steps: 48001
Episode 250 - Reward: -135.36 - Steps: 50001
Episode 260 - Reward: -138.77 - Steps: 52001
Episode 270 - Reward: -338.84 - Steps: 54001
Episode 280 - Reward: -134.52 - Steps: 56001
Episode 290 - Reward: -250.83 - Steps: 58001
Episode 300 - Reward: -245.72 - Steps: 60001
Episode 310 - Reward: -125.50 - Steps: 62001
Episode 320 - Reward: -120.83 - Steps: 64001
Episode 330 - Reward: -129.17 - Steps: 66001
Episode 340 - Reward: -130.20 - Steps: 68001
Episode 350 - Reward: -117.86 - Steps: 70001
Episode 360 - Reward: -117.32 - Steps: 72001
Episode 370 - Reward: -114.96 - Steps: 74001
Episode 380 - Reward: -126.55 - Steps: 76001
Episode 390 - Reward: -132.43 - Steps: 78001
Episode 400 - Reward: -128.42 - Steps: 80001
Training time: 8m 41s
Reward over 25 episodes: -1.69 ± 0.00
Total Reward of Policy Evaluation: -129.80
Loaded model with reward: -117.86
Loaded best agent checkpoint.
Total Reward of Policy Evaluation: -240.60
