TD3 Agent Configuration:
hidden_units: [128, 128]
conv_layers: None
use_batchnorm: None
dropout_rate: 0.2
gamma: 0.99
load_best: False
replay_buffer_size: 100000
batch_size: 64
exploration_noise: 0.1
policy_noise: 0.2
noise_clip: 0.5
policy_delay: 2
actor_lr: 0.001
critic_lr: 0.001
tau: 0.005

Train Configuration:
gradient_steps: 1
max_episodes: 400
warmup_steps: 10000
print_interval: 10
checkpoint_interval: 50
test_episodes: 25
save_replay_buffer: False

Environment Seed: 42

Starting TD3 Training

No pre-trained model found, training from scratch.

Episode 10 - Reward: -1360.34 - Steps: 2001
Episode 20 - Reward: -1361.21 - Steps: 4001
Episode 30 - Reward: -1381.36 - Steps: 6001
Episode 40 - Reward: -1364.74 - Steps: 8001
Episode 50 - Reward: -1368.72 - Steps: 10001
Episode 60 - Reward: -1561.79 - Steps: 12001
Episode 70 - Reward: -1041.16 - Steps: 14001
Episode 80 - Reward: -526.53 - Steps: 16001
Episode 90 - Reward: -910.99 - Steps: 18001
Episode 100 - Reward: -1004.66 - Steps: 20001
Episode 110 - Reward: -783.41 - Steps: 22001
Episode 120 - Reward: -1372.53 - Steps: 24001
Episode 130 - Reward: -909.51 - Steps: 26001
Episode 140 - Reward: -766.65 - Steps: 28001
Episode 150 - Reward: -1473.46 - Steps: 30001
Episode 160 - Reward: -1011.92 - Steps: 32001
Episode 170 - Reward: -995.30 - Steps: 34001
Episode 180 - Reward: -889.65 - Steps: 36001
Episode 190 - Reward: -1036.83 - Steps: 38001
Episode 200 - Reward: -1040.69 - Steps: 40001
Episode 210 - Reward: -249.56 - Steps: 42001
Episode 220 - Reward: -872.05 - Steps: 44001
Episode 230 - Reward: -995.58 - Steps: 46001
Episode 240 - Reward: -254.87 - Steps: 48001
Episode 250 - Reward: -380.80 - Steps: 50001
Episode 260 - Reward: -1005.09 - Steps: 52001
Episode 270 - Reward: -241.44 - Steps: 54001
Episode 280 - Reward: -971.84 - Steps: 56001
Episode 290 - Reward: -478.64 - Steps: 58001
Episode 300 - Reward: -1488.65 - Steps: 60001
Episode 310 - Reward: -241.64 - Steps: 62001
Episode 320 - Reward: -1482.16 - Steps: 64001
Episode 330 - Reward: -1451.51 - Steps: 66001
Episode 340 - Reward: -1008.35 - Steps: 68001
Episode 350 - Reward: -973.55 - Steps: 70001
Episode 360 - Reward: -1018.94 - Steps: 72001
Episode 370 - Reward: -621.53 - Steps: 74001
Episode 380 - Reward: -870.35 - Steps: 76001
Episode 390 - Reward: -1086.35 - Steps: 78001
Episode 400 - Reward: -360.39 - Steps: 80001
Training time: 11m 44s
Reward over 25 episodes: -1167.33 ± 0.00
Total Reward of Policy Evaluation: -127.72
Loaded model with reward: -360.39
Loaded best agent checkpoint.
Total Reward of Policy Evaluation: -1484.18
