TD3 Agent Configuration:
hidden_units: [128, 128]
conv_layers: None
use_batchnorm: None
dropout_rate: 0.2
gamma: 0.99
load_best: False
replay_buffer_size: 100000
batch_size: 64
exploration_noise: 0.1
policy_noise: 0.2
noise_clip: 0.5
policy_delay: 2
actor_lr: 0.001
critic_lr: 0.001
tau: 0.005

Train Configuration:
gradient_steps: 1
max_episodes: 400
warmup_steps: 10000
print_interval: 10
checkpoint_interval: 50
test_episodes: 25
save_replay_buffer: False

Environment Seed: None

Starting TD3 Training

No pre-trained model found, training from scratch.

Episode 10 - Reward: -1494.38 - Steps: 2001
Episode 20 - Reward: -1369.34 - Steps: 4001
Episode 30 - Reward: -1538.47 - Steps: 6001
Episode 40 - Reward: -1532.82 - Steps: 8001
Episode 50 - Reward: -1455.89 - Steps: 10001
Episode 60 - Reward: -1531.28 - Steps: 12001
Episode 70 - Reward: -1413.87 - Steps: 14001
Episode 80 - Reward: -1520.42 - Steps: 16001
Episode 90 - Reward: -1227.95 - Steps: 18001
Episode 100 - Reward: -272.60 - Steps: 20001
Episode 110 - Reward: -719.02 - Steps: 22001
Episode 120 - Reward: -20.70 - Steps: 24001
Episode 130 - Reward: -232.68 - Steps: 26001
Episode 140 - Reward: -1.79 - Steps: 28001
Episode 150 - Reward: -136.45 - Steps: 30001
Episode 160 - Reward: -579.52 - Steps: 32001
Episode 170 - Reward: -365.31 - Steps: 34001
Episode 180 - Reward: -140.21 - Steps: 36001
Episode 190 - Reward: -517.29 - Steps: 38001
Episode 200 - Reward: -136.72 - Steps: 40001
Episode 210 - Reward: -240.75 - Steps: 42001
Episode 220 - Reward: -134.80 - Steps: 44001
Episode 230 - Reward: -14.39 - Steps: 46001
Episode 240 - Reward: -248.61 - Steps: 48001
Episode 250 - Reward: -355.21 - Steps: 50001
Episode 260 - Reward: -247.00 - Steps: 52001
Episode 270 - Reward: -392.62 - Steps: 54001
Episode 280 - Reward: -632.16 - Steps: 56001
Episode 290 - Reward: -267.48 - Steps: 58001
Episode 300 - Reward: -125.54 - Steps: 60001
Episode 310 - Reward: -125.99 - Steps: 62001
Episode 320 - Reward: -267.03 - Steps: 64001
Episode 330 - Reward: -7.29 - Steps: 66001
Episode 340 - Reward: -124.64 - Steps: 68001
Episode 350 - Reward: -255.01 - Steps: 70001
Episode 360 - Reward: -997.81 - Steps: 72001
Episode 370 - Reward: -480.43 - Steps: 74001
Episode 380 - Reward: -1066.41 - Steps: 76001
Episode 390 - Reward: -262.08 - Steps: 78001
Episode 400 - Reward: -810.69 - Steps: 80001
Training time: 11m 49s
Reward over 25 episodes: -1.98 ± 0.00
Total Reward of Policy Evaluation: -1036.17
Loaded model with reward: -125.54
Loaded best agent checkpoint.
Total Reward of Policy Evaluation: -23.45
