TD3 Agent Configuration:
hidden_units: [128, 128]
conv_layers: None
gamma: 0.99
load_best: False
replay_buffer_size: 100000
batch_size: 64
exploration_noise: 0.1
policy_noise: 0.2
noise_clip: 0.5
policy_delay: 2
actor_lr: 0.001
critic_lr: 0.001
tau: 0.005

Train Configuration:
gradient_steps: 1
max_episodes: 400
warmup_steps: 10000
print_interval: 10
checkpoint_interval: 50
test_episodes: 25
save_replay_buffer: False

Environment Seed: None

Starting TD3 Training

No pre-trained model found, training from scratch.

Episode 10 - Reward: -1444.46 - Steps: 2001
Episode 20 - Reward: -1337.31 - Steps: 4001
Episode 30 - Reward: -1720.71 - Steps: 6001
Episode 40 - Reward: -1286.04 - Steps: 8001
Episode 50 - Reward: -1872.47 - Steps: 10001
Episode 60 - Reward: -1324.44 - Steps: 12001
Episode 70 - Reward: -897.53 - Steps: 14001
Episode 80 - Reward: -386.21 - Steps: 16001
Episode 90 - Reward: -4.22 - Steps: 18001
Episode 100 - Reward: -253.60 - Steps: 20001
Episode 110 - Reward: -231.27 - Steps: 22001
Episode 120 - Reward: -129.99 - Steps: 24001
Episode 130 - Reward: -7.60 - Steps: 26001
Episode 140 - Reward: -125.39 - Steps: 28001
Episode 150 - Reward: -252.00 - Steps: 30001
Episode 160 - Reward: -114.62 - Steps: 32001
Episode 170 - Reward: -118.39 - Steps: 34001
Episode 180 - Reward: -235.61 - Steps: 36001
Episode 190 - Reward: -5.21 - Steps: 38001
Episode 200 - Reward: -121.25 - Steps: 40001
Episode 210 - Reward: -120.69 - Steps: 42001
Episode 220 - Reward: -134.87 - Steps: 44001
Episode 230 - Reward: -243.33 - Steps: 46001
Episode 240 - Reward: -123.47 - Steps: 48001
Episode 250 - Reward: -127.17 - Steps: 50001
Episode 260 - Reward: -19.86 - Steps: 52001
Episode 270 - Reward: -19.50 - Steps: 54001
Episode 280 - Reward: -327.06 - Steps: 56001
Episode 290 - Reward: -141.47 - Steps: 58001
Episode 300 - Reward: -125.30 - Steps: 60001
Episode 310 - Reward: -2.46 - Steps: 62001
Episode 320 - Reward: -119.35 - Steps: 64001
Episode 330 - Reward: -128.80 - Steps: 66001
Episode 340 - Reward: -356.10 - Steps: 68001
Episode 350 - Reward: -4.60 - Steps: 70001
Episode 360 - Reward: -121.39 - Steps: 72001
Episode 370 - Reward: -129.47 - Steps: 74001
Episode 380 - Reward: -131.78 - Steps: 76001
Episode 390 - Reward: -4.88 - Steps: 78001
Episode 400 - Reward: -232.19 - Steps: 80001
Training time: 11m 11s
Reward over 25 episodes: -117.06 ± 0.00
Total Reward of Policy Evaluation: -235.66
Loaded model with reward: -4.60
Loaded best agent checkpoint.
Total Reward of Policy Evaluation: -131.54
