TD3 Agent Configuration:
hidden_units: [128, 128]
conv_layers: None
gamma: 0.99
load_best: False
replay_buffer_size: 100000
batch_size: 64
exploration_noise: 0.1
policy_noise: 0.2
noise_clip: 0.5
policy_delay: 2
actor_lr: 0.001
critic_lr: 0.001
tau: 0.005

Train Configuration:
gradient_steps: 1
max_episodes: 400
warmup_steps: 10000
print_interval: 10
checkpoint_interval: 50
test_episodes: 25
save_replay_buffer: False

Environment Seed: None

Starting TD3 Training

No pre-trained model found, training from scratch.

Episode 10 - Reward: -1824.39 - Steps: 2001
Episode 20 - Reward: -1862.95 - Steps: 4001
Episode 30 - Reward: -1379.03 - Steps: 6001
Episode 40 - Reward: -1440.19 - Steps: 8001
Episode 50 - Reward: -1430.51 - Steps: 10001
Episode 60 - Reward: -1414.26 - Steps: 12001
Episode 70 - Reward: -1097.21 - Steps: 14001
Episode 80 - Reward: -263.12 - Steps: 16001
Episode 90 - Reward: -251.78 - Steps: 18001
Episode 100 - Reward: -129.71 - Steps: 20001
Episode 110 - Reward: -122.63 - Steps: 22001
Episode 120 - Reward: -128.75 - Steps: 24001
Episode 130 - Reward: -128.73 - Steps: 26001
Episode 140 - Reward: -126.74 - Steps: 28001
Episode 150 - Reward: -253.79 - Steps: 30001
Episode 160 - Reward: -122.00 - Steps: 32001
Episode 170 - Reward: -113.67 - Steps: 34001
Episode 180 - Reward: -253.63 - Steps: 36001
Episode 190 - Reward: -118.92 - Steps: 38001
Episode 200 - Reward: -127.61 - Steps: 40001
Episode 210 - Reward: -351.79 - Steps: 42001
Episode 220 - Reward: -117.15 - Steps: 44001
Episode 230 - Reward: -129.19 - Steps: 46001
Episode 240 - Reward: -127.24 - Steps: 48001
Episode 250 - Reward: -123.82 - Steps: 50001
Episode 260 - Reward: -126.41 - Steps: 52001
Episode 270 - Reward: -125.24 - Steps: 54001
Episode 280 - Reward: -126.29 - Steps: 56001
Episode 290 - Reward: -128.26 - Steps: 58001
Episode 300 - Reward: -6.09 - Steps: 60001
Episode 310 - Reward: -255.80 - Steps: 62001
Episode 320 - Reward: -123.26 - Steps: 64001
Episode 330 - Reward: -9.69 - Steps: 66001
Episode 340 - Reward: -248.08 - Steps: 68001
Episode 350 - Reward: -121.48 - Steps: 70001
Episode 360 - Reward: -237.07 - Steps: 72001
Episode 370 - Reward: -238.33 - Steps: 74001
Episode 380 - Reward: -126.57 - Steps: 76001
Episode 390 - Reward: -116.97 - Steps: 78001
Episode 400 - Reward: -239.63 - Steps: 80001
Training time: 11m 12s
Reward over 25 episodes: -114.91 ± 0.00
Total Reward of Policy Evaluation: -123.90
Loaded model with reward: -6.09
Loaded best agent checkpoint.
Total Reward of Policy Evaluation: -123.63
