TD3 Agent Configuration:
hidden_units: [128, 128]
conv_layers: None
gamma: 0.99
load_best: False
replay_buffer_size: 100000
batch_size: 64
exploration_noise: 0.1
policy_noise: 0.2
noise_clip: 0.5
policy_delay: 2
actor_lr: 0.001
critic_lr: 0.001
tau: 0.005

Train Configuration:
gradient_steps: 1
max_episodes: 400
warmup_steps: 10000
print_interval: 10
checkpoint_interval: 50
test_episodes: 25
save_replay_buffer: False

Environment Seed: 42

Starting TD3 Training

No pre-trained model found, training from scratch.

Episode 10 - Reward: -1360.34 - Steps: 2001
Episode 20 - Reward: -1361.21 - Steps: 4001
Episode 30 - Reward: -1381.36 - Steps: 6001
Episode 40 - Reward: -1364.74 - Steps: 8001
Episode 50 - Reward: -1368.72 - Steps: 10001
Episode 60 - Reward: -1494.74 - Steps: 12001
Episode 70 - Reward: -1048.16 - Steps: 14001
Episode 80 - Reward: -777.65 - Steps: 16001
Episode 90 - Reward: -642.20 - Steps: 18001
Episode 100 - Reward: -124.51 - Steps: 20001
Episode 110 - Reward: -124.14 - Steps: 22001
Episode 120 - Reward: -125.09 - Steps: 24001
Episode 130 - Reward: -117.95 - Steps: 26001
Episode 140 - Reward: -119.90 - Steps: 28001
Episode 150 - Reward: -122.19 - Steps: 30001
Episode 160 - Reward: -124.87 - Steps: 32001
Episode 170 - Reward: -122.45 - Steps: 34001
Episode 180 - Reward: -119.78 - Steps: 36001
Episode 190 - Reward: -119.50 - Steps: 38001
Episode 200 - Reward: -123.24 - Steps: 40001
Episode 210 - Reward: -125.84 - Steps: 42001
Episode 220 - Reward: -128.22 - Steps: 44001
Episode 230 - Reward: -132.28 - Steps: 46001
Episode 240 - Reward: -131.87 - Steps: 48001
Episode 250 - Reward: -127.77 - Steps: 50001
Episode 260 - Reward: -123.18 - Steps: 52001
Episode 270 - Reward: -123.68 - Steps: 54001
Episode 280 - Reward: -118.50 - Steps: 56001
Episode 290 - Reward: -121.47 - Steps: 58001
Episode 300 - Reward: -120.71 - Steps: 60001
Episode 310 - Reward: -118.14 - Steps: 62001
Episode 320 - Reward: -117.75 - Steps: 64001
Episode 330 - Reward: -136.48 - Steps: 66001
Episode 340 - Reward: -136.88 - Steps: 68001
Episode 350 - Reward: -137.76 - Steps: 70001
Episode 360 - Reward: -139.96 - Steps: 72001
Episode 370 - Reward: -142.18 - Steps: 74001
Episode 380 - Reward: -261.55 - Steps: 76001
Episode 390 - Reward: -137.35 - Steps: 78001
Episode 400 - Reward: -137.61 - Steps: 80001
Training time: 10m 17s
Reward over 25 episodes: -124.39 ± 0.00
Total Reward of Policy Evaluation: -146.29
Loaded model with reward: -120.71
Loaded best agent checkpoint.
Total Reward of Policy Evaluation: -254.32
