TD3 Agent Configuration:
hidden_units: [128, 128]
conv_layers: None
gamma: 0.99
load_best: False
replay_buffer_size: 100000
batch_size: 64
exploration_noise: 0.1
policy_noise: 0.2
noise_clip: 0.5
policy_delay: 2
actor_lr: 0.001
critic_lr: 0.001
tau: 0.005

Train Configuration:
gradient_steps: 1
max_episodes: 400
warmup_steps: 10000
print_interval: 10
checkpoint_interval: 50
test_episodes: 25
save_replay_buffer: False

Environment Seed: None

Starting TD3 Training

No pre-trained model found, training from scratch.

Episode 10 - Reward: -1053.94 - Steps: 2001
Episode 20 - Reward: -1497.60 - Steps: 4001
Episode 30 - Reward: -1478.00 - Steps: 6001
Episode 40 - Reward: -1422.89 - Steps: 8001
Episode 50 - Reward: -1901.24 - Steps: 10001
Episode 60 - Reward: -1517.78 - Steps: 12001
Episode 70 - Reward: -1518.82 - Steps: 14001
Episode 80 - Reward: -258.49 - Steps: 16001
Episode 90 - Reward: -470.31 - Steps: 18001
Episode 100 - Reward: -252.74 - Steps: 20001
Episode 110 - Reward: -134.17 - Steps: 22001
Episode 120 - Reward: -118.37 - Steps: 24001
Episode 130 - Reward: -124.52 - Steps: 26001
Episode 140 - Reward: -341.48 - Steps: 28001
Episode 150 - Reward: -128.60 - Steps: 30001
Episode 160 - Reward: -260.03 - Steps: 32001
Episode 170 - Reward: -278.08 - Steps: 34001
Episode 180 - Reward: -20.34 - Steps: 36001
Episode 190 - Reward: -145.09 - Steps: 38001
Episode 200 - Reward: -141.29 - Steps: 40001
Episode 210 - Reward: -19.77 - Steps: 42001
Episode 220 - Reward: -136.00 - Steps: 44001
Episode 230 - Reward: -239.43 - Steps: 46001
Episode 240 - Reward: -251.29 - Steps: 48001
Episode 250 - Reward: -249.51 - Steps: 50001
Episode 260 - Reward: -250.56 - Steps: 52001
Episode 270 - Reward: -363.68 - Steps: 54001
Episode 280 - Reward: -244.12 - Steps: 56001
Episode 290 - Reward: -128.55 - Steps: 58001
Episode 300 - Reward: -8.53 - Steps: 60001
Episode 310 - Reward: -7.75 - Steps: 62001
Episode 320 - Reward: -252.44 - Steps: 64001
Episode 330 - Reward: -127.16 - Steps: 66001
Episode 340 - Reward: -6.35 - Steps: 68001
Episode 350 - Reward: -133.44 - Steps: 70001
Episode 360 - Reward: -135.12 - Steps: 72001
Episode 370 - Reward: -243.83 - Steps: 74001
Episode 380 - Reward: -340.78 - Steps: 76001
Episode 390 - Reward: -236.21 - Steps: 78001
Episode 400 - Reward: -129.13 - Steps: 80001
Training time: 11m 39s
Reward over 25 episodes: -124.54 ± 0.00
Total Reward of Policy Evaluation: -123.50
Loaded model with reward: -8.53
Loaded best agent checkpoint.
Total Reward of Policy Evaluation: -252.13
