SAC Agent Configuration:
hidden_units: [256, 256]
conv_layers: None
log_std_interval: [-20, 2]
gamma: 0.99
load_best: False
replay_buffer_size: 200000
batch_size: 256
init_temperature: 0.2
actor_lr: 0.0003
critic_lr: 0.0003
temperature_lr: 0.0003
actor_update_freq: 1
critic_target_update_freq: 1
tau: 0.005

Train Configuration:
gradient_steps: 1
max_episodes: 10000
warmup_steps: 15000
print_interval: 25
checkpoint_interval: 50
test_episodes: 25
save_replay_buffer: False
evaluation_interval: 10

Environment Seed: None

Starting SAC Training

No pre-trained model found, training from scratch.

Episode 25 - Reward: 76.00 - Alpha: 0.20000 - Steps: 541
Episode 50 - Reward: 124.86 - Alpha: 0.20000 - Steps: 1052
Episode 75 - Reward: 142.80 - Alpha: 0.20000 - Steps: 1667
Episode 100 - Reward: 81.00 - Alpha: 0.20000 - Steps: 2230
Episode 125 - Reward: 109.55 - Alpha: 0.20000 - Steps: 2762
Episode 150 - Reward: 164.44 - Alpha: 0.20000 - Steps: 3302
Episode 175 - Reward: 86.33 - Alpha: 0.20000 - Steps: 3900
Episode 200 - Reward: 123.78 - Alpha: 0.20000 - Steps: 4430
Episode 225 - Reward: 76.04 - Alpha: 0.20000 - Steps: 4947
Episode 250 - Reward: 183.89 - Alpha: 0.20000 - Steps: 5513
Episode 275 - Reward: 76.21 - Alpha: 0.20000 - Steps: 6080
Episode 300 - Reward: 75.83 - Alpha: 0.20000 - Steps: 6603
Episode 325 - Reward: 106.68 - Alpha: 0.20000 - Steps: 7194
Episode 350 - Reward: 132.06 - Alpha: 0.20000 - Steps: 7728
Episode 375 - Reward: 76.15 - Alpha: 0.20000 - Steps: 8251
Episode 400 - Reward: 81.32 - Alpha: 0.20000 - Steps: 8774
Episode 425 - Reward: 103.57 - Alpha: 0.20000 - Steps: 9284
Episode 450 - Reward: 161.17 - Alpha: 0.20000 - Steps: 9796
Episode 475 - Reward: 76.16 - Alpha: 0.20000 - Steps: 10334
Episode 500 - Reward: 80.43 - Alpha: 0.20000 - Steps: 10879
Episode 525 - Reward: 196.79 - Alpha: 0.20000 - Steps: 11427
Episode 550 - Reward: 85.66 - Alpha: 0.20000 - Steps: 11987
Episode 575 - Reward: 172.92 - Alpha: 0.20000 - Steps: 12505
Episode 600 - Reward: 160.91 - Alpha: 0.20000 - Steps: 13084
Episode 625 - Reward: 94.07 - Alpha: 0.20000 - Steps: 13627
Episode 650 - Reward: 99.58 - Alpha: 0.20000 - Steps: 14228
Episode 675 - Reward: 76.47 - Alpha: 0.20000 - Steps: 14841
Episode 700 - Reward: 267.37 - Alpha: 0.16778 - Steps: 15572
Episode 725 - Reward: 83.25 - Alpha: 0.13448 - Steps: 16371
Episode 750 - Reward: 66.84 - Alpha: 0.12163 - Steps: 16764
Episode 775 - Reward: 71.43 - Alpha: 0.11129 - Steps: 17122
Episode 800 - Reward: 71.57 - Alpha: 0.10224 - Steps: 17475
Episode 825 - Reward: 95.47 - Alpha: 0.08163 - Steps: 18448
Episode 850 - Reward: 71.71 - Alpha: 0.07461 - Steps: 18844
Episode 875 - Reward: 117.14 - Alpha: 0.06746 - Steps: 19292
Episode 900 - Reward: 125.61 - Alpha: 0.05843 - Steps: 19937
Episode 925 - Reward: 171.13 - Alpha: 0.04664 - Steps: 20965
Episode 950 - Reward: 194.65 - Alpha: 0.04004 - Steps: 21667
Episode 975 - Reward: 277.07 - Alpha: 0.03234 - Steps: 22655
Episode 1000 - Reward: 322.69 - Alpha: 0.02261 - Steps: 24325
Episode 1025 - Reward: 460.12 - Alpha: 0.01502 - Steps: 26237
Episode 1050 - Reward: 274.83 - Alpha: 0.01052 - Steps: 27907
Episode 1075 - Reward: 273.40 - Alpha: 0.00788 - Steps: 29272
Episode 1100 - Reward: 282.73 - Alpha: 0.00586 - Steps: 30687
Episode 1125 - Reward: 236.85 - Alpha: 0.00438 - Steps: 32096
Episode 1150 - Reward: 337.83 - Alpha: 0.00332 - Steps: 33453
Episode 1175 - Reward: 273.36 - Alpha: 0.00250 - Steps: 34853
Episode 1200 - Reward: 304.70 - Alpha: 0.00183 - Steps: 36379
Episode 1225 - Reward: 373.82 - Alpha: 0.00129 - Steps: 38219
Episode 1250 - Reward: 329.80 - Alpha: 0.00095 - Steps: 39938
Episode 1275 - Reward: 590.19 - Alpha: 0.00073 - Steps: 41569
Episode 1300 - Reward: 285.70 - Alpha: 0.00057 - Steps: 43315
Episode 1325 - Reward: 259.33 - Alpha: 0.00049 - Steps: 45070
Episode 1350 - Reward: 301.09 - Alpha: 0.00064 - Steps: 46703
Episode 1375 - Reward: 300.01 - Alpha: 0.00106 - Steps: 48545
Episode 1400 - Reward: 181.15 - Alpha: 0.00110 - Steps: 49880
Episode 1425 - Reward: 394.28 - Alpha: 0.00112 - Steps: 51651
Episode 1450 - Reward: 387.13 - Alpha: 0.00119 - Steps: 53769
Episode 1475 - Reward: 414.81 - Alpha: 0.00101 - Steps: 56060
Episode 1500 - Reward: 378.99 - Alpha: 0.00119 - Steps: 58212
Episode 1525 - Reward: 409.89 - Alpha: 0.00157 - Steps: 60215
Episode 1550 - Reward: 503.76 - Alpha: 0.00166 - Steps: 62174
Episode 1575 - Reward: 378.56 - Alpha: 0.00154 - Steps: 64486
Episode 1600 - Reward: 309.68 - Alpha: 0.00175 - Steps: 66640
Episode 1625 - Reward: 406.74 - Alpha: 0.00149 - Steps: 69053
Episode 1650 - Reward: 476.57 - Alpha: 0.00171 - Steps: 71576
Episode 1675 - Reward: 458.56 - Alpha: 0.00171 - Steps: 74127
Episode 1700 - Reward: 470.82 - Alpha: 0.00172 - Steps: 76727
Episode 1725 - Reward: 439.01 - Alpha: 0.00155 - Steps: 79258
Episode 1750 - Reward: 405.99 - Alpha: 0.00178 - Steps: 81925
Episode 1775 - Reward: 533.27 - Alpha: 0.00177 - Steps: 84344
Episode 1800 - Reward: 527.15 - Alpha: 0.00166 - Steps: 86865
Episode 1825 - Reward: 523.97 - Alpha: 0.00158 - Steps: 89735
Episode 1850 - Reward: 451.84 - Alpha: 0.00185 - Steps: 92661
Episode 1875 - Reward: 446.01 - Alpha: 0.00178 - Steps: 95447
Episode 1900 - Reward: 472.66 - Alpha: 0.00172 - Steps: 98499
Episode 1925 - Reward: 572.98 - Alpha: 0.00203 - Steps: 101542
Episode 1950 - Reward: 687.31 - Alpha: 0.00191 - Steps: 104184
Episode 1975 - Reward: 541.01 - Alpha: 0.00195 - Steps: 107105
Episode 2000 - Reward: 438.89 - Alpha: 0.00236 - Steps: 109809
Episode 2025 - Reward: 449.54 - Alpha: 0.00206 - Steps: 112378
Episode 2050 - Reward: 679.33 - Alpha: 0.00201 - Steps: 115298
Episode 2075 - Reward: 713.57 - Alpha: 0.00223 - Steps: 118549
Episode 2100 - Reward: 505.67 - Alpha: 0.00203 - Steps: 121373
Episode 2125 - Reward: 550.58 - Alpha: 0.00217 - Steps: 124162
Episode 2150 - Reward: 595.99 - Alpha: 0.00234 - Steps: 127193
Episode 2175 - Reward: 556.87 - Alpha: 0.00229 - Steps: 130372
Episode 2200 - Reward: 632.59 - Alpha: 0.00211 - Steps: 133514
Episode 2225 - Reward: 463.72 - Alpha: 0.00230 - Steps: 136669
Episode 2250 - Reward: 540.85 - Alpha: 0.00221 - Steps: 139742
Episode 2275 - Reward: 386.25 - Alpha: 0.00242 - Steps: 142750
Episode 2300 - Reward: 537.90 - Alpha: 0.00231 - Steps: 145786
Episode 2325 - Reward: 618.32 - Alpha: 0.00242 - Steps: 148792
Episode 2350 - Reward: 506.86 - Alpha: 0.00262 - Steps: 151870
Episode 2375 - Reward: 754.31 - Alpha: 0.00224 - Steps: 154898
Episode 2400 - Reward: 604.15 - Alpha: 0.00236 - Steps: 157681
Episode 2425 - Reward: 647.91 - Alpha: 0.00244 - Steps: 160770
Episode 2450 - Reward: 661.65 - Alpha: 0.00232 - Steps: 164030
Episode 2475 - Reward: 758.34 - Alpha: 0.00246 - Steps: 167224
Episode 2500 - Reward: 563.56 - Alpha: 0.00243 - Steps: 170459
Episode 2525 - Reward: 570.57 - Alpha: 0.00250 - Steps: 173891
Episode 2550 - Reward: 730.22 - Alpha: 0.00249 - Steps: 177431
Episode 2575 - Reward: 1012.18 - Alpha: 0.00244 - Steps: 181054
Episode 2600 - Reward: 512.53 - Alpha: 0.00244 - Steps: 184866
Episode 2625 - Reward: 1045.98 - Alpha: 0.00262 - Steps: 188654
Episode 2650 - Reward: 565.32 - Alpha: 0.00242 - Steps: 192489
Episode 2675 - Reward: 616.60 - Alpha: 0.00270 - Steps: 196149
Episode 2700 - Reward: 745.54 - Alpha: 0.00288 - Steps: 199760
Episode 2725 - Reward: 535.78 - Alpha: 0.00264 - Steps: 203464
Episode 2750 - Reward: 986.88 - Alpha: 0.00243 - Steps: 206998
Episode 2775 - Reward: 764.78 - Alpha: 0.00255 - Steps: 210243
Episode 2800 - Reward: 429.70 - Alpha: 0.00247 - Steps: 213722
Episode 2825 - Reward: 904.25 - Alpha: 0.00235 - Steps: 217327
Episode 2850 - Reward: 780.31 - Alpha: 0.00224 - Steps: 221034
Episode 2875 - Reward: 594.78 - Alpha: 0.00248 - Steps: 224761
Episode 2900 - Reward: 1120.29 - Alpha: 0.00244 - Steps: 228632
Episode 2925 - Reward: 991.28 - Alpha: 0.00221 - Steps: 232646
Episode 2950 - Reward: 771.33 - Alpha: 0.00242 - Steps: 236885
Episode 2975 - Reward: 995.89 - Alpha: 0.00266 - Steps: 241631
Episode 3000 - Reward: 892.88 - Alpha: 0.00237 - Steps: 245819
Episode 3025 - Reward: 620.13 - Alpha: 0.00245 - Steps: 250392
Episode 3050 - Reward: 1348.82 - Alpha: 0.00229 - Steps: 254906
Episode 3075 - Reward: 795.52 - Alpha: 0.00242 - Steps: 259335
Episode 3100 - Reward: 603.67 - Alpha: 0.00244 - Steps: 264483
Episode 3125 - Reward: 663.91 - Alpha: 0.00243 - Steps: 268514
Episode 3150 - Reward: 685.93 - Alpha: 0.00258 - Steps: 273590
Episode 3175 - Reward: 1332.45 - Alpha: 0.00283 - Steps: 277951
Episode 3200 - Reward: 946.38 - Alpha: 0.00283 - Steps: 282604
Episode 3225 - Reward: 698.00 - Alpha: 0.00268 - Steps: 286907
Episode 3250 - Reward: 488.73 - Alpha: 0.00296 - Steps: 291737
Episode 3275 - Reward: 707.72 - Alpha: 0.00330 - Steps: 296566
Episode 3300 - Reward: 693.80 - Alpha: 0.00324 - Steps: 301921
Episode 3325 - Reward: 996.84 - Alpha: 0.00335 - Steps: 306825
Episode 3350 - Reward: 1829.63 - Alpha: 0.00342 - Steps: 312222
Episode 3375 - Reward: 1019.43 - Alpha: 0.00317 - Steps: 317319
Episode 3400 - Reward: 1055.72 - Alpha: 0.00318 - Steps: 323838
Episode 3425 - Reward: 984.86 - Alpha: 0.00350 - Steps: 328532
Episode 3450 - Reward: 1093.88 - Alpha: 0.00387 - Steps: 333506
Episode 3475 - Reward: 921.31 - Alpha: 0.00376 - Steps: 338161
Episode 3500 - Reward: 1313.37 - Alpha: 0.00353 - Steps: 344025
Episode 3525 - Reward: 785.99 - Alpha: 0.00355 - Steps: 349733
Episode 3550 - Reward: 689.66 - Alpha: 0.00401 - Steps: 356245
Episode 3575 - Reward: 1520.68 - Alpha: 0.00381 - Steps: 362821
Episode 3600 - Reward: 956.54 - Alpha: 0.00413 - Steps: 369229
Episode 3625 - Reward: 2553.52 - Alpha: 0.00458 - Steps: 376337
Episode 3650 - Reward: 1360.15 - Alpha: 0.00432 - Steps: 382811
Episode 3675 - Reward: 1305.83 - Alpha: 0.00456 - Steps: 390625
Episode 3700 - Reward: 939.80 - Alpha: 0.00489 - Steps: 398072
Episode 3725 - Reward: 1386.80 - Alpha: 0.00527 - Steps: 407559
Episode 3750 - Reward: 1497.11 - Alpha: 0.00557 - Steps: 415277
Episode 3775 - Reward: 1283.71 - Alpha: 0.00521 - Steps: 423159
Episode 3800 - Reward: 1663.98 - Alpha: 0.00553 - Steps: 432295
Episode 3825 - Reward: 967.03 - Alpha: 0.00623 - Steps: 442549
Episode 3850 - Reward: 812.29 - Alpha: 0.00659 - Steps: 452944
Episode 3875 - Reward: 2904.05 - Alpha: 0.00628 - Steps: 463664
Episode 3900 - Reward: 3262.36 - Alpha: 0.00631 - Steps: 476422
Episode 3925 - Reward: 5252.31 - Alpha: 0.00621 - Steps: 490470
Episode 3950 - Reward: 535.60 - Alpha: 0.00604 - Steps: 504997
Episode 3975 - Reward: 5344.30 - Alpha: 0.00679 - Steps: 516853
Episode 4000 - Reward: 792.91 - Alpha: 0.00720 - Steps: 532651
Episode 4025 - Reward: 1871.38 - Alpha: 0.00622 - Steps: 547660
Episode 4050 - Reward: 2574.78 - Alpha: 0.00617 - Steps: 564843
Episode 4075 - Reward: 2520.31 - Alpha: 0.00689 - Steps: 579815
Episode 4100 - Reward: 498.72 - Alpha: 0.00685 - Steps: 594665
Episode 4125 - Reward: 1233.26 - Alpha: 0.00668 - Steps: 608473
Episode 4150 - Reward: 1952.48 - Alpha: 0.00676 - Steps: 620705
Episode 4175 - Reward: 5287.29 - Alpha: 0.00647 - Steps: 637707
Episode 4200 - Reward: 5426.23 - Alpha: 0.00759 - Steps: 657048
Episode 4225 - Reward: 5456.71 - Alpha: 0.00799 - Steps: 673283
Episode 4250 - Reward: 2332.80 - Alpha: 0.00783 - Steps: 691029
Episode 4275 - Reward: 5272.48 - Alpha: 0.00852 - Steps: 708599
Episode 4300 - Reward: 611.43 - Alpha: 0.00959 - Steps: 725032
Episode 4325 - Reward: 5469.85 - Alpha: 0.00883 - Steps: 742472
Episode 4350 - Reward: 5454.54 - Alpha: 0.00972 - Steps: 759738
Episode 4375 - Reward: 4608.51 - Alpha: 0.00898 - Steps: 777963
Episode 4400 - Reward: 491.60 - Alpha: 0.01081 - Steps: 795626
Episode 4425 - Reward: 5508.21 - Alpha: 0.00869 - Steps: 814288
Episode 4450 - Reward: 741.36 - Alpha: 0.01078 - Steps: 830324
Episode 4475 - Reward: 5554.56 - Alpha: 0.01077 - Steps: 846930
Episode 4500 - Reward: 5658.62 - Alpha: 0.00905 - Steps: 867489
Episode 4525 - Reward: 5656.80 - Alpha: 0.00965 - Steps: 885985
Episode 4550 - Reward: 5576.55 - Alpha: 0.01185 - Steps: 905147
Episode 4575 - Reward: 861.61 - Alpha: 0.00895 - Steps: 921951
Episode 4600 - Reward: 3344.79 - Alpha: 0.00887 - Steps: 941075
Episode 4625 - Reward: 5594.96 - Alpha: 0.01216 - Steps: 960906
Episode 4650 - Reward: 5592.08 - Alpha: 0.01702 - Steps: 982537
Episode 4675 - Reward: 765.52 - Alpha: 0.01273 - Steps: 1001055
Episode 4700 - Reward: 5678.19 - Alpha: 0.01372 - Steps: 1019074
Episode 4725 - Reward: 5632.33 - Alpha: 0.01673 - Steps: 1037819
Episode 4750 - Reward: 5804.58 - Alpha: 0.01389 - Steps: 1055995
Episode 4775 - Reward: 292.66 - Alpha: 0.01286 - Steps: 1077202
Episode 4800 - Reward: 626.24 - Alpha: 0.01189 - Steps: 1100455
Episode 4825 - Reward: 5740.96 - Alpha: 0.01330 - Steps: 1122802
Episode 4850 - Reward: 3910.20 - Alpha: 0.01287 - Steps: 1144357
Episode 4875 - Reward: 5837.22 - Alpha: 0.01303 - Steps: 1164053
Episode 4900 - Reward: 5596.29 - Alpha: 0.01281 - Steps: 1183919
Episode 4925 - Reward: 5844.81 - Alpha: 0.01279 - Steps: 1203339
Episode 4950 - Reward: 5860.47 - Alpha: 0.01234 - Steps: 1224951
Episode 4975 - Reward: 5743.00 - Alpha: 0.01124 - Steps: 1248852
Episode 5000 - Reward: 5877.53 - Alpha: 0.01059 - Steps: 1270632
Episode 5025 - Reward: 5734.48 - Alpha: 0.01128 - Steps: 1292623
Episode 5050 - Reward: 290.56 - Alpha: 0.01101 - Steps: 1312678
Episode 5075 - Reward: 5873.27 - Alpha: 0.01213 - Steps: 1331505
Episode 5100 - Reward: 2440.93 - Alpha: 0.01196 - Steps: 1348830
Episode 5125 - Reward: 5836.73 - Alpha: 0.01271 - Steps: 1367537
Episode 5150 - Reward: 5803.31 - Alpha: 0.01144 - Steps: 1391684
Episode 5175 - Reward: 5915.24 - Alpha: 0.01092 - Steps: 1414758
Episode 5200 - Reward: 5818.48 - Alpha: 0.01098 - Steps: 1436698
Episode 5225 - Reward: 272.37 - Alpha: 0.01192 - Steps: 1450112
Episode 5250 - Reward: 5859.89 - Alpha: 0.01263 - Steps: 1472968
Episode 5275 - Reward: 5929.51 - Alpha: 0.01182 - Steps: 1494240
Episode 5300 - Reward: 5844.85 - Alpha: 0.01214 - Steps: 1512971
Episode 5325 - Reward: 5715.02 - Alpha: 0.01209 - Steps: 1535709
Episode 5350 - Reward: 5817.97 - Alpha: 0.01187 - Steps: 1557494
Episode 5375 - Reward: 5929.42 - Alpha: 0.01132 - Steps: 1578764
Episode 5400 - Reward: 5980.60 - Alpha: 0.01145 - Steps: 1601961
Episode 5425 - Reward: 6031.84 - Alpha: 0.01077 - Steps: 1622410
Episode 5450 - Reward: 693.00 - Alpha: 0.01150 - Steps: 1641279
Episode 5475 - Reward: 6001.28 - Alpha: 0.01199 - Steps: 1659072
Episode 5500 - Reward: 5836.99 - Alpha: 0.01125 - Steps: 1680801
Episode 5525 - Reward: 5940.72 - Alpha: 0.01048 - Steps: 1700495
Episode 5550 - Reward: 4384.31 - Alpha: 0.01106 - Steps: 1723254
Episode 5575 - Reward: 5889.09 - Alpha: 0.01073 - Steps: 1744599
Episode 5600 - Reward: 5934.99 - Alpha: 0.01140 - Steps: 1767598
Episode 5625 - Reward: 5936.70 - Alpha: 0.01052 - Steps: 1789789
Episode 5650 - Reward: 5936.77 - Alpha: 0.01248 - Steps: 1811732
Episode 5675 - Reward: 5905.28 - Alpha: 0.01190 - Steps: 1835696
Episode 5700 - Reward: 5749.50 - Alpha: 0.01069 - Steps: 1857479
Episode 5725 - Reward: 5903.02 - Alpha: 0.01000 - Steps: 1880972
Episode 5750 - Reward: 5350.25 - Alpha: 0.01017 - Steps: 1903727
Episode 5775 - Reward: 5974.26 - Alpha: 0.01115 - Steps: 1920752
Episode 5800 - Reward: 5842.28 - Alpha: 0.01102 - Steps: 1945339
Episode 5825 - Reward: 6003.61 - Alpha: 0.00999 - Steps: 1969833
Episode 5850 - Reward: 5877.49 - Alpha: 0.00938 - Steps: 1994833
Episode 5875 - Reward: 5985.74 - Alpha: 0.00949 - Steps: 2017802
Episode 5900 - Reward: 5962.26 - Alpha: 0.00964 - Steps: 2042242
Episode 5925 - Reward: 5946.02 - Alpha: 0.00944 - Steps: 2065674
Episode 5950 - Reward: 5857.63 - Alpha: 0.01104 - Steps: 2087945
Episode 5975 - Reward: 5953.25 - Alpha: 0.00841 - Steps: 2112330
Episode 6000 - Reward: 5930.41 - Alpha: 0.00918 - Steps: 2134044
Episode 6025 - Reward: 5965.89 - Alpha: 0.00929 - Steps: 2157118
Episode 6050 - Reward: 5956.14 - Alpha: 0.00873 - Steps: 2181196
Episode 6075 - Reward: 5938.26 - Alpha: 0.00768 - Steps: 2205297
Episode 6100 - Reward: 5814.97 - Alpha: 0.00867 - Steps: 2227181
Episode 6125 - Reward: 5946.52 - Alpha: 0.00853 - Steps: 2250469
Episode 6150 - Reward: 5907.32 - Alpha: 0.00976 - Steps: 2274416
Episode 6175 - Reward: 6044.93 - Alpha: 0.00934 - Steps: 2295501
Episode 6200 - Reward: 5871.42 - Alpha: 0.01012 - Steps: 2315737
Episode 6225 - Reward: 6019.32 - Alpha: 0.00940 - Steps: 2339848
Episode 6250 - Reward: 5945.56 - Alpha: 0.00914 - Steps: 2363646
Episode 6275 - Reward: 5935.89 - Alpha: 0.00891 - Steps: 2388646
Episode 6300 - Reward: 5915.93 - Alpha: 0.00894 - Steps: 2412859
Episode 6325 - Reward: 5877.07 - Alpha: 0.00871 - Steps: 2436889
Episode 6350 - Reward: 5940.32 - Alpha: 0.00918 - Steps: 2458731
Episode 6375 - Reward: 5965.03 - Alpha: 0.00877 - Steps: 2483561
Episode 6400 - Reward: 5174.61 - Alpha: 0.00865 - Steps: 2508427
Episode 6425 - Reward: 6071.29 - Alpha: 0.00893 - Steps: 2531748
Episode 6450 - Reward: 6068.28 - Alpha: 0.00937 - Steps: 2551654
Episode 6475 - Reward: 5978.27 - Alpha: 0.00906 - Steps: 2574616
Episode 6500 - Reward: 5992.82 - Alpha: 0.00974 - Steps: 2597390
Episode 6525 - Reward: 6039.81 - Alpha: 0.00916 - Steps: 2619309
Episode 6550 - Reward: 6006.53 - Alpha: 0.00982 - Steps: 2641387
Episode 6575 - Reward: 6014.02 - Alpha: 0.01009 - Steps: 2662783
Episode 6600 - Reward: 6053.37 - Alpha: 0.00959 - Steps: 2687783
Episode 6625 - Reward: 6074.39 - Alpha: 0.01030 - Steps: 2709141
Episode 6650 - Reward: 6092.93 - Alpha: 0.01069 - Steps: 2734141
Episode 6675 - Reward: 624.47 - Alpha: 0.00999 - Steps: 2757161
Episode 6700 - Reward: 6020.68 - Alpha: 0.01045 - Steps: 2780482
Episode 6725 - Reward: 6023.76 - Alpha: 0.01119 - Steps: 2804752
Episode 6750 - Reward: 6079.69 - Alpha: 0.01098 - Steps: 2827076
Episode 6775 - Reward: 484.98 - Alpha: 0.01120 - Steps: 2849511
Episode 6800 - Reward: 6010.87 - Alpha: 0.01038 - Steps: 2873043
Episode 6825 - Reward: 6003.25 - Alpha: 0.01092 - Steps: 2898043
Episode 6850 - Reward: 6083.65 - Alpha: 0.01098 - Steps: 2920730
Episode 6875 - Reward: 6042.30 - Alpha: 0.01065 - Steps: 2944711
Episode 6900 - Reward: 5945.96 - Alpha: 0.00937 - Steps: 2968729
Episode 6925 - Reward: 5818.97 - Alpha: 0.01010 - Steps: 2992302
Episode 6950 - Reward: 5879.55 - Alpha: 0.00921 - Steps: 3016534
Episode 6975 - Reward: 5889.10 - Alpha: 0.00851 - Steps: 3040641
Episode 7000 - Reward: 5842.15 - Alpha: 0.00896 - Steps: 3064892
Episode 7025 - Reward: 5900.32 - Alpha: 0.00853 - Steps: 3088087
Episode 7050 - Reward: 5849.85 - Alpha: 0.00896 - Steps: 3112221
Episode 7075 - Reward: 6002.25 - Alpha: 0.00922 - Steps: 3135285
Episode 7100 - Reward: 5917.28 - Alpha: 0.01039 - Steps: 3158536
Episode 7125 - Reward: 5997.79 - Alpha: 0.00915 - Steps: 3182645
Episode 7150 - Reward: 6035.32 - Alpha: 0.00941 - Steps: 3205254
Episode 7175 - Reward: 5972.11 - Alpha: 0.00996 - Steps: 3228083
Episode 7200 - Reward: 5984.05 - Alpha: 0.01070 - Steps: 3251738
Episode 7225 - Reward: 6002.75 - Alpha: 0.00906 - Steps: 3276738
Episode 7250 - Reward: 6062.52 - Alpha: 0.00871 - Steps: 3300435
Episode 7275 - Reward: 5956.19 - Alpha: 0.00978 - Steps: 3324894
Episode 7300 - Reward: 5918.94 - Alpha: 0.00954 - Steps: 3349454
Episode 7325 - Reward: 1422.10 - Alpha: 0.00933 - Steps: 3373707
Episode 7350 - Reward: 5925.27 - Alpha: 0.00927 - Steps: 3397419
Episode 7375 - Reward: 5958.57 - Alpha: 0.00901 - Steps: 3421267
Episode 7400 - Reward: 5865.20 - Alpha: 0.01019 - Steps: 3446267
Episode 7425 - Reward: 5854.15 - Alpha: 0.00965 - Steps: 3471267
Episode 7450 - Reward: 5860.48 - Alpha: 0.00985 - Steps: 3495624
Episode 7475 - Reward: 5739.88 - Alpha: 0.00915 - Steps: 3520624
Episode 7500 - Reward: 5763.42 - Alpha: 0.00966 - Steps: 3543283
Episode 7525 - Reward: 395.48 - Alpha: 0.00928 - Steps: 3567358
Episode 7550 - Reward: 4550.56 - Alpha: 0.01055 - Steps: 3590369
Episode 7575 - Reward: 5889.18 - Alpha: 0.00950 - Steps: 3613527
Episode 7600 - Reward: 5889.14 - Alpha: 0.00919 - Steps: 3636567
Episode 7625 - Reward: 5829.09 - Alpha: 0.01111 - Steps: 3661057
Episode 7650 - Reward: 5896.63 - Alpha: 0.01034 - Steps: 3685221
Episode 7675 - Reward: 5911.09 - Alpha: 0.00960 - Steps: 3710221
Episode 7700 - Reward: 5844.79 - Alpha: 0.01026 - Steps: 3735221
Episode 7725 - Reward: 5920.66 - Alpha: 0.00910 - Steps: 3759623
Episode 7750 - Reward: 5834.07 - Alpha: 0.00942 - Steps: 3782931
Episode 7775 - Reward: 5847.43 - Alpha: 0.00941 - Steps: 3807931
Episode 7800 - Reward: 5829.75 - Alpha: 0.01001 - Steps: 3831387
Episode 7825 - Reward: 5869.25 - Alpha: 0.00844 - Steps: 3855828
Episode 7850 - Reward: 5835.56 - Alpha: 0.00860 - Steps: 3879837
Episode 7875 - Reward: 5891.08 - Alpha: 0.00921 - Steps: 3904837
Episode 7900 - Reward: 5865.98 - Alpha: 0.00969 - Steps: 3928620
Episode 7925 - Reward: 5822.92 - Alpha: 0.00961 - Steps: 3952786
Episode 7950 - Reward: 5792.86 - Alpha: 0.00846 - Steps: 3977786
Episode 7975 - Reward: 5827.18 - Alpha: 0.00844 - Steps: 4001415
Episode 8000 - Reward: 5857.18 - Alpha: 0.00776 - Steps: 4025807
Episode 8025 - Reward: 5895.54 - Alpha: 0.00853 - Steps: 4044908
Episode 8050 - Reward: 5873.18 - Alpha: 0.01045 - Steps: 4068413
Episode 8075 - Reward: 5814.20 - Alpha: 0.00952 - Steps: 4092654
Episode 8100 - Reward: 5862.84 - Alpha: 0.00982 - Steps: 4117654
Episode 8125 - Reward: 5781.13 - Alpha: 0.00854 - Steps: 4141730
Episode 8150 - Reward: 5771.04 - Alpha: 0.00879 - Steps: 4165699
Episode 8175 - Reward: 5697.53 - Alpha: 0.00875 - Steps: 4188176
Episode 8200 - Reward: 5822.55 - Alpha: 0.00900 - Steps: 4213176
Episode 8225 - Reward: 5820.95 - Alpha: 0.00886 - Steps: 4237954
Episode 8250 - Reward: 5866.36 - Alpha: 0.00752 - Steps: 4262040
Episode 8275 - Reward: 5705.91 - Alpha: 0.00863 - Steps: 4287040
Episode 8300 - Reward: 5799.14 - Alpha: 0.00769 - Steps: 4312040
Episode 8325 - Reward: 5738.46 - Alpha: 0.00753 - Steps: 4336185
Episode 8350 - Reward: 5633.52 - Alpha: 0.00796 - Steps: 4359616
Episode 8375 - Reward: 5786.52 - Alpha: 0.00776 - Steps: 4383736
Episode 8400 - Reward: 5746.45 - Alpha: 0.00812 - Steps: 4407800
Episode 8425 - Reward: 5727.62 - Alpha: 0.00823 - Steps: 4432800
Episode 8450 - Reward: 5635.70 - Alpha: 0.00883 - Steps: 4457524
Episode 8475 - Reward: 5648.64 - Alpha: 0.00794 - Steps: 4482240
Episode 8500 - Reward: 5595.15 - Alpha: 0.00858 - Steps: 4507240
Episode 8525 - Reward: 5611.86 - Alpha: 0.00808 - Steps: 4530885
Episode 8550 - Reward: 5628.00 - Alpha: 0.00758 - Steps: 4554150
Episode 8575 - Reward: 5711.86 - Alpha: 0.00745 - Steps: 4579150
Episode 8600 - Reward: 5717.71 - Alpha: 0.00679 - Steps: 4602435
Episode 8625 - Reward: 5677.45 - Alpha: 0.00704 - Steps: 4626603
Episode 8650 - Reward: 5793.70 - Alpha: 0.00665 - Steps: 4650679
Episode 8675 - Reward: 5779.19 - Alpha: 0.00809 - Steps: 4674814
Episode 8700 - Reward: 5809.64 - Alpha: 0.00698 - Steps: 4698912
Episode 8725 - Reward: 5705.18 - Alpha: 0.00761 - Steps: 4721650
Episode 8750 - Reward: 824.37 - Alpha: 0.00796 - Steps: 4744103
Episode 8775 - Reward: 5732.57 - Alpha: 0.01503 - Steps: 4761926
Episode 8800 - Reward: 5627.74 - Alpha: 0.01142 - Steps: 4782320
Episode 8825 - Reward: 5751.65 - Alpha: 0.01508 - Steps: 4807320
Episode 8850 - Reward: 2556.46 - Alpha: 0.01369 - Steps: 4831772
Episode 8875 - Reward: 5786.17 - Alpha: 0.01072 - Steps: 4856014
Episode 8900 - Reward: 5744.73 - Alpha: 0.01922 - Steps: 4879046
Episode 8925 - Reward: 5802.67 - Alpha: 0.01359 - Steps: 4904046
Episode 8950 - Reward: 5773.73 - Alpha: 0.01368 - Steps: 4925488
Episode 8975 - Reward: 5746.07 - Alpha: 0.01148 - Steps: 4950488
Episode 9000 - Reward: 5826.76 - Alpha: 0.01131 - Steps: 4975488
Episode 9025 - Reward: 2118.96 - Alpha: 0.01069 - Steps: 4997637
Episode 9050 - Reward: 5627.47 - Alpha: 0.02188 - Steps: 5021780
Episode 9075 - Reward: 5672.85 - Alpha: 0.01369 - Steps: 5046780
Episode 9100 - Reward: 5787.00 - Alpha: 0.02056 - Steps: 5070844
Episode 9125 - Reward: 5782.83 - Alpha: 0.01276 - Steps: 5095844
Episode 9150 - Reward: 5772.60 - Alpha: 0.01278 - Steps: 5120690
Episode 9175 - Reward: 550.55 - Alpha: 0.01247 - Steps: 5141738
Episode 9200 - Reward: 3308.76 - Alpha: 0.01983 - Steps: 5161798
Episode 9225 - Reward: 5827.83 - Alpha: 0.01702 - Steps: 5185878
Episode 9250 - Reward: 5881.11 - Alpha: 0.01284 - Steps: 5208301
Episode 9275 - Reward: 5809.99 - Alpha: 0.01728 - Steps: 5232999
Episode 9300 - Reward: 5855.08 - Alpha: 0.01563 - Steps: 5257580
Episode 9325 - Reward: 5745.79 - Alpha: 0.01598 - Steps: 5282580
Episode 9350 - Reward: 5649.99 - Alpha: 0.01826 - Steps: 5304325
Episode 9375 - Reward: 5783.69 - Alpha: 0.01712 - Steps: 5329239
Episode 9400 - Reward: 5760.46 - Alpha: 0.01829 - Steps: 5353432
Episode 9425 - Reward: 5763.00 - Alpha: 0.01217 - Steps: 5378432
Episode 9450 - Reward: 5753.31 - Alpha: 0.01819 - Steps: 5403110
Episode 9475 - Reward: 5742.68 - Alpha: 0.01237 - Steps: 5428110
Episode 9500 - Reward: 5723.19 - Alpha: 0.01258 - Steps: 5453110
Episode 9525 - Reward: 5801.48 - Alpha: 0.01883 - Steps: 5477665
Episode 9550 - Reward: 5820.89 - Alpha: 0.01429 - Steps: 5501896
Episode 9575 - Reward: 713.86 - Alpha: 0.01735 - Steps: 5526023
Episode 9600 - Reward: 5831.50 - Alpha: 0.01616 - Steps: 5550143
Episode 9625 - Reward: 5823.30 - Alpha: 0.01682 - Steps: 5575140
Episode 9650 - Reward: 5790.27 - Alpha: 0.01819 - Steps: 5600140
Episode 9675 - Reward: 5870.72 - Alpha: 0.01403 - Steps: 5623196
Episode 9700 - Reward: 5747.32 - Alpha: 0.01881 - Steps: 5647829
Episode 9725 - Reward: 5747.33 - Alpha: 0.01543 - Steps: 5672829
Episode 9750 - Reward: 5787.68 - Alpha: 0.01545 - Steps: 5696910
Episode 9775 - Reward: 5716.08 - Alpha: 0.02036 - Steps: 5720882
Episode 9800 - Reward: 5733.32 - Alpha: 0.02171 - Steps: 5745192
Episode 9825 - Reward: 5729.24 - Alpha: 0.01704 - Steps: 5770192
Episode 9850 - Reward: 5745.60 - Alpha: 0.01650 - Steps: 5795192
Episode 9875 - Reward: 5765.79 - Alpha: 0.01688 - Steps: 5820192
Episode 9900 - Reward: 527.60 - Alpha: 0.01576 - Steps: 5844261
Episode 9925 - Reward: 5756.65 - Alpha: 0.01610 - Steps: 5867474
Episode 9950 - Reward: 5677.24 - Alpha: 0.01925 - Steps: 5892474
Episode 9975 - Reward: 5715.10 - Alpha: 0.02336 - Steps: 5917011
Episode 10000 - Reward: 5764.78 - Alpha: 0.01691 - Steps: 5939478
Training time: 38h 14m 33s
Reward over 25 episodes: 5718.09 ± 203.84
Total Reward of Policy Evaluation: 5771.63
Loaded model with reward: 6092.93 and alpha: 0.01069
Loaded best agent checkpoint.
Total Reward of Policy Evaluation: 6214.22
