SAC Agent Configuration:
hidden_units: [256, 256]
conv_layers: None
log_std_interval: [-20, 2]
gamma: 0.99
load_best: False
replay_buffer_size: 200000
batch_size: 256
init_temperature: 0.2
actor_lr: 0.0003
critic_lr: 0.0003
temperature_lr: 0.0003
actor_update_freq: 1
critic_target_update_freq: 1
tau: 0.005

Train Configuration:
gradient_steps: 1
max_episodes: 10000
warmup_steps: 15000
print_interval: 25
checkpoint_interval: 50
test_episodes: 25
save_replay_buffer: False
evaluation_interval: 10

Environment Seed: 42

Starting SAC Training

No pre-trained model found, training from scratch.

Episode 25 - Reward: 76.17 - Alpha: 0.20000 - Steps: 399
Episode 50 - Reward: 71.35 - Alpha: 0.20000 - Steps: 788
Episode 75 - Reward: 71.40 - Alpha: 0.20000 - Steps: 1182
Episode 100 - Reward: 76.19 - Alpha: 0.20000 - Steps: 1578
Episode 125 - Reward: 76.14 - Alpha: 0.20000 - Steps: 1981
Episode 150 - Reward: 76.16 - Alpha: 0.20000 - Steps: 2381
Episode 175 - Reward: 76.01 - Alpha: 0.20000 - Steps: 2767
Episode 200 - Reward: 76.21 - Alpha: 0.20000 - Steps: 3167
Episode 225 - Reward: 71.47 - Alpha: 0.20000 - Steps: 3558
Episode 250 - Reward: 71.47 - Alpha: 0.20000 - Steps: 3952
Episode 275 - Reward: 76.21 - Alpha: 0.20000 - Steps: 4350
Episode 300 - Reward: 71.38 - Alpha: 0.20000 - Steps: 4738
Episode 325 - Reward: 76.23 - Alpha: 0.20000 - Steps: 5141
Episode 350 - Reward: 76.15 - Alpha: 0.20000 - Steps: 5523
Episode 375 - Reward: 71.44 - Alpha: 0.20000 - Steps: 5919
Episode 400 - Reward: 71.37 - Alpha: 0.20000 - Steps: 6306
Episode 425 - Reward: 76.16 - Alpha: 0.20000 - Steps: 6697
Episode 450 - Reward: 76.23 - Alpha: 0.20000 - Steps: 7093
Episode 475 - Reward: 76.20 - Alpha: 0.20000 - Steps: 7492
Episode 500 - Reward: 76.11 - Alpha: 0.20000 - Steps: 7890
Episode 525 - Reward: 76.22 - Alpha: 0.20000 - Steps: 8289
Episode 550 - Reward: 71.43 - Alpha: 0.20000 - Steps: 8687
Episode 575 - Reward: 85.96 - Alpha: 0.20000 - Steps: 9077
Episode 600 - Reward: 76.17 - Alpha: 0.20000 - Steps: 9472
Episode 625 - Reward: 76.07 - Alpha: 0.20000 - Steps: 9859
Episode 650 - Reward: 76.12 - Alpha: 0.20000 - Steps: 10254
Episode 675 - Reward: 71.39 - Alpha: 0.20000 - Steps: 10649
Episode 700 - Reward: 76.20 - Alpha: 0.20000 - Steps: 11039
Episode 725 - Reward: 76.16 - Alpha: 0.20000 - Steps: 11428
Episode 750 - Reward: 66.70 - Alpha: 0.20000 - Steps: 11818
Episode 775 - Reward: 71.52 - Alpha: 0.20000 - Steps: 12211
Episode 800 - Reward: 76.15 - Alpha: 0.20000 - Steps: 12602
Episode 825 - Reward: 71.45 - Alpha: 0.20000 - Steps: 12990
Episode 850 - Reward: 71.36 - Alpha: 0.20000 - Steps: 13386
Episode 875 - Reward: 76.14 - Alpha: 0.20000 - Steps: 13781
Episode 900 - Reward: 71.34 - Alpha: 0.20000 - Steps: 14178
Episode 925 - Reward: 76.20 - Alpha: 0.20000 - Steps: 14572
Episode 950 - Reward: 76.24 - Alpha: 0.20000 - Steps: 14967
Episode 975 - Reward: 82.61 - Alpha: 0.17079 - Steps: 15506
Episode 1000 - Reward: 93.30 - Alpha: 0.15075 - Steps: 15946
Episode 1025 - Reward: 80.15 - Alpha: 0.13409 - Steps: 16391
Episode 1050 - Reward: 111.19 - Alpha: 0.11828 - Steps: 16884
Episode 1075 - Reward: 98.28 - Alpha: 0.09875 - Steps: 17619
Episode 1100 - Reward: 150.95 - Alpha: 0.08474 - Steps: 18273
Episode 1125 - Reward: 83.31 - Alpha: 0.07463 - Steps: 18833
Episode 1150 - Reward: 135.17 - Alpha: 0.06726 - Steps: 19300
Episode 1175 - Reward: 284.53 - Alpha: 0.05248 - Steps: 20431
Episode 1200 - Reward: 284.52 - Alpha: 0.04000 - Steps: 21685
Episode 1225 - Reward: 270.03 - Alpha: 0.03045 - Steps: 22951
Episode 1250 - Reward: 257.33 - Alpha: 0.02311 - Steps: 24232
Episode 1275 - Reward: 260.79 - Alpha: 0.01738 - Steps: 25551
Episode 1300 - Reward: 257.85 - Alpha: 0.01319 - Steps: 26831
Episode 1325 - Reward: 205.79 - Alpha: 0.01009 - Steps: 28076
Episode 1350 - Reward: 271.29 - Alpha: 0.00772 - Steps: 29325
Episode 1375 - Reward: 290.22 - Alpha: 0.00564 - Steps: 30795
Episode 1400 - Reward: 300.13 - Alpha: 0.00418 - Steps: 32237
Episode 1425 - Reward: 263.05 - Alpha: 0.00321 - Steps: 33520
Episode 1450 - Reward: 227.05 - Alpha: 0.00251 - Steps: 34723
Episode 1475 - Reward: 400.24 - Alpha: 0.00196 - Steps: 35930
Episode 1500 - Reward: 223.11 - Alpha: 0.00149 - Steps: 37395
Episode 1525 - Reward: 257.00 - Alpha: 0.00117 - Steps: 38684
Episode 1550 - Reward: 290.90 - Alpha: 0.00092 - Steps: 39951
Episode 1575 - Reward: 250.65 - Alpha: 0.00072 - Steps: 41292
Episode 1600 - Reward: 247.67 - Alpha: 0.00057 - Steps: 42622
Episode 1625 - Reward: 279.72 - Alpha: 0.00047 - Steps: 43970
Episode 1650 - Reward: 322.15 - Alpha: 0.00041 - Steps: 45373
Episode 1675 - Reward: 321.38 - Alpha: 0.00041 - Steps: 46810
Episode 1700 - Reward: 308.55 - Alpha: 0.00054 - Steps: 48113
Episode 1725 - Reward: 241.24 - Alpha: 0.00092 - Steps: 49505
Episode 1750 - Reward: 324.57 - Alpha: 0.00122 - Steps: 50714
Episode 1775 - Reward: 398.12 - Alpha: 0.00112 - Steps: 52075
Episode 1800 - Reward: 481.30 - Alpha: 0.00094 - Steps: 53672
Episode 1825 - Reward: 290.98 - Alpha: 0.00100 - Steps: 55535
Episode 1850 - Reward: 423.46 - Alpha: 0.00096 - Steps: 57403
Episode 1875 - Reward: 552.44 - Alpha: 0.00097 - Steps: 59588
Episode 1900 - Reward: 626.51 - Alpha: 0.00125 - Steps: 61899
Episode 1925 - Reward: 460.52 - Alpha: 0.00121 - Steps: 63881
Episode 1950 - Reward: 333.81 - Alpha: 0.00123 - Steps: 65763
Episode 1975 - Reward: 364.91 - Alpha: 0.00134 - Steps: 67168
Episode 2000 - Reward: 375.68 - Alpha: 0.00133 - Steps: 68960
Episode 2025 - Reward: 361.94 - Alpha: 0.00128 - Steps: 70730
Episode 2050 - Reward: 424.26 - Alpha: 0.00119 - Steps: 72521
Episode 2075 - Reward: 365.64 - Alpha: 0.00117 - Steps: 74187
Episode 2100 - Reward: 403.87 - Alpha: 0.00124 - Steps: 75873
Episode 2125 - Reward: 436.82 - Alpha: 0.00127 - Steps: 77691
Episode 2150 - Reward: 507.22 - Alpha: 0.00136 - Steps: 79883
Episode 2175 - Reward: 787.78 - Alpha: 0.00151 - Steps: 82273
Episode 2200 - Reward: 405.99 - Alpha: 0.00141 - Steps: 84421
Episode 2225 - Reward: 485.74 - Alpha: 0.00136 - Steps: 86920
Episode 2250 - Reward: 519.04 - Alpha: 0.00149 - Steps: 89469
Episode 2275 - Reward: 573.48 - Alpha: 0.00133 - Steps: 91978
Episode 2300 - Reward: 264.97 - Alpha: 0.00149 - Steps: 94145
Episode 2325 - Reward: 271.99 - Alpha: 0.00160 - Steps: 95613
Episode 2350 - Reward: 282.90 - Alpha: 0.00159 - Steps: 97103
Episode 2375 - Reward: 328.61 - Alpha: 0.00174 - Steps: 98571
Episode 2400 - Reward: 530.90 - Alpha: 0.00163 - Steps: 100787
Episode 2425 - Reward: 439.62 - Alpha: 0.00191 - Steps: 102990
Episode 2450 - Reward: 282.63 - Alpha: 0.00190 - Steps: 104502
Episode 2475 - Reward: 321.36 - Alpha: 0.00179 - Steps: 105996
Episode 2500 - Reward: 350.13 - Alpha: 0.00168 - Steps: 107490
Episode 2525 - Reward: 400.83 - Alpha: 0.00169 - Steps: 109180
Episode 2550 - Reward: 379.01 - Alpha: 0.00172 - Steps: 111029
Episode 2575 - Reward: 447.49 - Alpha: 0.00166 - Steps: 113089
Episode 2600 - Reward: 391.07 - Alpha: 0.00184 - Steps: 115204
Episode 2625 - Reward: 506.78 - Alpha: 0.00167 - Steps: 117590
Episode 2650 - Reward: 453.08 - Alpha: 0.00182 - Steps: 119995
Episode 2675 - Reward: 327.24 - Alpha: 0.00167 - Steps: 122167
Episode 2700 - Reward: 430.96 - Alpha: 0.00195 - Steps: 124385
Episode 2725 - Reward: 468.00 - Alpha: 0.00179 - Steps: 126736
Episode 2750 - Reward: 471.19 - Alpha: 0.00171 - Steps: 129239
Episode 2775 - Reward: 569.76 - Alpha: 0.00178 - Steps: 131570
Episode 2800 - Reward: 430.59 - Alpha: 0.00178 - Steps: 133936
Episode 2825 - Reward: 304.31 - Alpha: 0.00182 - Steps: 136073
Episode 2850 - Reward: 432.88 - Alpha: 0.00195 - Steps: 138214
Episode 2875 - Reward: 424.86 - Alpha: 0.00192 - Steps: 140354
Episode 2900 - Reward: 546.45 - Alpha: 0.00194 - Steps: 142635
Episode 2925 - Reward: 425.15 - Alpha: 0.00180 - Steps: 144872
Episode 2950 - Reward: 478.04 - Alpha: 0.00176 - Steps: 146980
Episode 2975 - Reward: 573.24 - Alpha: 0.00200 - Steps: 149374
Episode 3000 - Reward: 548.25 - Alpha: 0.00184 - Steps: 151948
Episode 3025 - Reward: 560.03 - Alpha: 0.00190 - Steps: 154532
Episode 3050 - Reward: 523.86 - Alpha: 0.00185 - Steps: 157063
Episode 3075 - Reward: 545.11 - Alpha: 0.00209 - Steps: 159819
Episode 3100 - Reward: 607.20 - Alpha: 0.00200 - Steps: 162752
Episode 3125 - Reward: 604.68 - Alpha: 0.00197 - Steps: 165640
Episode 3150 - Reward: 622.53 - Alpha: 0.00205 - Steps: 168652
Episode 3175 - Reward: 496.44 - Alpha: 0.00206 - Steps: 171700
Episode 3200 - Reward: 626.93 - Alpha: 0.00223 - Steps: 174980
Episode 3225 - Reward: 680.52 - Alpha: 0.00210 - Steps: 177975
Episode 3250 - Reward: 584.08 - Alpha: 0.00216 - Steps: 180980
Episode 3275 - Reward: 603.64 - Alpha: 0.00204 - Steps: 183947
Episode 3300 - Reward: 600.16 - Alpha: 0.00218 - Steps: 186941
Episode 3325 - Reward: 981.38 - Alpha: 0.00235 - Steps: 190320
Episode 3350 - Reward: 967.19 - Alpha: 0.00207 - Steps: 193613
Episode 3375 - Reward: 627.03 - Alpha: 0.00202 - Steps: 196913
Episode 3400 - Reward: 658.01 - Alpha: 0.00235 - Steps: 200268
Episode 3425 - Reward: 722.36 - Alpha: 0.00224 - Steps: 203624
Episode 3450 - Reward: 741.65 - Alpha: 0.00222 - Steps: 207004
Episode 3475 - Reward: 844.69 - Alpha: 0.00205 - Steps: 210572
Episode 3500 - Reward: 569.54 - Alpha: 0.00223 - Steps: 213845
Episode 3525 - Reward: 766.63 - Alpha: 0.00212 - Steps: 217080
Episode 3550 - Reward: 734.83 - Alpha: 0.00213 - Steps: 220420
Episode 3575 - Reward: 622.21 - Alpha: 0.00196 - Steps: 223796
Episode 3600 - Reward: 649.25 - Alpha: 0.00226 - Steps: 227354
Episode 3625 - Reward: 547.58 - Alpha: 0.00213 - Steps: 230617
Episode 3650 - Reward: 592.72 - Alpha: 0.00227 - Steps: 234140
Episode 3675 - Reward: 1087.68 - Alpha: 0.00203 - Steps: 237972
Episode 3700 - Reward: 912.64 - Alpha: 0.00214 - Steps: 241658
Episode 3725 - Reward: 701.66 - Alpha: 0.00217 - Steps: 245265
Episode 3750 - Reward: 679.80 - Alpha: 0.00200 - Steps: 248749
Episode 3775 - Reward: 725.21 - Alpha: 0.00239 - Steps: 252788
Episode 3800 - Reward: 668.88 - Alpha: 0.00198 - Steps: 256424
Episode 3825 - Reward: 758.25 - Alpha: 0.00191 - Steps: 260044
Episode 3850 - Reward: 744.18 - Alpha: 0.00196 - Steps: 263725
Episode 3875 - Reward: 612.59 - Alpha: 0.00196 - Steps: 267234
Episode 3900 - Reward: 833.96 - Alpha: 0.00207 - Steps: 270985
Episode 3925 - Reward: 726.84 - Alpha: 0.00218 - Steps: 274594
Episode 3950 - Reward: 850.80 - Alpha: 0.00220 - Steps: 278469
Episode 3975 - Reward: 588.49 - Alpha: 0.00232 - Steps: 282184
Episode 4000 - Reward: 704.01 - Alpha: 0.00233 - Steps: 286290
Episode 4025 - Reward: 960.43 - Alpha: 0.00230 - Steps: 290765
Episode 4050 - Reward: 1230.03 - Alpha: 0.00221 - Steps: 295311
Episode 4075 - Reward: 811.17 - Alpha: 0.00255 - Steps: 299850
Episode 4100 - Reward: 1010.10 - Alpha: 0.00203 - Steps: 304773
Episode 4125 - Reward: 623.46 - Alpha: 0.00225 - Steps: 309318
Episode 4150 - Reward: 1037.26 - Alpha: 0.00228 - Steps: 313851
Episode 4175 - Reward: 1121.99 - Alpha: 0.00229 - Steps: 318626
Episode 4200 - Reward: 921.36 - Alpha: 0.00249 - Steps: 322974
Episode 4225 - Reward: 921.53 - Alpha: 0.00225 - Steps: 327298
Episode 4250 - Reward: 828.53 - Alpha: 0.00256 - Steps: 332292
Episode 4275 - Reward: 688.77 - Alpha: 0.00253 - Steps: 336519
Episode 4300 - Reward: 813.39 - Alpha: 0.00268 - Steps: 340678
Episode 4325 - Reward: 700.58 - Alpha: 0.00357 - Steps: 345835
Episode 4350 - Reward: 1043.54 - Alpha: 0.00299 - Steps: 351527
Episode 4375 - Reward: 820.21 - Alpha: 0.00344 - Steps: 356671
Episode 4400 - Reward: 1349.06 - Alpha: 0.00341 - Steps: 361935
Episode 4425 - Reward: 2033.06 - Alpha: 0.00352 - Steps: 367873
Episode 4450 - Reward: 1159.84 - Alpha: 0.00319 - Steps: 373653
Episode 4475 - Reward: 1639.78 - Alpha: 0.00368 - Steps: 379943
Episode 4500 - Reward: 1400.34 - Alpha: 0.00403 - Steps: 386397
Episode 4525 - Reward: 2041.09 - Alpha: 0.00459 - Steps: 392866
Episode 4550 - Reward: 1244.67 - Alpha: 0.00461 - Steps: 400385
Episode 4575 - Reward: 906.06 - Alpha: 0.00486 - Steps: 408881
Episode 4600 - Reward: 2614.87 - Alpha: 0.00509 - Steps: 420115
Episode 4625 - Reward: 1367.48 - Alpha: 0.00514 - Steps: 432385
Episode 4650 - Reward: 5003.58 - Alpha: 0.00564 - Steps: 447260
Episode 4675 - Reward: 4927.81 - Alpha: 0.00562 - Steps: 466147
Episode 4700 - Reward: 5063.14 - Alpha: 0.00757 - Steps: 485075
Episode 4725 - Reward: 5124.26 - Alpha: 0.00670 - Steps: 504693
Episode 4750 - Reward: 281.75 - Alpha: 0.00608 - Steps: 518566
Episode 4775 - Reward: 651.29 - Alpha: 0.00606 - Steps: 538661
Episode 4800 - Reward: 5164.00 - Alpha: 0.00537 - Steps: 559702
Episode 4825 - Reward: 5068.97 - Alpha: 0.00532 - Steps: 581358
Episode 4850 - Reward: 5084.82 - Alpha: 0.00530 - Steps: 600203
Episode 4875 - Reward: 3812.07 - Alpha: 0.00491 - Steps: 620036
Episode 4900 - Reward: 5074.15 - Alpha: 0.00418 - Steps: 639043
Episode 4925 - Reward: 967.60 - Alpha: 0.00436 - Steps: 660581
Episode 4950 - Reward: 5160.78 - Alpha: 0.00450 - Steps: 680398
Episode 4975 - Reward: 1029.71 - Alpha: 0.00469 - Steps: 696302
Episode 5000 - Reward: 5041.29 - Alpha: 0.00398 - Steps: 715430
Episode 5025 - Reward: 616.94 - Alpha: 0.00486 - Steps: 731131
Episode 5050 - Reward: 4208.66 - Alpha: 0.00487 - Steps: 749509
Episode 5075 - Reward: 681.54 - Alpha: 0.00514 - Steps: 764797
Episode 5100 - Reward: 5131.15 - Alpha: 0.00507 - Steps: 785782
Episode 5125 - Reward: 5196.62 - Alpha: 0.00457 - Steps: 806578
Episode 5150 - Reward: 5179.01 - Alpha: 0.00458 - Steps: 819865
Episode 5175 - Reward: 5072.99 - Alpha: 0.00406 - Steps: 843373
Episode 5200 - Reward: 5048.72 - Alpha: 0.00467 - Steps: 864996
Episode 5225 - Reward: 4965.38 - Alpha: 0.00465 - Steps: 884399
Episode 5250 - Reward: 2079.44 - Alpha: 0.00462 - Steps: 902096
Episode 5275 - Reward: 690.25 - Alpha: 0.00502 - Steps: 919712
Episode 5300 - Reward: 5200.47 - Alpha: 0.00467 - Steps: 938622
Episode 5325 - Reward: 5260.94 - Alpha: 0.00454 - Steps: 958536
Episode 5350 - Reward: 263.87 - Alpha: 0.00414 - Steps: 975712
Episode 5375 - Reward: 684.92 - Alpha: 0.00379 - Steps: 994400
Episode 5400 - Reward: 1105.34 - Alpha: 0.00426 - Steps: 1012328
Episode 5425 - Reward: 5286.79 - Alpha: 0.00413 - Steps: 1032042
Episode 5450 - Reward: 5116.32 - Alpha: 0.00463 - Steps: 1052201
Episode 5475 - Reward: 4751.95 - Alpha: 0.00449 - Steps: 1073065
Episode 5500 - Reward: 5156.64 - Alpha: 0.00367 - Steps: 1097030
Episode 5525 - Reward: 5034.58 - Alpha: 0.00406 - Steps: 1118598
Episode 5550 - Reward: 5134.62 - Alpha: 0.00400 - Steps: 1141974
Episode 5575 - Reward: 5018.59 - Alpha: 0.00399 - Steps: 1165837
Episode 5600 - Reward: 5240.21 - Alpha: 0.00419 - Steps: 1181305
Episode 5625 - Reward: 5360.57 - Alpha: 0.00364 - Steps: 1198124
Episode 5650 - Reward: 5250.48 - Alpha: 0.00343 - Steps: 1218931
Episode 5675 - Reward: 5220.17 - Alpha: 0.00364 - Steps: 1240683
Episode 5700 - Reward: 5274.63 - Alpha: 0.00373 - Steps: 1263015
Episode 5725 - Reward: 581.31 - Alpha: 0.00407 - Steps: 1286575
Episode 5750 - Reward: 5315.69 - Alpha: 0.00361 - Steps: 1311054
Episode 5775 - Reward: 5407.00 - Alpha: 0.00349 - Steps: 1333751
Episode 5800 - Reward: 2597.92 - Alpha: 0.00356 - Steps: 1353518
Episode 5825 - Reward: 5416.24 - Alpha: 0.00370 - Steps: 1376464
Episode 5850 - Reward: 5435.75 - Alpha: 0.00319 - Steps: 1401464
Episode 5875 - Reward: 976.94 - Alpha: 0.00306 - Steps: 1424206
Episode 5900 - Reward: 2678.93 - Alpha: 0.00323 - Steps: 1445048
Episode 5925 - Reward: 4980.23 - Alpha: 0.00312 - Steps: 1467428
Episode 5950 - Reward: 5325.45 - Alpha: 0.00297 - Steps: 1491210
Episode 5975 - Reward: 2854.40 - Alpha: 0.00347 - Steps: 1509226
Episode 6000 - Reward: 5428.04 - Alpha: 0.00366 - Steps: 1529807
Episode 6025 - Reward: 5382.29 - Alpha: 0.00309 - Steps: 1552201
Episode 6050 - Reward: 5473.32 - Alpha: 0.00292 - Steps: 1575504
Episode 6075 - Reward: 5409.47 - Alpha: 0.00282 - Steps: 1598738
Episode 6100 - Reward: 5352.80 - Alpha: 0.00314 - Steps: 1619679
Episode 6125 - Reward: 5560.01 - Alpha: 0.00308 - Steps: 1641823
Episode 6150 - Reward: 5502.85 - Alpha: 0.00296 - Steps: 1664295
Episode 6175 - Reward: 5531.85 - Alpha: 0.00285 - Steps: 1688963
Episode 6200 - Reward: 1714.50 - Alpha: 0.00282 - Steps: 1708650
Episode 6225 - Reward: 5352.04 - Alpha: 0.00269 - Steps: 1732067
Episode 6250 - Reward: 5550.77 - Alpha: 0.00316 - Steps: 1755154
Episode 6275 - Reward: 2083.50 - Alpha: 0.00342 - Steps: 1771754
Episode 6300 - Reward: 5552.37 - Alpha: 0.00418 - Steps: 1791714
Episode 6325 - Reward: 887.57 - Alpha: 0.00374 - Steps: 1813356
Episode 6350 - Reward: 2897.07 - Alpha: 0.00395 - Steps: 1834406
Episode 6375 - Reward: 5553.89 - Alpha: 0.00385 - Steps: 1858121
Episode 6400 - Reward: 5669.45 - Alpha: 0.00382 - Steps: 1881504
Episode 6425 - Reward: 5659.15 - Alpha: 0.00333 - Steps: 1903565
Episode 6450 - Reward: 5243.25 - Alpha: 0.00313 - Steps: 1925441
Episode 6475 - Reward: 5533.92 - Alpha: 0.00330 - Steps: 1948763
Episode 6500 - Reward: 5595.34 - Alpha: 0.00243 - Steps: 1972864
Episode 6525 - Reward: 5607.07 - Alpha: 0.00298 - Steps: 1995272
Episode 6550 - Reward: 5812.37 - Alpha: 0.00348 - Steps: 2016023
Episode 6575 - Reward: 5614.32 - Alpha: 0.00327 - Steps: 2039473
Episode 6600 - Reward: 5761.04 - Alpha: 0.00370 - Steps: 2063241
Episode 6625 - Reward: 3524.01 - Alpha: 0.00367 - Steps: 2085535
Episode 6650 - Reward: 5631.87 - Alpha: 0.00343 - Steps: 2109876
Episode 6675 - Reward: 5712.40 - Alpha: 0.00341 - Steps: 2134338
Episode 6700 - Reward: 5765.15 - Alpha: 0.00329 - Steps: 2157638
Episode 6725 - Reward: 5816.26 - Alpha: 0.00386 - Steps: 2179692
Episode 6750 - Reward: 5641.73 - Alpha: 0.00306 - Steps: 2204673
Episode 6775 - Reward: 5732.07 - Alpha: 0.00321 - Steps: 2228058
Episode 6800 - Reward: 5470.43 - Alpha: 0.00359 - Steps: 2250484
Episode 6825 - Reward: 5716.26 - Alpha: 0.00343 - Steps: 2274902
Episode 6850 - Reward: 5601.92 - Alpha: 0.00350 - Steps: 2298840
Episode 6875 - Reward: 5814.77 - Alpha: 0.00325 - Steps: 2322235
Episode 6900 - Reward: 5936.29 - Alpha: 0.00371 - Steps: 2346002
Episode 6925 - Reward: 5738.27 - Alpha: 0.00327 - Steps: 2368575
Episode 6950 - Reward: 5689.87 - Alpha: 0.00329 - Steps: 2393575
Episode 6975 - Reward: 5748.78 - Alpha: 0.00263 - Steps: 2417549
Episode 7000 - Reward: 5806.12 - Alpha: 0.00261 - Steps: 2437943
Episode 7025 - Reward: 5942.17 - Alpha: 0.00290 - Steps: 2462151
Episode 7050 - Reward: 5818.10 - Alpha: 0.00296 - Steps: 2485881
Episode 7075 - Reward: 5819.39 - Alpha: 0.00285 - Steps: 2510881
Episode 7100 - Reward: 2753.96 - Alpha: 0.00276 - Steps: 2534535
Episode 7125 - Reward: 5694.17 - Alpha: 0.00301 - Steps: 2558253
Episode 7150 - Reward: 5890.02 - Alpha: 0.00361 - Steps: 2580904
Episode 7175 - Reward: 5798.08 - Alpha: 0.00314 - Steps: 2604489
Episode 7200 - Reward: 5824.88 - Alpha: 0.00378 - Steps: 2616211
Episode 7225 - Reward: 375.77 - Alpha: 0.00361 - Steps: 2635209
Episode 7250 - Reward: 6034.10 - Alpha: 0.00406 - Steps: 2650461
Episode 7275 - Reward: 5844.96 - Alpha: 0.00424 - Steps: 2666751
Episode 7300 - Reward: 5732.64 - Alpha: 0.00450 - Steps: 2688448
Episode 7325 - Reward: 5900.02 - Alpha: 0.00400 - Steps: 2711882
Episode 7350 - Reward: 5716.26 - Alpha: 0.00369 - Steps: 2736601
Episode 7375 - Reward: 5846.18 - Alpha: 0.00385 - Steps: 2761601
Episode 7400 - Reward: 5969.39 - Alpha: 0.00423 - Steps: 2784927
Episode 7425 - Reward: 5957.87 - Alpha: 0.00366 - Steps: 2808499
Episode 7450 - Reward: 5941.36 - Alpha: 0.00322 - Steps: 2832586
Episode 7475 - Reward: 5911.97 - Alpha: 0.00314 - Steps: 2856318
Episode 7500 - Reward: 5727.08 - Alpha: 0.00266 - Steps: 2880989
Episode 7525 - Reward: 5878.51 - Alpha: 0.00311 - Steps: 2903887
Episode 7550 - Reward: 5879.45 - Alpha: 0.00350 - Steps: 2926301
Episode 7575 - Reward: 5930.34 - Alpha: 0.00287 - Steps: 2949740
Episode 7600 - Reward: 5412.21 - Alpha: 0.00331 - Steps: 2973874
Episode 7625 - Reward: 5821.88 - Alpha: 0.00293 - Steps: 2997716
Episode 7650 - Reward: 5826.13 - Alpha: 0.00307 - Steps: 3021872
Episode 7675 - Reward: 4402.65 - Alpha: 0.00278 - Steps: 3044882
Episode 7700 - Reward: 5860.84 - Alpha: 0.00262 - Steps: 3069882
Episode 7725 - Reward: 5823.31 - Alpha: 0.00291 - Steps: 3093157
Episode 7750 - Reward: 5906.18 - Alpha: 0.00232 - Steps: 3117480
Episode 7775 - Reward: 5963.40 - Alpha: 0.00251 - Steps: 3142403
Episode 7800 - Reward: 5904.81 - Alpha: 0.00248 - Steps: 3165387
Episode 7825 - Reward: 5858.04 - Alpha: 0.00219 - Steps: 3188989
Episode 7850 - Reward: 5845.69 - Alpha: 0.00205 - Steps: 3213989
Episode 7875 - Reward: 5926.29 - Alpha: 0.00219 - Steps: 3236843
Episode 7900 - Reward: 1491.69 - Alpha: 0.00299 - Steps: 3255356
Episode 7925 - Reward: 5823.20 - Alpha: 0.00357 - Steps: 3273085
Episode 7950 - Reward: 5854.12 - Alpha: 0.00316 - Steps: 3297848
Episode 7975 - Reward: 1458.16 - Alpha: 0.00260 - Steps: 3320110
Episode 8000 - Reward: 5934.34 - Alpha: 0.00271 - Steps: 3345110
Episode 8025 - Reward: 5911.91 - Alpha: 0.00247 - Steps: 3369549
Episode 8050 - Reward: 5876.37 - Alpha: 0.00250 - Steps: 3394157
Episode 8075 - Reward: 5892.28 - Alpha: 0.00284 - Steps: 3417984
Episode 8100 - Reward: 5872.50 - Alpha: 0.00298 - Steps: 3442715
Episode 8125 - Reward: 5881.24 - Alpha: 0.00234 - Steps: 3467512
Episode 8150 - Reward: 5898.98 - Alpha: 0.00257 - Steps: 3491151
Episode 8175 - Reward: 5899.35 - Alpha: 0.00232 - Steps: 3512929
Episode 8200 - Reward: 5800.81 - Alpha: 0.00389 - Steps: 3531772
Episode 8225 - Reward: 5922.42 - Alpha: 0.00338 - Steps: 3556772
Episode 8250 - Reward: 5829.28 - Alpha: 0.00355 - Steps: 3580839
Episode 8275 - Reward: 5764.79 - Alpha: 0.00396 - Steps: 3605426
Episode 8300 - Reward: 5869.63 - Alpha: 0.00403 - Steps: 3629299
Episode 8325 - Reward: 5914.83 - Alpha: 0.00411 - Steps: 3652695
Episode 8350 - Reward: 5903.46 - Alpha: 0.00442 - Steps: 3674076
Episode 8375 - Reward: 5194.94 - Alpha: 0.00577 - Steps: 3698077
Episode 8400 - Reward: 906.37 - Alpha: 0.00479 - Steps: 3721875
Episode 8425 - Reward: 4696.83 - Alpha: 0.00446 - Steps: 3745990
Episode 8450 - Reward: 5164.22 - Alpha: 0.00434 - Steps: 3769296
Episode 8475 - Reward: 1547.89 - Alpha: 0.00973 - Steps: 3790604
Episode 8500 - Reward: 5871.29 - Alpha: 0.00794 - Steps: 3815604
Episode 8525 - Reward: 5897.42 - Alpha: 0.00792 - Steps: 3839920
Episode 8550 - Reward: 5995.21 - Alpha: 0.00631 - Steps: 3864920
Episode 8575 - Reward: 6019.00 - Alpha: 0.00674 - Steps: 3889920
Episode 8600 - Reward: 5906.07 - Alpha: 0.00432 - Steps: 3913699
Episode 8625 - Reward: 5936.69 - Alpha: 0.00255 - Steps: 3938699
Episode 8650 - Reward: 5123.86 - Alpha: 0.00425 - Steps: 3963570
Episode 8675 - Reward: 5776.51 - Alpha: 0.00595 - Steps: 3983990
Episode 8700 - Reward: 5891.20 - Alpha: 0.00595 - Steps: 4008093
Episode 8725 - Reward: 5867.05 - Alpha: 0.00202 - Steps: 4032261
Episode 8750 - Reward: 5920.99 - Alpha: 0.00273 - Steps: 4054626
Episode 8775 - Reward: 5897.12 - Alpha: 0.00348 - Steps: 4076928
Episode 8800 - Reward: 5898.44 - Alpha: 0.00502 - Steps: 4101908
Episode 8825 - Reward: 5805.25 - Alpha: 0.00262 - Steps: 4126336
Episode 8850 - Reward: 5792.95 - Alpha: 0.00213 - Steps: 4151336
Episode 8875 - Reward: 741.07 - Alpha: 0.00233 - Steps: 4175479
Episode 8900 - Reward: 5798.60 - Alpha: 0.00222 - Steps: 4199985
Episode 8925 - Reward: 5765.64 - Alpha: 0.00242 - Steps: 4221247
Episode 8950 - Reward: 5710.14 - Alpha: 0.00361 - Steps: 4245853
Episode 8975 - Reward: 5542.80 - Alpha: 0.00311 - Steps: 4268616
Episode 9000 - Reward: 5789.58 - Alpha: 0.00319 - Steps: 4293616
Episode 9025 - Reward: 5813.80 - Alpha: 0.00863 - Steps: 4318518
Episode 9050 - Reward: 5878.03 - Alpha: 0.00754 - Steps: 4342274
Episode 9075 - Reward: 5814.65 - Alpha: 0.00459 - Steps: 4367274
Episode 9100 - Reward: 5884.30 - Alpha: 0.00503 - Steps: 4390781
Episode 9125 - Reward: 5867.08 - Alpha: 0.00416 - Steps: 4415781
Episode 9150 - Reward: 5908.51 - Alpha: 0.00296 - Steps: 4439761
Episode 9175 - Reward: 2791.02 - Alpha: 0.00259 - Steps: 4459805
Episode 9200 - Reward: 5695.04 - Alpha: 0.00318 - Steps: 4478820
Episode 9225 - Reward: 5999.62 - Alpha: 0.00494 - Steps: 4503280
Episode 9250 - Reward: 5841.54 - Alpha: 0.00426 - Steps: 4527742
Episode 9275 - Reward: 5920.27 - Alpha: 0.00776 - Steps: 4552742
Episode 9300 - Reward: 5924.83 - Alpha: 0.00352 - Steps: 4576874
Episode 9325 - Reward: 5840.27 - Alpha: 0.00374 - Steps: 4600399
Episode 9350 - Reward: 5944.26 - Alpha: 0.00483 - Steps: 4623869
Episode 9375 - Reward: 5905.90 - Alpha: 0.00789 - Steps: 4645271
Episode 9400 - Reward: 5837.04 - Alpha: 0.00385 - Steps: 4652861
Episode 9425 - Reward: 5858.85 - Alpha: 0.00997 - Steps: 4676885
Episode 9450 - Reward: 5754.52 - Alpha: 0.00728 - Steps: 4701196
Episode 9475 - Reward: 5822.77 - Alpha: 0.00637 - Steps: 4726196
Episode 9500 - Reward: 5765.94 - Alpha: 0.00890 - Steps: 4751196
Episode 9525 - Reward: 5880.56 - Alpha: 0.01040 - Steps: 4775301
Episode 9550 - Reward: 5870.30 - Alpha: 0.00935 - Steps: 4799594
Episode 9575 - Reward: 5903.46 - Alpha: 0.00565 - Steps: 4823715
Episode 9600 - Reward: 5992.15 - Alpha: 0.01068 - Steps: 4843504
Episode 9625 - Reward: 5708.07 - Alpha: 0.00692 - Steps: 4868504
Episode 9650 - Reward: 5785.82 - Alpha: 0.00371 - Steps: 4893456
Episode 9675 - Reward: 5740.30 - Alpha: 0.00988 - Steps: 4915906
Episode 9700 - Reward: 5675.62 - Alpha: 0.00501 - Steps: 4940763
Episode 9725 - Reward: 5908.76 - Alpha: 0.00619 - Steps: 4963885
Episode 9750 - Reward: 5793.01 - Alpha: 0.00811 - Steps: 4985647
Episode 9775 - Reward: 5750.51 - Alpha: 0.00740 - Steps: 5010206
Episode 9800 - Reward: 5729.41 - Alpha: 0.00580 - Steps: 5034796
Episode 9825 - Reward: 2069.73 - Alpha: 0.01586 - Steps: 5058876
Episode 9850 - Reward: 5561.19 - Alpha: 0.00902 - Steps: 5081853
Episode 9875 - Reward: 5767.71 - Alpha: 0.00756 - Steps: 5106805
Episode 9900 - Reward: 5677.22 - Alpha: 0.00628 - Steps: 5131430
Episode 9925 - Reward: 5618.33 - Alpha: 0.00483 - Steps: 5156430
Episode 9950 - Reward: 5795.71 - Alpha: 0.00677 - Steps: 5179291
Episode 9975 - Reward: 5525.08 - Alpha: 0.00973 - Steps: 5201415
Episode 10000 - Reward: 5788.59 - Alpha: 0.01021 - Steps: 5225923
Training time: 34h 9m 53s
Reward over 25 episodes: 5826.07 ± 31.52
Total Reward of Policy Evaluation: 3365.65
Loaded model with reward: 6034.10 and alpha: 0.00406
Loaded best agent checkpoint.
Total Reward of Policy Evaluation: 1027.87
